{"numTotalTestSuites":2,"numPassedTestSuites":2,"numFailedTestSuites":0,"numPendingTestSuites":0,"numTotalTests":4,"numPassedTests":4,"numFailedTests":0,"numPendingTests":0,"numTodoTests":0,"snapshot":{"added":0,"failure":false,"filesAdded":0,"filesRemoved":0,"filesRemovedList":[],"filesUnmatched":0,"filesUpdated":0,"matched":0,"total":0,"unchecked":0,"uncheckedKeysByFile":[],"unmatched":0,"updated":0,"didUpdate":false},"startTime":1789347116079,"success":true,"testResults":[{"assertionResults":[{"ancestorTitles":["G3P-04 native mysql suppression replay"],"fullName":"G3P-04 native mysql suppression replay g3p04-root-prerequisite-suppression-and-suffix","status":"passed","title":"g3p04-root-prerequisite-suppression-and-suffix","duration":49.84529199999997,"failureMessages":[],"meta":{}},{"ancestorTitles":["G3P-04 native mysql suppression replay"],"fullName":"G3P-04 native mysql suppression replay g3p04-junction-root-suppression-and-suffix","status":"passed","title":"g3p04-junction-root-suppression-and-suffix","duration":63.36066700000015,"failureMessages":[],"meta":{}},{"ancestorTitles":["G3P-04 native mysql suppression replay"],"fullName":"G3P-04 native mysql suppression replay g3p04-descendant-and-root-nonunique-fatal","status":"passed","title":"g3p04-descendant-and-root-nonunique-fatal","duration":33.98262499999987,"failureMessages":[],"meta":{}},{"ancestorTitles":["G3P-04 native mysql suppression replay"],"fullName":"G3P-04 native mysql suppression replay g3p04-standalone-savepoint-and-borrowed-refusal","status":"passed","title":"g3p04-standalone-savepoint-and-borrowed-refusal","duration":31.162874999999985,"failureMessages":[],"meta":{}}],"startTime":1789347117355,"endTime":1789347117533.1628,"status":"passed","message":"","name":"/private/tmp/viborm-cs00-candidate.V7lUlt/tests/raptor3/prep/native-suppression-replay.test.ts"}]}