{"numTotalTestSuites":14,"numPassedTestSuites":14,"numFailedTestSuites":0,"numPendingTestSuites":0,"numTotalTests":143,"numPassedTests":143,"numFailedTests":0,"numPendingTests":0,"numTodoTests":0,"snapshot":{"added":0,"failure":false,"filesAdded":0,"filesRemoved":0,"filesRemovedList":[],"filesUnmatched":0,"filesUpdated":0,"matched":0,"total":0,"unchecked":0,"uncheckedKeysByFile":[],"unmatched":0,"updated":0,"didUpdate":false},"startTime":1789555751072,"success":true,"testResults":[{"assertionResults":[{"ancestorTitles":["G1 C10 real rollback cleanup: sqlite-interactive"],"fullName":"G1 C10 real rollback cleanup: sqlite-interactive retains the actual write failure and ordered cleanup evidence","status":"passed","title":"retains the actual write failure and ordered cleanup evidence","duration":82.35279200000014,"failureMessages":[],"meta":{}},{"ancestorTitles":["G1 C10 real rollback cleanup: sqlite-atomic-batch"],"fullName":"G1 C10 real rollback cleanup: sqlite-atomic-batch retains the actual write failure and ordered cleanup evidence","status":"passed","title":"retains the actual write failure and ordered cleanup evidence","duration":44.386417000000165,"failureMessages":[],"meta":{}}],"startTime":1789555756042,"endTime":1789555756169.3865,"status":"passed","message":"","name":"/Users/arnaud/code/viborm/tests/raptor3/cleanup-failure.test.ts"},{"assertionResults":[{"ancestorTitles":["G1 expanded commands versus independently checked legacy","sqlite-interactive"],"fullName":"G1 expanded commands versus independently checked legacy sqlite-interactive g1-parent-fresh-create","status":"passed","title":"g1-parent-fresh-create","duration":8.464709000000767,"failureMessages":[],"meta":{}},{"ancestorTitles":["G1 expanded commands versus independently checked legacy","sqlite-interactive"],"fullName":"G1 expanded commands versus independently checked legacy sqlite-interactive g1-parent-selected-create","status":"passed","title":"g1-parent-selected-create","duration":5.3480829999998605,"failureMessages":[],"meta":{}},{"ancestorTitles":["G1 expanded commands versus independently checked legacy","sqlite-interactive"],"fullName":"G1 expanded commands versus independently checked legacy sqlite-interactive g1-parent-fresh-connect-foreign","status":"passed","title":"g1-parent-fresh-connect-foreign","duration":4.338708000000224,"failureMessages":[],"meta":{}},{"ancestorTitles":["G1 expanded commands versus independently checked legacy","sqlite-interactive"],"fullName":"G1 expanded commands versus independently checked legacy sqlite-interactive g1-parent-selected-connect-missing","status":"passed","title":"g1-parent-selected-connect-missing","duration":4.297040999999808,"failureMessages":[],"meta":{}},{"ancestorTitles":["G1 expanded commands versus independently checked legacy","sqlite-interactive"],"fullName":"G1 expanded commands versus independently checked legacy sqlite-interactive g1-parent-fresh-coc-missing","status":"passed","title":"g1-parent-fresh-coc-missing","duration":4.246124999999665,"failureMessages":[],"meta":{}},{"ancestorTitles":["G1 expanded commands versus independently checked legacy","sqlite-interactive"],"fullName":"G1 expanded commands versus independently checked legacy sqlite-interactive g1-parent-selected-coc-found-foreign","status":"passed","title":"g1-parent-selected-coc-found-foreign","duration":3.1687500000007276,"failureMessages":[],"meta":{}},{"ancestorTitles":["G1 expanded commands versus independently checked legacy","sqlite-interactive"],"fullName":"G1 expanded commands versus independently checked legacy sqlite-interactive g1-parent-selected-upsert-found","status":"passed","title":"g1-parent-selected-upsert-found","duration":3.3279169999996157,"failureMessages":[],"meta":{}},{"ancestorTitles":["G1 expanded commands versus independently checked legacy","sqlite-interactive"],"fullName":"G1 expanded commands versus independently checked legacy sqlite-interactive g1-parent-selected-upsert-missing","status":"passed","title":"g1-parent-selected-upsert-missing","duration":2.7406670000000304,"failureMessages":[],"meta":{}},{"ancestorTitles":["G1 expanded commands versus independently checked legacy","sqlite-interactive"],"fullName":"G1 expanded commands versus independently checked legacy sqlite-interactive g1-parent-fresh-upsert-refused","status":"passed","title":"g1-parent-fresh-upsert-refused","duration":1.2832500000004075,"failureMessages":[],"meta":{}},{"ancestorTitles":["G1 expanded commands versus independently checked legacy","sqlite-interactive"],"fullName":"G1 expanded commands versus independently checked legacy sqlite-interactive g1-child-fresh-create","status":"passed","title":"g1-child-fresh-create","duration":2.8248750000002474,"failureMessages":[],"meta":{}},{"ancestorTitles":["G1 expanded commands versus independently checked legacy","sqlite-interactive"],"fullName":"G1 expanded commands versus independently checked legacy sqlite-interactive g1-child-selected-create","status":"passed","title":"g1-child-selected-create","duration":3.5842920000004597,"failureMessages":[],"meta":{}},{"ancestorTitles":["G1 expanded commands versus independently checked legacy","sqlite-interactive"],"fullName":"G1 expanded commands versus independently checked legacy sqlite-interactive g1-child-fresh-connect-foreign","status":"passed","title":"g1-child-fresh-connect-foreign","duration":3.5260000000007494,"failureMessages":[],"meta":{}},{"ancestorTitles":["G1 expanded commands versus independently checked legacy","sqlite-interactive"],"fullName":"G1 expanded commands versus independently checked legacy sqlite-interactive g1-child-selected-connect-missing","status":"passed","title":"g1-child-selected-connect-missing","duration":8.399792000000161,"failureMessages":[],"meta":{}},{"ancestorTitles":["G1 expanded commands versus independently checked legacy","sqlite-interactive"],"fullName":"G1 expanded commands versus independently checked legacy sqlite-interactive g1-child-fresh-coc-missing","status":"passed","title":"g1-child-fresh-coc-missing","duration":3.1755000000002838,"failureMessages":[],"meta":{}},{"ancestorTitles":["G1 expanded commands versus independently checked legacy","sqlite-interactive"],"fullName":"G1 expanded commands versus independently checked legacy sqlite-interactive g1-child-selected-coc-found-foreign","status":"passed","title":"g1-child-selected-coc-found-foreign","duration":2.9747499999994034,"failureMessages":[],"meta":{}},{"ancestorTitles":["G1 expanded commands versus independently checked legacy","sqlite-interactive"],"fullName":"G1 expanded commands versus independently checked legacy sqlite-interactive g1-child-fresh-upsert-found-foreign","status":"passed","title":"g1-child-fresh-upsert-found-foreign","duration":3.287333000000217,"failureMessages":[],"meta":{}},{"ancestorTitles":["G1 expanded commands versus independently checked legacy","sqlite-interactive"],"fullName":"G1 expanded commands versus independently checked legacy sqlite-interactive g1-child-selected-upsert-missing","status":"passed","title":"g1-child-selected-upsert-missing","duration":3.60924999999952,"failureMessages":[],"meta":{}},{"ancestorTitles":["G1 expanded commands versus independently checked legacy","sqlite-interactive"],"fullName":"G1 expanded commands versus independently checked legacy sqlite-interactive g1-child-selected-upsert-foreign","status":"passed","title":"g1-child-selected-upsert-foreign","duration":2.8549590000002354,"failureMessages":[],"meta":{}},{"ancestorTitles":["G1 expanded commands versus independently checked legacy","sqlite-interactive"],"fullName":"G1 expanded commands versus independently checked legacy sqlite-interactive g1-junction-fresh-create","status":"passed","title":"g1-junction-fresh-create","duration":4.35308299999997,"failureMessages":[],"meta":{}},{"ancestorTitles":["G1 expanded commands versus independently checked legacy","sqlite-interactive"],"fullName":"G1 expanded commands versus independently checked legacy sqlite-interactive g1-junction-selected-create","status":"passed","title":"g1-junction-selected-create","duration":3.5347499999998035,"failureMessages":[],"meta":{}},{"ancestorTitles":["G1 expanded commands versus independently checked legacy","sqlite-interactive"],"fullName":"G1 expanded commands versus independently checked legacy sqlite-interactive g1-junction-fresh-connect-foreign","status":"passed","title":"g1-junction-fresh-connect-foreign","duration":3.6177910000005795,"failureMessages":[],"meta":{}},{"ancestorTitles":["G1 expanded commands versus independently checked legacy","sqlite-interactive"],"fullName":"G1 expanded commands versus independently checked legacy sqlite-interactive g1-junction-selected-connect-missing","status":"passed","title":"g1-junction-selected-connect-missing","duration":4.586624999999913,"failureMessages":[],"meta":{}},{"ancestorTitles":["G1 expanded commands versus independently checked legacy","sqlite-interactive"],"fullName":"G1 expanded commands versus independently checked legacy sqlite-interactive g1-junction-selected-connect-owned","status":"passed","title":"g1-junction-selected-connect-owned","duration":3.0387080000000424,"failureMessages":[],"meta":{}},{"ancestorTitles":["G1 expanded commands versus independently checked legacy","sqlite-interactive"],"fullName":"G1 expanded commands versus independently checked legacy sqlite-interactive g1-junction-fresh-coc-missing","status":"passed","title":"g1-junction-fresh-coc-missing","duration":2.6184999999995853,"failureMessages":[],"meta":{}},{"ancestorTitles":["G1 expanded commands versus independently checked legacy","sqlite-interactive"],"fullName":"G1 expanded commands versus independently checked legacy sqlite-interactive g1-junction-selected-coc-found-foreign","status":"passed","title":"g1-junction-selected-coc-found-foreign","duration":3.208042000000205,"failureMessages":[],"meta":{}},{"ancestorTitles":["G1 expanded commands versus independently checked legacy","sqlite-interactive"],"fullName":"G1 expanded commands versus independently checked legacy sqlite-interactive g1-junction-fresh-upsert-found-foreign","status":"passed","title":"g1-junction-fresh-upsert-found-foreign","duration":5.669958999999835,"failureMessages":[],"meta":{}},{"ancestorTitles":["G1 expanded commands versus independently checked legacy","sqlite-interactive"],"fullName":"G1 expanded commands versus independently checked legacy sqlite-interactive g1-junction-selected-upsert-missing","status":"passed","title":"g1-junction-selected-upsert-missing","duration":7.453415999999379,"failureMessages":[],"meta":{}},{"ancestorTitles":["G1 expanded commands versus independently checked legacy","sqlite-interactive"],"fullName":"G1 expanded commands versus independently checked legacy sqlite-interactive g1-junction-selected-upsert-foreign","status":"passed","title":"g1-junction-selected-upsert-foreign","duration":4.867291999999907,"failureMessages":[],"meta":{}},{"ancestorTitles":["G1 expanded commands versus independently checked legacy","sqlite-interactive"],"fullName":"G1 expanded commands versus independently checked legacy sqlite-interactive g1-selected-upsert-reparent","status":"passed","title":"g1-selected-upsert-reparent","duration":4.402250000000095,"failureMessages":[],"meta":{}},{"ancestorTitles":["G1 expanded commands versus independently checked legacy","sqlite-interactive"],"fullName":"G1 expanded commands versus independently checked legacy sqlite-interactive g1-selected-upsert-explicit-fk-conflict","status":"passed","title":"g1-selected-upsert-explicit-fk-conflict","duration":2.257832999999664,"failureMessages":[],"meta":{}},{"ancestorTitles":["G1 expanded commands versus independently checked legacy","sqlite-interactive"],"fullName":"G1 expanded commands versus independently checked legacy sqlite-interactive g1-compound-agree-partial","status":"passed","title":"g1-compound-agree-partial","duration":11.385709000000134,"failureMessages":[],"meta":{}},{"ancestorTitles":["G1 expanded commands versus independently checked legacy","sqlite-interactive"],"fullName":"G1 expanded commands versus independently checked legacy sqlite-interactive g1-compound-agree-complete","status":"passed","title":"g1-compound-agree-complete","duration":2.9282499999999345,"failureMessages":[],"meta":{}},{"ancestorTitles":["G1 expanded commands versus independently checked legacy","sqlite-interactive"],"fullName":"G1 expanded commands versus independently checked legacy sqlite-interactive g1-compound-conflict","status":"passed","title":"g1-compound-conflict","duration":3.246874999999818,"failureMessages":[],"meta":{}},{"ancestorTitles":["G1 expanded commands versus independently checked legacy","sqlite-interactive"],"fullName":"G1 expanded commands versus independently checked legacy sqlite-interactive g1-compound-null","status":"passed","title":"g1-compound-null","duration":1.6881670000002487,"failureMessages":[],"meta":{}},{"ancestorTitles":["G1 expanded commands versus independently checked legacy","sqlite-interactive"],"fullName":"G1 expanded commands versus independently checked legacy sqlite-interactive g1-compound-selected-owned-key","status":"passed","title":"g1-compound-selected-owned-key","duration":1.1309170000004087,"failureMessages":[],"meta":{}},{"ancestorTitles":["G1 expanded commands versus independently checked legacy","sqlite-interactive"],"fullName":"G1 expanded commands versus independently checked legacy sqlite-interactive g1-compound-create-owned-key","status":"passed","title":"g1-compound-create-owned-key","duration":0.7402499999998327,"failureMessages":[],"meta":{}},{"ancestorTitles":["G1 expanded commands versus independently checked legacy","sqlite-interactive"],"fullName":"G1 expanded commands versus independently checked legacy sqlite-interactive g1-compound-generated-parent","status":"passed","title":"g1-compound-generated-parent","duration":1.79595800000061,"failureMessages":[],"meta":{}},{"ancestorTitles":["G1 expanded commands versus independently checked legacy","sqlite-interactive"],"fullName":"G1 expanded commands versus independently checked legacy sqlite-interactive g1-compound-unknown-component","status":"passed","title":"g1-compound-unknown-component","duration":1.1237080000000788,"failureMessages":[],"meta":{}},{"ancestorTitles":["G1 expanded commands versus independently checked legacy","sqlite-interactive"],"fullName":"G1 expanded commands versus independently checked legacy sqlite-interactive g1-read-unique-found","status":"passed","title":"g1-read-unique-found","duration":2.9440410000006523,"failureMessages":[],"meta":{}},{"ancestorTitles":["G1 expanded commands versus independently checked legacy","sqlite-interactive"],"fullName":"G1 expanded commands versus independently checked legacy sqlite-interactive g1-read-unique-missing","status":"passed","title":"g1-read-unique-missing","duration":1.1747919999997976,"failureMessages":[],"meta":{}},{"ancestorTitles":["G1 expanded commands versus independently checked legacy","sqlite-interactive"],"fullName":"G1 expanded commands versus independently checked legacy sqlite-interactive g1-read-null-empty","status":"passed","title":"g1-read-null-empty","duration":0.9364160000004631,"failureMessages":[],"meta":{}},{"ancestorTitles":["G1 expanded commands versus independently checked legacy","sqlite-atomic-batch"],"fullName":"G1 expanded commands versus independently checked legacy sqlite-atomic-batch g1-parent-fresh-create","status":"passed","title":"g1-parent-fresh-create","duration":2.6594999999997526,"failureMessages":[],"meta":{}},{"ancestorTitles":["G1 expanded commands versus independently checked legacy","sqlite-atomic-batch"],"fullName":"G1 expanded commands versus independently checked legacy sqlite-atomic-batch g1-parent-selected-create","status":"passed","title":"g1-parent-selected-create","duration":3.3658329999998386,"failureMessages":[],"meta":{}},{"ancestorTitles":["G1 expanded commands versus independently checked legacy","sqlite-atomic-batch"],"fullName":"G1 expanded commands versus independently checked legacy sqlite-atomic-batch g1-parent-fresh-connect-foreign","status":"passed","title":"g1-parent-fresh-connect-foreign","duration":1.8446249999997235,"failureMessages":[],"meta":{}},{"ancestorTitles":["G1 expanded commands versus independently checked legacy","sqlite-atomic-batch"],"fullName":"G1 expanded commands versus independently checked legacy sqlite-atomic-batch g1-parent-selected-connect-missing","status":"passed","title":"g1-parent-selected-connect-missing","duration":1.8811249999998836,"failureMessages":[],"meta":{}},{"ancestorTitles":["G1 expanded commands versus independently checked legacy","sqlite-atomic-batch"],"fullName":"G1 expanded commands versus independently checked legacy sqlite-atomic-batch g1-parent-fresh-coc-missing","status":"passed","title":"g1-parent-fresh-coc-missing","duration":2.434707999999773,"failureMessages":[],"meta":{}},{"ancestorTitles":["G1 expanded commands versus independently checked legacy","sqlite-atomic-batch"],"fullName":"G1 expanded commands versus independently checked legacy sqlite-atomic-batch g1-parent-selected-coc-found-foreign","status":"passed","title":"g1-parent-selected-coc-found-foreign","duration":4.160082999999759,"failureMessages":[],"meta":{}},{"ancestorTitles":["G1 expanded commands versus independently checked legacy","sqlite-atomic-batch"],"fullName":"G1 expanded commands versus independently checked legacy sqlite-atomic-batch g1-parent-selected-upsert-found","status":"passed","title":"g1-parent-selected-upsert-found","duration":6.903374999999869,"failureMessages":[],"meta":{}},{"ancestorTitles":["G1 expanded commands versus independently checked legacy","sqlite-atomic-batch"],"fullName":"G1 expanded commands versus independently checked legacy sqlite-atomic-batch g1-parent-selected-upsert-missing","status":"passed","title":"g1-parent-selected-upsert-missing","duration":5.336041999999907,"failureMessages":[],"meta":{}},{"ancestorTitles":["G1 expanded commands versus independently checked legacy","sqlite-atomic-batch"],"fullName":"G1 expanded commands versus independently checked legacy sqlite-atomic-batch g1-parent-fresh-upsert-refused","status":"passed","title":"g1-parent-fresh-upsert-refused","duration":1.392917000000125,"failureMessages":[],"meta":{}},{"ancestorTitles":["G1 expanded commands versus independently checked legacy","sqlite-atomic-batch"],"fullName":"G1 expanded commands versus independently checked legacy sqlite-atomic-batch g1-child-fresh-create","status":"passed","title":"g1-child-fresh-create","duration":5.494874999999411,"failureMessages":[],"meta":{}},{"ancestorTitles":["G1 expanded commands versus independently checked legacy","sqlite-atomic-batch"],"fullName":"G1 expanded commands versus independently checked legacy sqlite-atomic-batch g1-child-selected-create","status":"passed","title":"g1-child-selected-create","duration":10.781833999999435,"failureMessages":[],"meta":{}},{"ancestorTitles":["G1 expanded commands versus independently checked legacy","sqlite-atomic-batch"],"fullName":"G1 expanded commands versus independently checked legacy sqlite-atomic-batch g1-child-fresh-connect-foreign","status":"passed","title":"g1-child-fresh-connect-foreign","duration":3.0854580000004717,"failureMessages":[],"meta":{}},{"ancestorTitles":["G1 expanded commands versus independently checked legacy","sqlite-atomic-batch"],"fullName":"G1 expanded commands versus independently checked legacy sqlite-atomic-batch g1-child-selected-connect-missing","status":"passed","title":"g1-child-selected-connect-missing","duration":3.346625000000131,"failureMessages":[],"meta":{}},{"ancestorTitles":["G1 expanded commands versus independently checked legacy","sqlite-atomic-batch"],"fullName":"G1 expanded commands versus independently checked legacy sqlite-atomic-batch g1-child-fresh-coc-missing","status":"passed","title":"g1-child-fresh-coc-missing","duration":2.783249999999498,"failureMessages":[],"meta":{}},{"ancestorTitles":["G1 expanded commands versus independently checked legacy","sqlite-atomic-batch"],"fullName":"G1 expanded commands versus independently checked legacy sqlite-atomic-batch g1-child-selected-coc-found-foreign","status":"passed","title":"g1-child-selected-coc-found-foreign","duration":5.467624999999316,"failureMessages":[],"meta":{}},{"ancestorTitles":["G1 expanded commands versus independently checked legacy","sqlite-atomic-batch"],"fullName":"G1 expanded commands versus independently checked legacy sqlite-atomic-batch g1-child-fresh-upsert-found-foreign","status":"passed","title":"g1-child-fresh-upsert-found-foreign","duration":2.6327080000000933,"failureMessages":[],"meta":{}},{"ancestorTitles":["G1 expanded commands versus independently checked legacy","sqlite-atomic-batch"],"fullName":"G1 expanded commands versus independently checked legacy sqlite-atomic-batch g1-child-selected-upsert-missing","status":"passed","title":"g1-child-selected-upsert-missing","duration":3.310250000000451,"failureMessages":[],"meta":{}},{"ancestorTitles":["G1 expanded commands versus independently checked legacy","sqlite-atomic-batch"],"fullName":"G1 expanded commands versus independently checked legacy sqlite-atomic-batch g1-child-selected-upsert-foreign","status":"passed","title":"g1-child-selected-upsert-foreign","duration":2.4410420000003796,"failureMessages":[],"meta":{}},{"ancestorTitles":["G1 expanded commands versus independently checked legacy","sqlite-atomic-batch"],"fullName":"G1 expanded commands versus independently checked legacy sqlite-atomic-batch g1-junction-fresh-create","status":"passed","title":"g1-junction-fresh-create","duration":2.5223750000004657,"failureMessages":[],"meta":{}},{"ancestorTitles":["G1 expanded commands versus independently checked legacy","sqlite-atomic-batch"],"fullName":"G1 expanded commands versus independently checked legacy sqlite-atomic-batch g1-junction-selected-create","status":"passed","title":"g1-junction-selected-create","duration":7.105624999999236,"failureMessages":[],"meta":{}},{"ancestorTitles":["G1 expanded commands versus independently checked legacy","sqlite-atomic-batch"],"fullName":"G1 expanded commands versus independently checked legacy sqlite-atomic-batch g1-junction-fresh-connect-foreign","status":"passed","title":"g1-junction-fresh-connect-foreign","duration":4.725625000000036,"failureMessages":[],"meta":{}},{"ancestorTitles":["G1 expanded commands versus independently checked legacy","sqlite-atomic-batch"],"fullName":"G1 expanded commands versus independently checked legacy sqlite-atomic-batch g1-junction-selected-connect-missing","status":"passed","title":"g1-junction-selected-connect-missing","duration":7.622207999999773,"failureMessages":[],"meta":{}},{"ancestorTitles":["G1 expanded commands versus independently checked legacy","sqlite-atomic-batch"],"fullName":"G1 expanded commands versus independently checked legacy sqlite-atomic-batch g1-junction-selected-connect-owned","status":"passed","title":"g1-junction-selected-connect-owned","duration":3.8334169999998267,"failureMessages":[],"meta":{}},{"ancestorTitles":["G1 expanded commands versus independently checked legacy","sqlite-atomic-batch"],"fullName":"G1 expanded commands versus independently checked legacy sqlite-atomic-batch g1-junction-fresh-coc-missing","status":"passed","title":"g1-junction-fresh-coc-missing","duration":4.211665999999241,"failureMessages":[],"meta":{}},{"ancestorTitles":["G1 expanded commands versus independently checked legacy","sqlite-atomic-batch"],"fullName":"G1 expanded commands versus independently checked legacy sqlite-atomic-batch g1-junction-selected-coc-found-foreign","status":"passed","title":"g1-junction-selected-coc-found-foreign","duration":2.5202079999999114,"failureMessages":[],"meta":{}},{"ancestorTitles":["G1 expanded commands versus independently checked legacy","sqlite-atomic-batch"],"fullName":"G1 expanded commands versus independently checked legacy sqlite-atomic-batch g1-junction-fresh-upsert-found-foreign","status":"passed","title":"g1-junction-fresh-upsert-found-foreign","duration":5.7198749999997744,"failureMessages":[],"meta":{}},{"ancestorTitles":["G1 expanded commands versus independently checked legacy","sqlite-atomic-batch"],"fullName":"G1 expanded commands versus independently checked legacy sqlite-atomic-batch g1-junction-selected-upsert-missing","status":"passed","title":"g1-junction-selected-upsert-missing","duration":3.726665999999568,"failureMessages":[],"meta":{}},{"ancestorTitles":["G1 expanded commands versus independently checked legacy","sqlite-atomic-batch"],"fullName":"G1 expanded commands versus independently checked legacy sqlite-atomic-batch g1-junction-selected-upsert-foreign","status":"passed","title":"g1-junction-selected-upsert-foreign","duration":6.336167000000387,"failureMessages":[],"meta":{}},{"ancestorTitles":["G1 expanded commands versus independently checked legacy","sqlite-atomic-batch"],"fullName":"G1 expanded commands versus independently checked legacy sqlite-atomic-batch g1-selected-upsert-reparent","status":"passed","title":"g1-selected-upsert-reparent","duration":7.863499999999476,"failureMessages":[],"meta":{}},{"ancestorTitles":["G1 expanded commands versus independently checked legacy","sqlite-atomic-batch"],"fullName":"G1 expanded commands versus independently checked legacy sqlite-atomic-batch g1-selected-upsert-explicit-fk-conflict","status":"passed","title":"g1-selected-upsert-explicit-fk-conflict","duration":2.416874999999891,"failureMessages":[],"meta":{}},{"ancestorTitles":["G1 expanded commands versus independently checked legacy","sqlite-atomic-batch"],"fullName":"G1 expanded commands versus independently checked legacy sqlite-atomic-batch g1-compound-agree-partial","status":"passed","title":"g1-compound-agree-partial","duration":8.088708000000224,"failureMessages":[],"meta":{}},{"ancestorTitles":["G1 expanded commands versus independently checked legacy","sqlite-atomic-batch"],"fullName":"G1 expanded commands versus independently checked legacy sqlite-atomic-batch g1-compound-agree-complete","status":"passed","title":"g1-compound-agree-complete","duration":11.668958999999631,"failureMessages":[],"meta":{}},{"ancestorTitles":["G1 expanded commands versus independently checked legacy","sqlite-atomic-batch"],"fullName":"G1 expanded commands versus independently checked legacy sqlite-atomic-batch g1-compound-conflict","status":"passed","title":"g1-compound-conflict","duration":1.8312079999996058,"failureMessages":[],"meta":{}},{"ancestorTitles":["G1 expanded commands versus independently checked legacy","sqlite-atomic-batch"],"fullName":"G1 expanded commands versus independently checked legacy sqlite-atomic-batch g1-compound-null","status":"passed","title":"g1-compound-null","duration":1.250625000000582,"failureMessages":[],"meta":{}},{"ancestorTitles":["G1 expanded commands versus independently checked legacy","sqlite-atomic-batch"],"fullName":"G1 expanded commands versus independently checked legacy sqlite-atomic-batch g1-compound-selected-owned-key","status":"passed","title":"g1-compound-selected-owned-key","duration":0.8863339999998061,"failureMessages":[],"meta":{}},{"ancestorTitles":["G1 expanded commands versus independently checked legacy","sqlite-atomic-batch"],"fullName":"G1 expanded commands versus independently checked legacy sqlite-atomic-batch g1-compound-create-owned-key","status":"passed","title":"g1-compound-create-owned-key","duration":0.6715000000003783,"failureMessages":[],"meta":{}},{"ancestorTitles":["G1 expanded commands versus independently checked legacy","sqlite-atomic-batch"],"fullName":"G1 expanded commands versus independently checked legacy sqlite-atomic-batch g1-compound-generated-parent","status":"passed","title":"g1-compound-generated-parent","duration":1.257249999999658,"failureMessages":[],"meta":{}},{"ancestorTitles":["G1 expanded commands versus independently checked legacy","sqlite-atomic-batch"],"fullName":"G1 expanded commands versus independently checked legacy sqlite-atomic-batch g1-compound-unknown-component","status":"passed","title":"g1-compound-unknown-component","duration":7.676916000000347,"failureMessages":[],"meta":{}},{"ancestorTitles":["G1 expanded commands versus independently checked legacy","sqlite-atomic-batch"],"fullName":"G1 expanded commands versus independently checked legacy sqlite-atomic-batch g1-read-unique-found","status":"passed","title":"g1-read-unique-found","duration":7.379791999999725,"failureMessages":[],"meta":{}},{"ancestorTitles":["G1 expanded commands versus independently checked legacy","sqlite-atomic-batch"],"fullName":"G1 expanded commands versus independently checked legacy sqlite-atomic-batch g1-read-unique-missing","status":"passed","title":"g1-read-unique-missing","duration":1.0354589999997188,"failureMessages":[],"meta":{}},{"ancestorTitles":["G1 expanded commands versus independently checked legacy","sqlite-atomic-batch"],"fullName":"G1 expanded commands versus independently checked legacy sqlite-atomic-batch g1-read-null-empty","status":"passed","title":"g1-read-null-empty","duration":0.8792080000002898,"failureMessages":[],"meta":{}}],"startTime":1789555756700,"endTime":1789555757020.8792,"status":"passed","message":"","name":"/Users/arnaud/code/viborm/tests/raptor3/expanded/commands.test.ts"},{"assertionResults":[{"ancestorTitles":[],"fullName":"the compound agreement fixture rejects NULL then repair","status":"passed","title":"the compound agreement fixture rejects NULL then repair","duration":1.0822499999994761,"failureMessages":[],"meta":{}}],"startTime":1789555756525,"endTime":1789555756526.0823,"status":"passed","message":"","name":"/Users/arnaud/code/viborm/tests/raptor3/expanded/compound-falsifier.test.ts"},{"assertionResults":[{"ancestorTitles":["G1 legality and engine lifetimes: commands sqlite-interactive"],"fullName":"G1 legality and engine lifetimes: commands sqlite-interactive g1-upsert-illegal-update-selected","status":"passed","title":"g1-upsert-illegal-update-selected","duration":10.058207999999922,"failureMessages":[],"meta":{}},{"ancestorTitles":["G1 legality and engine lifetimes: commands sqlite-interactive"],"fullName":"G1 legality and engine lifetimes: commands sqlite-interactive g1-upsert-illegal-update-untaken","status":"passed","title":"g1-upsert-illegal-update-untaken","duration":3.7195419999998194,"failureMessages":[],"meta":{}},{"ancestorTitles":["G1 legality and engine lifetimes: commands sqlite-interactive"],"fullName":"G1 legality and engine lifetimes: commands sqlite-interactive g1-upsert-invalid-create-untaken","status":"passed","title":"g1-upsert-invalid-create-untaken","duration":1.0900000000001455,"failureMessages":[],"meta":{}},{"ancestorTitles":["G1 legality and engine lifetimes: commands sqlite-interactive"],"fullName":"G1 legality and engine lifetimes: commands sqlite-interactive g1-upsert-invalid-update-untaken","status":"passed","title":"g1-upsert-invalid-update-untaken","duration":0.9951659999996991,"failureMessages":[],"meta":{}},{"ancestorTitles":["G1 legality and engine lifetimes: commands sqlite-interactive"],"fullName":"G1 legality and engine lifetimes: commands sqlite-interactive g1-upsert-invalid-nested-update-untaken","status":"passed","title":"g1-upsert-invalid-nested-update-untaken","duration":1.7189170000001468,"failureMessages":[],"meta":{}},{"ancestorTitles":["G1 legality and engine lifetimes: commands sqlite-interactive"],"fullName":"G1 legality and engine lifetimes: commands sqlite-interactive g1-upsert-nested-admission-publication","status":"passed","title":"g1-upsert-nested-admission-publication","duration":14.45816700000023,"failureMessages":[],"meta":{}},{"ancestorTitles":["G1 legality and engine lifetimes: commands sqlite-interactive"],"fullName":"G1 legality and engine lifetimes: commands sqlite-interactive g1-reuse-after-rollback","status":"passed","title":"g1-reuse-after-rollback","duration":7.426375000000007,"failureMessages":[],"meta":{}},{"ancestorTitles":["G1 legality and engine lifetimes: commands sqlite-interactive"],"fullName":"G1 legality and engine lifetimes: commands sqlite-interactive g1-concurrent-queued-creates","status":"passed","title":"g1-concurrent-queued-creates","duration":4.3886249999995925,"failureMessages":[],"meta":{}},{"ancestorTitles":["G1 legality and engine lifetimes: commands sqlite-atomic-batch"],"fullName":"G1 legality and engine lifetimes: commands sqlite-atomic-batch g1-upsert-illegal-update-selected","status":"passed","title":"g1-upsert-illegal-update-selected","duration":2.1779999999998836,"failureMessages":[],"meta":{}},{"ancestorTitles":["G1 legality and engine lifetimes: commands sqlite-atomic-batch"],"fullName":"G1 legality and engine lifetimes: commands sqlite-atomic-batch g1-upsert-illegal-update-untaken","status":"passed","title":"g1-upsert-illegal-update-untaken","duration":2.151082999999744,"failureMessages":[],"meta":{}},{"ancestorTitles":["G1 legality and engine lifetimes: commands sqlite-atomic-batch"],"fullName":"G1 legality and engine lifetimes: commands sqlite-atomic-batch g1-upsert-invalid-create-untaken","status":"passed","title":"g1-upsert-invalid-create-untaken","duration":0.7339170000004742,"failureMessages":[],"meta":{}},{"ancestorTitles":["G1 legality and engine lifetimes: commands sqlite-atomic-batch"],"fullName":"G1 legality and engine lifetimes: commands sqlite-atomic-batch g1-upsert-invalid-update-untaken","status":"passed","title":"g1-upsert-invalid-update-untaken","duration":0.9895830000004935,"failureMessages":[],"meta":{}},{"ancestorTitles":["G1 legality and engine lifetimes: commands sqlite-atomic-batch"],"fullName":"G1 legality and engine lifetimes: commands sqlite-atomic-batch g1-upsert-invalid-nested-update-untaken","status":"passed","title":"g1-upsert-invalid-nested-update-untaken","duration":1.0396249999994325,"failureMessages":[],"meta":{}},{"ancestorTitles":["G1 legality and engine lifetimes: commands sqlite-atomic-batch"],"fullName":"G1 legality and engine lifetimes: commands sqlite-atomic-batch g1-upsert-nested-admission-publication","status":"passed","title":"g1-upsert-nested-admission-publication","duration":18.582666000000245,"failureMessages":[],"meta":{}},{"ancestorTitles":["G1 legality and engine lifetimes: commands sqlite-atomic-batch"],"fullName":"G1 legality and engine lifetimes: commands sqlite-atomic-batch g1-reuse-after-rollback","status":"passed","title":"g1-reuse-after-rollback","duration":6.458042000000205,"failureMessages":[],"meta":{}},{"ancestorTitles":["G1 legality and engine lifetimes: commands sqlite-atomic-batch"],"fullName":"G1 legality and engine lifetimes: commands sqlite-atomic-batch g1-concurrent-queued-creates","status":"passed","title":"g1-concurrent-queued-creates","duration":3.3305829999999332,"failureMessages":[],"meta":{}}],"startTime":1789555756306,"endTime":1789555756386.3306,"status":"passed","message":"","name":"/Users/arnaud/code/viborm/tests/raptor3/expanded/lifetime-commands.test.ts"},{"assertionResults":[{"ancestorTitles":["G1 variants and identity: commands sqlite-interactive"],"fullName":"G1 variants and identity: commands sqlite-interactive g1-variant-row-create","status":"passed","title":"g1-variant-row-create","duration":9.238792000000103,"failureMessages":[],"meta":{}},{"ancestorTitles":["G1 variants and identity: commands sqlite-interactive"],"fullName":"G1 variants and identity: commands sqlite-interactive g1-variant-row-connect","status":"passed","title":"g1-variant-row-connect","duration":5.058332999999948,"failureMessages":[],"meta":{}},{"ancestorTitles":["G1 variants and identity: commands sqlite-interactive"],"fullName":"G1 variants and identity: commands sqlite-interactive g1-variant-row-coc-found","status":"passed","title":"g1-variant-row-coc-found","duration":5.256791000000703,"failureMessages":[],"meta":{}},{"ancestorTitles":["G1 variants and identity: commands sqlite-interactive"],"fullName":"G1 variants and identity: commands sqlite-interactive g1-variant-row-coc-missing","status":"passed","title":"g1-variant-row-coc-missing","duration":3.064582999999402,"failureMessages":[],"meta":{}},{"ancestorTitles":["G1 variants and identity: commands sqlite-interactive"],"fullName":"G1 variants and identity: commands sqlite-interactive g1-variant-row-upsert-found","status":"passed","title":"g1-variant-row-upsert-found","duration":7.893041999999696,"failureMessages":[],"meta":{}},{"ancestorTitles":["G1 variants and identity: commands sqlite-interactive"],"fullName":"G1 variants and identity: commands sqlite-interactive g1-variant-row-upsert-missing","status":"passed","title":"g1-variant-row-upsert-missing","duration":7.076375000000553,"failureMessages":[],"meta":{}},{"ancestorTitles":["G1 variants and identity: commands sqlite-interactive"],"fullName":"G1 variants and identity: commands sqlite-interactive g1-variant-inverse-generated","status":"passed","title":"g1-variant-inverse-generated","duration":3.4512500000000728,"failureMessages":[],"meta":{}},{"ancestorTitles":["G1 variants and identity: commands sqlite-interactive"],"fullName":"G1 variants and identity: commands sqlite-interactive g1-variant-inverse-upsert-foreign","status":"passed","title":"g1-variant-inverse-upsert-foreign","duration":5.480624999999236,"failureMessages":[],"meta":{}},{"ancestorTitles":["G1 variants and identity: commands sqlite-interactive"],"fullName":"G1 variants and identity: commands sqlite-interactive g1-variant-junction-mixed-create-connect","status":"passed","title":"g1-variant-junction-mixed-create-connect","duration":6.542124999999942,"failureMessages":[],"meta":{}},{"ancestorTitles":["G1 variants and identity: commands sqlite-interactive"],"fullName":"G1 variants and identity: commands sqlite-interactive g1-variant-junction-coc-mixed","status":"passed","title":"g1-variant-junction-coc-mixed","duration":3.4535419999992882,"failureMessages":[],"meta":{}},{"ancestorTitles":["G1 variants and identity: commands sqlite-interactive"],"fullName":"G1 variants and identity: commands sqlite-interactive g1-variant-junction-upsert-found","status":"passed","title":"g1-variant-junction-upsert-found","duration":4.20641599999999,"failureMessages":[],"meta":{}},{"ancestorTitles":["G1 variants and identity: commands sqlite-interactive"],"fullName":"G1 variants and identity: commands sqlite-interactive g1-variant-junction-upsert-foreign-create","status":"passed","title":"g1-variant-junction-upsert-foreign-create","duration":2.943000000000211,"failureMessages":[],"meta":{}},{"ancestorTitles":["G1 variants and identity: commands sqlite-interactive"],"fullName":"G1 variants and identity: commands sqlite-interactive g1-variant-junction-upsert-missing","status":"passed","title":"g1-variant-junction-upsert-missing","duration":4.473250000000007,"failureMessages":[],"meta":{}},{"ancestorTitles":["G1 variants and identity: commands sqlite-interactive"],"fullName":"G1 variants and identity: commands sqlite-interactive g1-variant-junction-connect-owned","status":"passed","title":"g1-variant-junction-connect-owned","duration":2.9489169999997102,"failureMessages":[],"meta":{}},{"ancestorTitles":["G1 variants and identity: commands sqlite-interactive"],"fullName":"G1 variants and identity: commands sqlite-interactive g1-compound-unique-filter-found","status":"passed","title":"g1-compound-unique-filter-found","duration":1.6182920000001104,"failureMessages":[],"meta":{}},{"ancestorTitles":["G1 variants and identity: commands sqlite-interactive"],"fullName":"G1 variants and identity: commands sqlite-interactive g1-compound-unique-filter-missing","status":"passed","title":"g1-compound-unique-filter-missing","duration":0.8649999999997817,"failureMessages":[],"meta":{}},{"ancestorTitles":["G1 variants and identity: commands sqlite-interactive"],"fullName":"G1 variants and identity: commands sqlite-interactive g1-upsert-filter-created-identity","status":"passed","title":"g1-upsert-filter-created-identity","duration":2.776249999999891,"failureMessages":[],"meta":{}},{"ancestorTitles":["G1 variants and identity: commands sqlite-interactive"],"fullName":"G1 variants and identity: commands sqlite-interactive g1-upsert-filter-unique-conflict","status":"passed","title":"g1-upsert-filter-unique-conflict","duration":2.645041000000674,"failureMessages":[],"meta":{}},{"ancestorTitles":["G1 variants and identity: commands sqlite-interactive"],"fullName":"G1 variants and identity: commands sqlite-interactive g1-update-filter-missing-parent-source","status":"passed","title":"g1-update-filter-missing-parent-source","duration":2.132416999999805,"failureMessages":[],"meta":{}},{"ancestorTitles":["G1 variants and identity: commands sqlite-interactive"],"fullName":"G1 variants and identity: commands sqlite-interactive g1-literal-rebind-independent-arithmetic","status":"passed","title":"g1-literal-rebind-independent-arithmetic","duration":2.2371249999996508,"failureMessages":[],"meta":{}},{"ancestorTitles":["G1 variants and identity: commands sqlite-interactive"],"fullName":"G1 variants and identity: commands sqlite-interactive g1-captured-decimal-key-handoff","status":"passed","title":"g1-captured-decimal-key-handoff","duration":6.494082999999591,"failureMessages":[],"meta":{}},{"ancestorTitles":["G1 variants and identity: commands sqlite-atomic-batch"],"fullName":"G1 variants and identity: commands sqlite-atomic-batch g1-variant-row-create","status":"passed","title":"g1-variant-row-create","duration":4.039541000000099,"failureMessages":[],"meta":{}},{"ancestorTitles":["G1 variants and identity: commands sqlite-atomic-batch"],"fullName":"G1 variants and identity: commands sqlite-atomic-batch g1-variant-row-connect","status":"passed","title":"g1-variant-row-connect","duration":3.996208000000479,"failureMessages":[],"meta":{}},{"ancestorTitles":["G1 variants and identity: commands sqlite-atomic-batch"],"fullName":"G1 variants and identity: commands sqlite-atomic-batch g1-variant-row-coc-found","status":"passed","title":"g1-variant-row-coc-found","duration":4.6024170000000595,"failureMessages":[],"meta":{}},{"ancestorTitles":["G1 variants and identity: commands sqlite-atomic-batch"],"fullName":"G1 variants and identity: commands sqlite-atomic-batch g1-variant-row-coc-missing","status":"passed","title":"g1-variant-row-coc-missing","duration":3.0635000000002037,"failureMessages":[],"meta":{}},{"ancestorTitles":["G1 variants and identity: commands sqlite-atomic-batch"],"fullName":"G1 variants and identity: commands sqlite-atomic-batch g1-variant-row-upsert-found","status":"passed","title":"g1-variant-row-upsert-found","duration":3.3621250000005602,"failureMessages":[],"meta":{}},{"ancestorTitles":["G1 variants and identity: commands sqlite-atomic-batch"],"fullName":"G1 variants and identity: commands sqlite-atomic-batch g1-variant-row-upsert-missing","status":"passed","title":"g1-variant-row-upsert-missing","duration":3.4388749999998254,"failureMessages":[],"meta":{}},{"ancestorTitles":["G1 variants and identity: commands sqlite-atomic-batch"],"fullName":"G1 variants and identity: commands sqlite-atomic-batch g1-variant-inverse-generated","status":"passed","title":"g1-variant-inverse-generated","duration":2.078625000000102,"failureMessages":[],"meta":{}},{"ancestorTitles":["G1 variants and identity: commands sqlite-atomic-batch"],"fullName":"G1 variants and identity: commands sqlite-atomic-batch g1-variant-inverse-upsert-foreign","status":"passed","title":"g1-variant-inverse-upsert-foreign","duration":2.6345420000006925,"failureMessages":[],"meta":{}},{"ancestorTitles":["G1 variants and identity: commands sqlite-atomic-batch"],"fullName":"G1 variants and identity: commands sqlite-atomic-batch g1-variant-junction-mixed-create-connect","status":"passed","title":"g1-variant-junction-mixed-create-connect","duration":3.7232080000003407,"failureMessages":[],"meta":{}},{"ancestorTitles":["G1 variants and identity: commands sqlite-atomic-batch"],"fullName":"G1 variants and identity: commands sqlite-atomic-batch g1-variant-junction-coc-mixed","status":"passed","title":"g1-variant-junction-coc-mixed","duration":6.366582999999991,"failureMessages":[],"meta":{}},{"ancestorTitles":["G1 variants and identity: commands sqlite-atomic-batch"],"fullName":"G1 variants and identity: commands sqlite-atomic-batch g1-variant-junction-upsert-found","status":"passed","title":"g1-variant-junction-upsert-found","duration":3.7675420000005033,"failureMessages":[],"meta":{}},{"ancestorTitles":["G1 variants and identity: commands sqlite-atomic-batch"],"fullName":"G1 variants and identity: commands sqlite-atomic-batch g1-variant-junction-upsert-foreign-create","status":"passed","title":"g1-variant-junction-upsert-foreign-create","duration":2.7626250000002983,"failureMessages":[],"meta":{}},{"ancestorTitles":["G1 variants and identity: commands sqlite-atomic-batch"],"fullName":"G1 variants and identity: commands sqlite-atomic-batch g1-variant-junction-upsert-missing","status":"passed","title":"g1-variant-junction-upsert-missing","duration":9.292958999999428,"failureMessages":[],"meta":{}},{"ancestorTitles":["G1 variants and identity: commands sqlite-atomic-batch"],"fullName":"G1 variants and identity: commands sqlite-atomic-batch g1-variant-junction-connect-owned","status":"passed","title":"g1-variant-junction-connect-owned","duration":3.228624999999738,"failureMessages":[],"meta":{}},{"ancestorTitles":["G1 variants and identity: commands sqlite-atomic-batch"],"fullName":"G1 variants and identity: commands sqlite-atomic-batch g1-compound-unique-filter-found","status":"passed","title":"g1-compound-unique-filter-found","duration":1.503125000000182,"failureMessages":[],"meta":{}},{"ancestorTitles":["G1 variants and identity: commands sqlite-atomic-batch"],"fullName":"G1 variants and identity: commands sqlite-atomic-batch g1-compound-unique-filter-missing","status":"passed","title":"g1-compound-unique-filter-missing","duration":0.8813749999999345,"failureMessages":[],"meta":{}},{"ancestorTitles":["G1 variants and identity: commands sqlite-atomic-batch"],"fullName":"G1 variants and identity: commands sqlite-atomic-batch g1-upsert-filter-created-identity","status":"passed","title":"g1-upsert-filter-created-identity","duration":1.2481670000006488,"failureMessages":[],"meta":{}},{"ancestorTitles":["G1 variants and identity: commands sqlite-atomic-batch"],"fullName":"G1 variants and identity: commands sqlite-atomic-batch g1-upsert-filter-unique-conflict","status":"passed","title":"g1-upsert-filter-unique-conflict","duration":3.8209999999999127,"failureMessages":[],"meta":{}},{"ancestorTitles":["G1 variants and identity: commands sqlite-atomic-batch"],"fullName":"G1 variants and identity: commands sqlite-atomic-batch g1-update-filter-missing-parent-source","status":"passed","title":"g1-update-filter-missing-parent-source","duration":2.5554170000004888,"failureMessages":[],"meta":{}},{"ancestorTitles":["G1 variants and identity: commands sqlite-atomic-batch"],"fullName":"G1 variants and identity: commands sqlite-atomic-batch g1-literal-rebind-independent-arithmetic","status":"passed","title":"g1-literal-rebind-independent-arithmetic","duration":4.385000000000218,"failureMessages":[],"meta":{}},{"ancestorTitles":["G1 variants and identity: commands sqlite-atomic-batch"],"fullName":"G1 variants and identity: commands sqlite-atomic-batch g1-captured-decimal-key-handoff","status":"passed","title":"g1-captured-decimal-key-handoff","duration":2.2782090000000608,"failureMessages":[],"meta":{}}],"startTime":1789555757280,"endTime":1789555757443.2783,"status":"passed","message":"","name":"/Users/arnaud/code/viborm/tests/raptor3/expanded/variant-identity-commands.test.ts"}]}