{"numTotalTestSuites":2,"numPassedTestSuites":2,"numFailedTestSuites":0,"numPendingTestSuites":0,"numTotalTests":5,"numPassedTests":5,"numFailedTests":0,"numPendingTests":0,"numTodoTests":0,"snapshot":{"added":0,"failure":false,"filesAdded":0,"filesRemoved":0,"filesRemovedList":[],"filesUnmatched":0,"filesUpdated":0,"matched":0,"total":0,"unchecked":0,"uncheckedKeysByFile":[],"unmatched":0,"updated":0,"didUpdate":false},"startTime":1789578712288,"success":true,"testResults":[{"assertionResults":[{"ancestorTitles":["G3P-03 native pg set preparation"],"fullName":"G3P-03 native pg set preparation g3p03-scalar-array-commit","status":"passed","title":"g3p03-scalar-array-commit","duration":36.1450420000001,"failureMessages":[],"meta":{}},{"ancestorTitles":["G3P-03 native pg set preparation"],"fullName":"G3P-03 native pg set preparation g3p03-scalar-array-failure-rolls-back","status":"passed","title":"g3p03-scalar-array-failure-rolls-back","duration":22.867999999999938,"failureMessages":[],"meta":{}},{"ancestorTitles":["G3P-03 native pg set preparation"],"fullName":"G3P-03 native pg set preparation g3p03-relation-update-many-array-order","status":"passed","title":"g3p03-relation-update-many-array-order","duration":38.388582999999926,"failureMessages":[],"meta":{}},{"ancestorTitles":["G3P-03 native pg set preparation"],"fullName":"G3P-03 native pg set preparation g3p03-compound-scalar-mutation-limits","status":"passed","title":"g3p03-compound-scalar-mutation-limits","duration":14.673416999999972,"failureMessages":[],"meta":{}},{"ancestorTitles":["G3P-03 native pg set preparation"],"fullName":"G3P-03 native pg set preparation g3p03-zero-mutation-limits-run-no-statements","status":"passed","title":"g3p03-zero-mutation-limits-run-no-statements","duration":10.8220409999999,"failureMessages":[],"meta":{}}],"startTime":1789578716410,"endTime":1789578716532.822,"status":"passed","message":"","name":"/Users/arnaud/code/viborm/tests/raptor3/prep/native-set-preparation.test.ts"}]}