{"numTotalTestSuites":14,"numPassedTestSuites":14,"numFailedTestSuites":0,"numPendingTestSuites":0,"numTotalTests":143,"numPassedTests":143,"numFailedTests":0,"numPendingTests":0,"numTodoTests":0,"snapshot":{"added":0,"failure":false,"filesAdded":0,"filesRemoved":0,"filesRemovedList":[],"filesUnmatched":0,"filesUpdated":0,"matched":0,"total":0,"unchecked":0,"uncheckedKeysByFile":[],"unmatched":0,"updated":0,"didUpdate":false},"startTime":1789675818834,"success":true,"testResults":[{"assertionResults":[{"ancestorTitles":["G1 C10 real rollback cleanup: sqlite-interactive"],"fullName":"G1 C10 real rollback cleanup: sqlite-interactive retains the actual write failure and ordered cleanup evidence","status":"passed","title":"retains the actual write failure and ordered cleanup evidence","duration":52.16887500000007,"failureMessages":[],"meta":{}},{"ancestorTitles":["G1 C10 real rollback cleanup: sqlite-atomic-batch"],"fullName":"G1 C10 real rollback cleanup: sqlite-atomic-batch retains the actual write failure and ordered cleanup evidence","status":"passed","title":"retains the actual write failure and ordered cleanup evidence","duration":37.71379200000001,"failureMessages":[],"meta":{}}],"startTime":1789675820184,"endTime":1789675820273.7139,"status":"passed","message":"","name":"/private/tmp/viborm-rulings/tests/raptor3/cleanup-failure.test.ts"},{"assertionResults":[{"ancestorTitles":["G1 expanded commands versus independently checked legacy","sqlite-interactive"],"fullName":"G1 expanded commands versus independently checked legacy sqlite-interactive g1-parent-fresh-create","status":"passed","title":"g1-parent-fresh-create","duration":4.742167000000109,"failureMessages":[],"meta":{}},{"ancestorTitles":["G1 expanded commands versus independently checked legacy","sqlite-interactive"],"fullName":"G1 expanded commands versus independently checked legacy sqlite-interactive g1-parent-selected-create","status":"passed","title":"g1-parent-selected-create","duration":2.1292909999999665,"failureMessages":[],"meta":{}},{"ancestorTitles":["G1 expanded commands versus independently checked legacy","sqlite-interactive"],"fullName":"G1 expanded commands versus independently checked legacy sqlite-interactive g1-parent-fresh-connect-foreign","status":"passed","title":"g1-parent-fresh-connect-foreign","duration":1.4237920000000486,"failureMessages":[],"meta":{}},{"ancestorTitles":["G1 expanded commands versus independently checked legacy","sqlite-interactive"],"fullName":"G1 expanded commands versus independently checked legacy sqlite-interactive g1-parent-selected-connect-missing","status":"passed","title":"g1-parent-selected-connect-missing","duration":1.5840840000000753,"failureMessages":[],"meta":{}},{"ancestorTitles":["G1 expanded commands versus independently checked legacy","sqlite-interactive"],"fullName":"G1 expanded commands versus independently checked legacy sqlite-interactive g1-parent-fresh-coc-missing","status":"passed","title":"g1-parent-fresh-coc-missing","duration":2.0490830000001097,"failureMessages":[],"meta":{}},{"ancestorTitles":["G1 expanded commands versus independently checked legacy","sqlite-interactive"],"fullName":"G1 expanded commands versus independently checked legacy sqlite-interactive g1-parent-selected-coc-found-foreign","status":"passed","title":"g1-parent-selected-coc-found-foreign","duration":1.6366250000000946,"failureMessages":[],"meta":{}},{"ancestorTitles":["G1 expanded commands versus independently checked legacy","sqlite-interactive"],"fullName":"G1 expanded commands versus independently checked legacy sqlite-interactive g1-parent-selected-upsert-found","status":"passed","title":"g1-parent-selected-upsert-found","duration":1.6137499999999818,"failureMessages":[],"meta":{}},{"ancestorTitles":["G1 expanded commands versus independently checked legacy","sqlite-interactive"],"fullName":"G1 expanded commands versus independently checked legacy sqlite-interactive g1-parent-selected-upsert-missing","status":"passed","title":"g1-parent-selected-upsert-missing","duration":1.7917079999999714,"failureMessages":[],"meta":{}},{"ancestorTitles":["G1 expanded commands versus independently checked legacy","sqlite-interactive"],"fullName":"G1 expanded commands versus independently checked legacy sqlite-interactive g1-parent-fresh-upsert-refused","status":"passed","title":"g1-parent-fresh-upsert-refused","duration":0.9460409999999229,"failureMessages":[],"meta":{}},{"ancestorTitles":["G1 expanded commands versus independently checked legacy","sqlite-interactive"],"fullName":"G1 expanded commands versus independently checked legacy sqlite-interactive g1-child-fresh-create","status":"passed","title":"g1-child-fresh-create","duration":1.3487089999998716,"failureMessages":[],"meta":{}},{"ancestorTitles":["G1 expanded commands versus independently checked legacy","sqlite-interactive"],"fullName":"G1 expanded commands versus independently checked legacy sqlite-interactive g1-child-selected-create","status":"passed","title":"g1-child-selected-create","duration":2.1790829999999914,"failureMessages":[],"meta":{}},{"ancestorTitles":["G1 expanded commands versus independently checked legacy","sqlite-interactive"],"fullName":"G1 expanded commands versus independently checked legacy sqlite-interactive g1-child-fresh-connect-foreign","status":"passed","title":"g1-child-fresh-connect-foreign","duration":1.449542000000065,"failureMessages":[],"meta":{}},{"ancestorTitles":["G1 expanded commands versus independently checked legacy","sqlite-interactive"],"fullName":"G1 expanded commands versus independently checked legacy sqlite-interactive g1-child-selected-connect-missing","status":"passed","title":"g1-child-selected-connect-missing","duration":1.574542000000065,"failureMessages":[],"meta":{}},{"ancestorTitles":["G1 expanded commands versus independently checked legacy","sqlite-interactive"],"fullName":"G1 expanded commands versus independently checked legacy sqlite-interactive g1-child-fresh-coc-missing","status":"passed","title":"g1-child-fresh-coc-missing","duration":1.3352500000000873,"failureMessages":[],"meta":{}},{"ancestorTitles":["G1 expanded commands versus independently checked legacy","sqlite-interactive"],"fullName":"G1 expanded commands versus independently checked legacy sqlite-interactive g1-child-selected-coc-found-foreign","status":"passed","title":"g1-child-selected-coc-found-foreign","duration":1.6457919999998012,"failureMessages":[],"meta":{}},{"ancestorTitles":["G1 expanded commands versus independently checked legacy","sqlite-interactive"],"fullName":"G1 expanded commands versus independently checked legacy sqlite-interactive g1-child-fresh-upsert-found-foreign","status":"passed","title":"g1-child-fresh-upsert-found-foreign","duration":1.3666249999998854,"failureMessages":[],"meta":{}},{"ancestorTitles":["G1 expanded commands versus independently checked legacy","sqlite-interactive"],"fullName":"G1 expanded commands versus independently checked legacy sqlite-interactive g1-child-selected-upsert-missing","status":"passed","title":"g1-child-selected-upsert-missing","duration":2.2583750000001146,"failureMessages":[],"meta":{}},{"ancestorTitles":["G1 expanded commands versus independently checked legacy","sqlite-interactive"],"fullName":"G1 expanded commands versus independently checked legacy sqlite-interactive g1-child-selected-upsert-foreign","status":"passed","title":"g1-child-selected-upsert-foreign","duration":2.9769169999999576,"failureMessages":[],"meta":{}},{"ancestorTitles":["G1 expanded commands versus independently checked legacy","sqlite-interactive"],"fullName":"G1 expanded commands versus independently checked legacy sqlite-interactive g1-junction-fresh-create","status":"passed","title":"g1-junction-fresh-create","duration":1.8712080000000242,"failureMessages":[],"meta":{}},{"ancestorTitles":["G1 expanded commands versus independently checked legacy","sqlite-interactive"],"fullName":"G1 expanded commands versus independently checked legacy sqlite-interactive g1-junction-selected-create","status":"passed","title":"g1-junction-selected-create","duration":1.6005840000000262,"failureMessages":[],"meta":{}},{"ancestorTitles":["G1 expanded commands versus independently checked legacy","sqlite-interactive"],"fullName":"G1 expanded commands versus independently checked legacy sqlite-interactive g1-junction-fresh-connect-foreign","status":"passed","title":"g1-junction-fresh-connect-foreign","duration":1.3005829999999605,"failureMessages":[],"meta":{}},{"ancestorTitles":["G1 expanded commands versus independently checked legacy","sqlite-interactive"],"fullName":"G1 expanded commands versus independently checked legacy sqlite-interactive g1-junction-selected-connect-missing","status":"passed","title":"g1-junction-selected-connect-missing","duration":1.5782910000000356,"failureMessages":[],"meta":{}},{"ancestorTitles":["G1 expanded commands versus independently checked legacy","sqlite-interactive"],"fullName":"G1 expanded commands versus independently checked legacy sqlite-interactive g1-junction-selected-connect-owned","status":"passed","title":"g1-junction-selected-connect-owned","duration":1.8047079999998914,"failureMessages":[],"meta":{}},{"ancestorTitles":["G1 expanded commands versus independently checked legacy","sqlite-interactive"],"fullName":"G1 expanded commands versus independently checked legacy sqlite-interactive g1-junction-fresh-coc-missing","status":"passed","title":"g1-junction-fresh-coc-missing","duration":1.373290999999881,"failureMessages":[],"meta":{}},{"ancestorTitles":["G1 expanded commands versus independently checked legacy","sqlite-interactive"],"fullName":"G1 expanded commands versus independently checked legacy sqlite-interactive g1-junction-selected-coc-found-foreign","status":"passed","title":"g1-junction-selected-coc-found-foreign","duration":2.5693750000000364,"failureMessages":[],"meta":{}},{"ancestorTitles":["G1 expanded commands versus independently checked legacy","sqlite-interactive"],"fullName":"G1 expanded commands versus independently checked legacy sqlite-interactive g1-junction-fresh-upsert-found-foreign","status":"passed","title":"g1-junction-fresh-upsert-found-foreign","duration":1.7324170000001686,"failureMessages":[],"meta":{}},{"ancestorTitles":["G1 expanded commands versus independently checked legacy","sqlite-interactive"],"fullName":"G1 expanded commands versus independently checked legacy sqlite-interactive g1-junction-selected-upsert-missing","status":"passed","title":"g1-junction-selected-upsert-missing","duration":1.8075000000001182,"failureMessages":[],"meta":{}},{"ancestorTitles":["G1 expanded commands versus independently checked legacy","sqlite-interactive"],"fullName":"G1 expanded commands versus independently checked legacy sqlite-interactive g1-junction-selected-upsert-foreign","status":"passed","title":"g1-junction-selected-upsert-foreign","duration":1.9127910000001975,"failureMessages":[],"meta":{}},{"ancestorTitles":["G1 expanded commands versus independently checked legacy","sqlite-interactive"],"fullName":"G1 expanded commands versus independently checked legacy sqlite-interactive g1-selected-upsert-reparent","status":"passed","title":"g1-selected-upsert-reparent","duration":1.9434999999998581,"failureMessages":[],"meta":{}},{"ancestorTitles":["G1 expanded commands versus independently checked legacy","sqlite-interactive"],"fullName":"G1 expanded commands versus independently checked legacy sqlite-interactive g1-selected-upsert-explicit-fk-conflict","status":"passed","title":"g1-selected-upsert-explicit-fk-conflict","duration":1.2779170000001159,"failureMessages":[],"meta":{}},{"ancestorTitles":["G1 expanded commands versus independently checked legacy","sqlite-interactive"],"fullName":"G1 expanded commands versus independently checked legacy sqlite-interactive g1-compound-agree-partial","status":"passed","title":"g1-compound-agree-partial","duration":1.6917499999999563,"failureMessages":[],"meta":{}},{"ancestorTitles":["G1 expanded commands versus independently checked legacy","sqlite-interactive"],"fullName":"G1 expanded commands versus independently checked legacy sqlite-interactive g1-compound-agree-complete","status":"passed","title":"g1-compound-agree-complete","duration":1.4367910000000848,"failureMessages":[],"meta":{}},{"ancestorTitles":["G1 expanded commands versus independently checked legacy","sqlite-interactive"],"fullName":"G1 expanded commands versus independently checked legacy sqlite-interactive g1-compound-conflict","status":"passed","title":"g1-compound-conflict","duration":1.3780420000000504,"failureMessages":[],"meta":{}},{"ancestorTitles":["G1 expanded commands versus independently checked legacy","sqlite-interactive"],"fullName":"G1 expanded commands versus independently checked legacy sqlite-interactive g1-compound-null","status":"passed","title":"g1-compound-null","duration":1.1472920000001068,"failureMessages":[],"meta":{}},{"ancestorTitles":["G1 expanded commands versus independently checked legacy","sqlite-interactive"],"fullName":"G1 expanded commands versus independently checked legacy sqlite-interactive g1-compound-selected-owned-key","status":"passed","title":"g1-compound-selected-owned-key","duration":0.883916999999883,"failureMessages":[],"meta":{}},{"ancestorTitles":["G1 expanded commands versus independently checked legacy","sqlite-interactive"],"fullName":"G1 expanded commands versus independently checked legacy sqlite-interactive g1-compound-create-owned-key","status":"passed","title":"g1-compound-create-owned-key","duration":0.6349579999998696,"failureMessages":[],"meta":{}},{"ancestorTitles":["G1 expanded commands versus independently checked legacy","sqlite-interactive"],"fullName":"G1 expanded commands versus independently checked legacy sqlite-interactive g1-compound-generated-parent","status":"passed","title":"g1-compound-generated-parent","duration":1.400957999999946,"failureMessages":[],"meta":{}},{"ancestorTitles":["G1 expanded commands versus independently checked legacy","sqlite-interactive"],"fullName":"G1 expanded commands versus independently checked legacy sqlite-interactive g1-compound-unknown-component","status":"passed","title":"g1-compound-unknown-component","duration":0.8499170000000049,"failureMessages":[],"meta":{}},{"ancestorTitles":["G1 expanded commands versus independently checked legacy","sqlite-interactive"],"fullName":"G1 expanded commands versus independently checked legacy sqlite-interactive g1-read-unique-found","status":"passed","title":"g1-read-unique-found","duration":1.351709000000028,"failureMessages":[],"meta":{}},{"ancestorTitles":["G1 expanded commands versus independently checked legacy","sqlite-interactive"],"fullName":"G1 expanded commands versus independently checked legacy sqlite-interactive g1-read-unique-missing","status":"passed","title":"g1-read-unique-missing","duration":4.66820800000005,"failureMessages":[],"meta":{}},{"ancestorTitles":["G1 expanded commands versus independently checked legacy","sqlite-interactive"],"fullName":"G1 expanded commands versus independently checked legacy sqlite-interactive g1-read-null-empty","status":"passed","title":"g1-read-null-empty","duration":1.0169579999999314,"failureMessages":[],"meta":{}},{"ancestorTitles":["G1 expanded commands versus independently checked legacy","sqlite-atomic-batch"],"fullName":"G1 expanded commands versus independently checked legacy sqlite-atomic-batch g1-parent-fresh-create","status":"passed","title":"g1-parent-fresh-create","duration":1.6356670000000122,"failureMessages":[],"meta":{}},{"ancestorTitles":["G1 expanded commands versus independently checked legacy","sqlite-atomic-batch"],"fullName":"G1 expanded commands versus independently checked legacy sqlite-atomic-batch g1-parent-selected-create","status":"passed","title":"g1-parent-selected-create","duration":2.318125000000009,"failureMessages":[],"meta":{}},{"ancestorTitles":["G1 expanded commands versus independently checked legacy","sqlite-atomic-batch"],"fullName":"G1 expanded commands versus independently checked legacy sqlite-atomic-batch g1-parent-fresh-connect-foreign","status":"passed","title":"g1-parent-fresh-connect-foreign","duration":1.1908339999999953,"failureMessages":[],"meta":{}},{"ancestorTitles":["G1 expanded commands versus independently checked legacy","sqlite-atomic-batch"],"fullName":"G1 expanded commands versus independently checked legacy sqlite-atomic-batch g1-parent-selected-connect-missing","status":"passed","title":"g1-parent-selected-connect-missing","duration":1.9360420000000431,"failureMessages":[],"meta":{}},{"ancestorTitles":["G1 expanded commands versus independently checked legacy","sqlite-atomic-batch"],"fullName":"G1 expanded commands versus independently checked legacy sqlite-atomic-batch g1-parent-fresh-coc-missing","status":"passed","title":"g1-parent-fresh-coc-missing","duration":1.8876660000000811,"failureMessages":[],"meta":{}},{"ancestorTitles":["G1 expanded commands versus independently checked legacy","sqlite-atomic-batch"],"fullName":"G1 expanded commands versus independently checked legacy sqlite-atomic-batch g1-parent-selected-coc-found-foreign","status":"passed","title":"g1-parent-selected-coc-found-foreign","duration":2.383624999999938,"failureMessages":[],"meta":{}},{"ancestorTitles":["G1 expanded commands versus independently checked legacy","sqlite-atomic-batch"],"fullName":"G1 expanded commands versus independently checked legacy sqlite-atomic-batch g1-parent-selected-upsert-found","status":"passed","title":"g1-parent-selected-upsert-found","duration":2.297749999999951,"failureMessages":[],"meta":{}},{"ancestorTitles":["G1 expanded commands versus independently checked legacy","sqlite-atomic-batch"],"fullName":"G1 expanded commands versus independently checked legacy sqlite-atomic-batch g1-parent-selected-upsert-missing","status":"passed","title":"g1-parent-selected-upsert-missing","duration":2.097582999999986,"failureMessages":[],"meta":{}},{"ancestorTitles":["G1 expanded commands versus independently checked legacy","sqlite-atomic-batch"],"fullName":"G1 expanded commands versus independently checked legacy sqlite-atomic-batch g1-parent-fresh-upsert-refused","status":"passed","title":"g1-parent-fresh-upsert-refused","duration":0.9167919999999867,"failureMessages":[],"meta":{}},{"ancestorTitles":["G1 expanded commands versus independently checked legacy","sqlite-atomic-batch"],"fullName":"G1 expanded commands versus independently checked legacy sqlite-atomic-batch g1-child-fresh-create","status":"passed","title":"g1-child-fresh-create","duration":1.072832999999946,"failureMessages":[],"meta":{}},{"ancestorTitles":["G1 expanded commands versus independently checked legacy","sqlite-atomic-batch"],"fullName":"G1 expanded commands versus independently checked legacy sqlite-atomic-batch g1-child-selected-create","status":"passed","title":"g1-child-selected-create","duration":1.5172500000001037,"failureMessages":[],"meta":{}},{"ancestorTitles":["G1 expanded commands versus independently checked legacy","sqlite-atomic-batch"],"fullName":"G1 expanded commands versus independently checked legacy sqlite-atomic-batch g1-child-fresh-connect-foreign","status":"passed","title":"g1-child-fresh-connect-foreign","duration":1.5078340000000026,"failureMessages":[],"meta":{}},{"ancestorTitles":["G1 expanded commands versus independently checked legacy","sqlite-atomic-batch"],"fullName":"G1 expanded commands versus independently checked legacy sqlite-atomic-batch g1-child-selected-connect-missing","status":"passed","title":"g1-child-selected-connect-missing","duration":1.3560829999998987,"failureMessages":[],"meta":{}},{"ancestorTitles":["G1 expanded commands versus independently checked legacy","sqlite-atomic-batch"],"fullName":"G1 expanded commands versus independently checked legacy sqlite-atomic-batch g1-child-fresh-coc-missing","status":"passed","title":"g1-child-fresh-coc-missing","duration":1.9338330000000497,"failureMessages":[],"meta":{}},{"ancestorTitles":["G1 expanded commands versus independently checked legacy","sqlite-atomic-batch"],"fullName":"G1 expanded commands versus independently checked legacy sqlite-atomic-batch g1-child-selected-coc-found-foreign","status":"passed","title":"g1-child-selected-coc-found-foreign","duration":2.2300829999999223,"failureMessages":[],"meta":{}},{"ancestorTitles":["G1 expanded commands versus independently checked legacy","sqlite-atomic-batch"],"fullName":"G1 expanded commands versus independently checked legacy sqlite-atomic-batch g1-child-fresh-upsert-found-foreign","status":"passed","title":"g1-child-fresh-upsert-found-foreign","duration":1.6480830000000424,"failureMessages":[],"meta":{}},{"ancestorTitles":["G1 expanded commands versus independently checked legacy","sqlite-atomic-batch"],"fullName":"G1 expanded commands versus independently checked legacy sqlite-atomic-batch g1-child-selected-upsert-missing","status":"passed","title":"g1-child-selected-upsert-missing","duration":1.5939169999999194,"failureMessages":[],"meta":{}},{"ancestorTitles":["G1 expanded commands versus independently checked legacy","sqlite-atomic-batch"],"fullName":"G1 expanded commands versus independently checked legacy sqlite-atomic-batch g1-child-selected-upsert-foreign","status":"passed","title":"g1-child-selected-upsert-foreign","duration":1.6312500000001364,"failureMessages":[],"meta":{}},{"ancestorTitles":["G1 expanded commands versus independently checked legacy","sqlite-atomic-batch"],"fullName":"G1 expanded commands versus independently checked legacy sqlite-atomic-batch g1-junction-fresh-create","status":"passed","title":"g1-junction-fresh-create","duration":1.3273750000000746,"failureMessages":[],"meta":{}},{"ancestorTitles":["G1 expanded commands versus independently checked legacy","sqlite-atomic-batch"],"fullName":"G1 expanded commands versus independently checked legacy sqlite-atomic-batch g1-junction-selected-create","status":"passed","title":"g1-junction-selected-create","duration":2.8232920000000377,"failureMessages":[],"meta":{}},{"ancestorTitles":["G1 expanded commands versus independently checked legacy","sqlite-atomic-batch"],"fullName":"G1 expanded commands versus independently checked legacy sqlite-atomic-batch g1-junction-fresh-connect-foreign","status":"passed","title":"g1-junction-fresh-connect-foreign","duration":1.5072079999999914,"failureMessages":[],"meta":{}},{"ancestorTitles":["G1 expanded commands versus independently checked legacy","sqlite-atomic-batch"],"fullName":"G1 expanded commands versus independently checked legacy sqlite-atomic-batch g1-junction-selected-connect-missing","status":"passed","title":"g1-junction-selected-connect-missing","duration":1.3877919999999904,"failureMessages":[],"meta":{}},{"ancestorTitles":["G1 expanded commands versus independently checked legacy","sqlite-atomic-batch"],"fullName":"G1 expanded commands versus independently checked legacy sqlite-atomic-batch g1-junction-selected-connect-owned","status":"passed","title":"g1-junction-selected-connect-owned","duration":1.752375000000029,"failureMessages":[],"meta":{}},{"ancestorTitles":["G1 expanded commands versus independently checked legacy","sqlite-atomic-batch"],"fullName":"G1 expanded commands versus independently checked legacy sqlite-atomic-batch g1-junction-fresh-coc-missing","status":"passed","title":"g1-junction-fresh-coc-missing","duration":1.3995840000000044,"failureMessages":[],"meta":{}},{"ancestorTitles":["G1 expanded commands versus independently checked legacy","sqlite-atomic-batch"],"fullName":"G1 expanded commands versus independently checked legacy sqlite-atomic-batch g1-junction-selected-coc-found-foreign","status":"passed","title":"g1-junction-selected-coc-found-foreign","duration":1.7845420000001013,"failureMessages":[],"meta":{}},{"ancestorTitles":["G1 expanded commands versus independently checked legacy","sqlite-atomic-batch"],"fullName":"G1 expanded commands versus independently checked legacy sqlite-atomic-batch g1-junction-fresh-upsert-found-foreign","status":"passed","title":"g1-junction-fresh-upsert-found-foreign","duration":2.3772500000000036,"failureMessages":[],"meta":{}},{"ancestorTitles":["G1 expanded commands versus independently checked legacy","sqlite-atomic-batch"],"fullName":"G1 expanded commands versus independently checked legacy sqlite-atomic-batch g1-junction-selected-upsert-missing","status":"passed","title":"g1-junction-selected-upsert-missing","duration":2.1187499999998636,"failureMessages":[],"meta":{}},{"ancestorTitles":["G1 expanded commands versus independently checked legacy","sqlite-atomic-batch"],"fullName":"G1 expanded commands versus independently checked legacy sqlite-atomic-batch g1-junction-selected-upsert-foreign","status":"passed","title":"g1-junction-selected-upsert-foreign","duration":1.7495830000000296,"failureMessages":[],"meta":{}},{"ancestorTitles":["G1 expanded commands versus independently checked legacy","sqlite-atomic-batch"],"fullName":"G1 expanded commands versus independently checked legacy sqlite-atomic-batch g1-selected-upsert-reparent","status":"passed","title":"g1-selected-upsert-reparent","duration":2.063084000000117,"failureMessages":[],"meta":{}},{"ancestorTitles":["G1 expanded commands versus independently checked legacy","sqlite-atomic-batch"],"fullName":"G1 expanded commands versus independently checked legacy sqlite-atomic-batch g1-selected-upsert-explicit-fk-conflict","status":"passed","title":"g1-selected-upsert-explicit-fk-conflict","duration":0.9837499999998727,"failureMessages":[],"meta":{}},{"ancestorTitles":["G1 expanded commands versus independently checked legacy","sqlite-atomic-batch"],"fullName":"G1 expanded commands versus independently checked legacy sqlite-atomic-batch g1-compound-agree-partial","status":"passed","title":"g1-compound-agree-partial","duration":1.353166999999985,"failureMessages":[],"meta":{}},{"ancestorTitles":["G1 expanded commands versus independently checked legacy","sqlite-atomic-batch"],"fullName":"G1 expanded commands versus independently checked legacy sqlite-atomic-batch g1-compound-agree-complete","status":"passed","title":"g1-compound-agree-complete","duration":1.207208000000037,"failureMessages":[],"meta":{}},{"ancestorTitles":["G1 expanded commands versus independently checked legacy","sqlite-atomic-batch"],"fullName":"G1 expanded commands versus independently checked legacy sqlite-atomic-batch g1-compound-conflict","status":"passed","title":"g1-compound-conflict","duration":0.9923330000001442,"failureMessages":[],"meta":{}},{"ancestorTitles":["G1 expanded commands versus independently checked legacy","sqlite-atomic-batch"],"fullName":"G1 expanded commands versus independently checked legacy sqlite-atomic-batch g1-compound-null","status":"passed","title":"g1-compound-null","duration":0.95962499999996,"failureMessages":[],"meta":{}},{"ancestorTitles":["G1 expanded commands versus independently checked legacy","sqlite-atomic-batch"],"fullName":"G1 expanded commands versus independently checked legacy sqlite-atomic-batch g1-compound-selected-owned-key","status":"passed","title":"g1-compound-selected-owned-key","duration":0.7331249999999727,"failureMessages":[],"meta":{}},{"ancestorTitles":["G1 expanded commands versus independently checked legacy","sqlite-atomic-batch"],"fullName":"G1 expanded commands versus independently checked legacy sqlite-atomic-batch g1-compound-create-owned-key","status":"passed","title":"g1-compound-create-owned-key","duration":7.454250000000002,"failureMessages":[],"meta":{}},{"ancestorTitles":["G1 expanded commands versus independently checked legacy","sqlite-atomic-batch"],"fullName":"G1 expanded commands versus independently checked legacy sqlite-atomic-batch g1-compound-generated-parent","status":"passed","title":"g1-compound-generated-parent","duration":1.3207079999999678,"failureMessages":[],"meta":{}},{"ancestorTitles":["G1 expanded commands versus independently checked legacy","sqlite-atomic-batch"],"fullName":"G1 expanded commands versus independently checked legacy sqlite-atomic-batch g1-compound-unknown-component","status":"passed","title":"g1-compound-unknown-component","duration":0.6655840000000808,"failureMessages":[],"meta":{}},{"ancestorTitles":["G1 expanded commands versus independently checked legacy","sqlite-atomic-batch"],"fullName":"G1 expanded commands versus independently checked legacy sqlite-atomic-batch g1-read-unique-found","status":"passed","title":"g1-read-unique-found","duration":0.8119580000000042,"failureMessages":[],"meta":{}},{"ancestorTitles":["G1 expanded commands versus independently checked legacy","sqlite-atomic-batch"],"fullName":"G1 expanded commands versus independently checked legacy sqlite-atomic-batch g1-read-unique-missing","status":"passed","title":"g1-read-unique-missing","duration":0.7379589999998188,"failureMessages":[],"meta":{}},{"ancestorTitles":["G1 expanded commands versus independently checked legacy","sqlite-atomic-batch"],"fullName":"G1 expanded commands versus independently checked legacy sqlite-atomic-batch g1-read-null-empty","status":"passed","title":"g1-read-null-empty","duration":0.6792500000001382,"failureMessages":[],"meta":{}}],"startTime":1789675820517,"endTime":1789675820657.738,"status":"passed","message":"","name":"/private/tmp/viborm-rulings/tests/raptor3/expanded/commands.test.ts"},{"assertionResults":[{"ancestorTitles":[],"fullName":"the compound agreement fixture rejects NULL then repair","status":"passed","title":"the compound agreement fixture rejects NULL then repair","duration":1.0750419999999394,"failureMessages":[],"meta":{}}],"startTime":1789675820457,"endTime":1789675820458.075,"status":"passed","message":"","name":"/private/tmp/viborm-rulings/tests/raptor3/expanded/compound-falsifier.test.ts"},{"assertionResults":[{"ancestorTitles":["G1 legality and engine lifetimes: commands sqlite-interactive"],"fullName":"G1 legality and engine lifetimes: commands sqlite-interactive g1-upsert-illegal-update-selected","status":"passed","title":"g1-upsert-illegal-update-selected","duration":5.270250000000033,"failureMessages":[],"meta":{}},{"ancestorTitles":["G1 legality and engine lifetimes: commands sqlite-interactive"],"fullName":"G1 legality and engine lifetimes: commands sqlite-interactive g1-upsert-illegal-update-untaken","status":"passed","title":"g1-upsert-illegal-update-untaken","duration":1.695459000000028,"failureMessages":[],"meta":{}},{"ancestorTitles":["G1 legality and engine lifetimes: commands sqlite-interactive"],"fullName":"G1 legality and engine lifetimes: commands sqlite-interactive g1-upsert-invalid-create-untaken","status":"passed","title":"g1-upsert-invalid-create-untaken","duration":0.7096250000001874,"failureMessages":[],"meta":{}},{"ancestorTitles":["G1 legality and engine lifetimes: commands sqlite-interactive"],"fullName":"G1 legality and engine lifetimes: commands sqlite-interactive g1-upsert-invalid-update-untaken","status":"passed","title":"g1-upsert-invalid-update-untaken","duration":0.561292000000094,"failureMessages":[],"meta":{}},{"ancestorTitles":["G1 legality and engine lifetimes: commands sqlite-interactive"],"fullName":"G1 legality and engine lifetimes: commands sqlite-interactive g1-upsert-invalid-nested-update-untaken","status":"passed","title":"g1-upsert-invalid-nested-update-untaken","duration":0.7163749999999709,"failureMessages":[],"meta":{}},{"ancestorTitles":["G1 legality and engine lifetimes: commands sqlite-interactive"],"fullName":"G1 legality and engine lifetimes: commands sqlite-interactive g1-upsert-nested-admission-publication","status":"passed","title":"g1-upsert-nested-admission-publication","duration":7.552000000000135,"failureMessages":[],"meta":{}},{"ancestorTitles":["G1 legality and engine lifetimes: commands sqlite-interactive"],"fullName":"G1 legality and engine lifetimes: commands sqlite-interactive g1-reuse-after-rollback","status":"passed","title":"g1-reuse-after-rollback","duration":4.152000000000044,"failureMessages":[],"meta":{}},{"ancestorTitles":["G1 legality and engine lifetimes: commands sqlite-interactive"],"fullName":"G1 legality and engine lifetimes: commands sqlite-interactive g1-concurrent-queued-creates","status":"passed","title":"g1-concurrent-queued-creates","duration":2.6572080000000824,"failureMessages":[],"meta":{}},{"ancestorTitles":["G1 legality and engine lifetimes: commands sqlite-atomic-batch"],"fullName":"G1 legality and engine lifetimes: commands sqlite-atomic-batch g1-upsert-illegal-update-selected","status":"passed","title":"g1-upsert-illegal-update-selected","duration":1.6539170000000922,"failureMessages":[],"meta":{}},{"ancestorTitles":["G1 legality and engine lifetimes: commands sqlite-atomic-batch"],"fullName":"G1 legality and engine lifetimes: commands sqlite-atomic-batch g1-upsert-illegal-update-untaken","status":"passed","title":"g1-upsert-illegal-update-untaken","duration":1.7144169999999122,"failureMessages":[],"meta":{}},{"ancestorTitles":["G1 legality and engine lifetimes: commands sqlite-atomic-batch"],"fullName":"G1 legality and engine lifetimes: commands sqlite-atomic-batch g1-upsert-invalid-create-untaken","status":"passed","title":"g1-upsert-invalid-create-untaken","duration":1.0662500000000819,"failureMessages":[],"meta":{}},{"ancestorTitles":["G1 legality and engine lifetimes: commands sqlite-atomic-batch"],"fullName":"G1 legality and engine lifetimes: commands sqlite-atomic-batch g1-upsert-invalid-update-untaken","status":"passed","title":"g1-upsert-invalid-update-untaken","duration":0.5541250000001128,"failureMessages":[],"meta":{}},{"ancestorTitles":["G1 legality and engine lifetimes: commands sqlite-atomic-batch"],"fullName":"G1 legality and engine lifetimes: commands sqlite-atomic-batch g1-upsert-invalid-nested-update-untaken","status":"passed","title":"g1-upsert-invalid-nested-update-untaken","duration":0.633209000000079,"failureMessages":[],"meta":{}},{"ancestorTitles":["G1 legality and engine lifetimes: commands sqlite-atomic-batch"],"fullName":"G1 legality and engine lifetimes: commands sqlite-atomic-batch g1-upsert-nested-admission-publication","status":"passed","title":"g1-upsert-nested-admission-publication","duration":7.560958000000028,"failureMessages":[],"meta":{}},{"ancestorTitles":["G1 legality and engine lifetimes: commands sqlite-atomic-batch"],"fullName":"G1 legality and engine lifetimes: commands sqlite-atomic-batch g1-reuse-after-rollback","status":"passed","title":"g1-reuse-after-rollback","duration":4.298457999999982,"failureMessages":[],"meta":{}},{"ancestorTitles":["G1 legality and engine lifetimes: commands sqlite-atomic-batch"],"fullName":"G1 legality and engine lifetimes: commands sqlite-atomic-batch g1-concurrent-queued-creates","status":"passed","title":"g1-concurrent-queued-creates","duration":2.0871669999999085,"failureMessages":[],"meta":{}}],"startTime":1789675820350,"endTime":1789675820396.0872,"status":"passed","message":"","name":"/private/tmp/viborm-rulings/tests/raptor3/expanded/lifetime-commands.test.ts"},{"assertionResults":[{"ancestorTitles":["G1 variants and identity: commands sqlite-interactive"],"fullName":"G1 variants and identity: commands sqlite-interactive g1-variant-row-create","status":"passed","title":"g1-variant-row-create","duration":5.1762079999998605,"failureMessages":[],"meta":{}},{"ancestorTitles":["G1 variants and identity: commands sqlite-interactive"],"fullName":"G1 variants and identity: commands sqlite-interactive g1-variant-row-connect","status":"passed","title":"g1-variant-row-connect","duration":1.9041669999999158,"failureMessages":[],"meta":{}},{"ancestorTitles":["G1 variants and identity: commands sqlite-interactive"],"fullName":"G1 variants and identity: commands sqlite-interactive g1-variant-row-coc-found","status":"passed","title":"g1-variant-row-coc-found","duration":1.7670829999999569,"failureMessages":[],"meta":{}},{"ancestorTitles":["G1 variants and identity: commands sqlite-interactive"],"fullName":"G1 variants and identity: commands sqlite-interactive g1-variant-row-coc-missing","status":"passed","title":"g1-variant-row-coc-missing","duration":2.6607919999999012,"failureMessages":[],"meta":{}},{"ancestorTitles":["G1 variants and identity: commands sqlite-interactive"],"fullName":"G1 variants and identity: commands sqlite-interactive g1-variant-row-upsert-found","status":"passed","title":"g1-variant-row-upsert-found","duration":2.9467919999999594,"failureMessages":[],"meta":{}},{"ancestorTitles":["G1 variants and identity: commands sqlite-interactive"],"fullName":"G1 variants and identity: commands sqlite-interactive g1-variant-row-upsert-missing","status":"passed","title":"g1-variant-row-upsert-missing","duration":2.0892079999998714,"failureMessages":[],"meta":{}},{"ancestorTitles":["G1 variants and identity: commands sqlite-interactive"],"fullName":"G1 variants and identity: commands sqlite-interactive g1-variant-inverse-generated","status":"passed","title":"g1-variant-inverse-generated","duration":1.7209159999999883,"failureMessages":[],"meta":{}},{"ancestorTitles":["G1 variants and identity: commands sqlite-interactive"],"fullName":"G1 variants and identity: commands sqlite-interactive g1-variant-inverse-upsert-foreign","status":"passed","title":"g1-variant-inverse-upsert-foreign","duration":2.0951249999998254,"failureMessages":[],"meta":{}},{"ancestorTitles":["G1 variants and identity: commands sqlite-interactive"],"fullName":"G1 variants and identity: commands sqlite-interactive g1-variant-junction-mixed-create-connect","status":"passed","title":"g1-variant-junction-mixed-create-connect","duration":5.070790999999872,"failureMessages":[],"meta":{}},{"ancestorTitles":["G1 variants and identity: commands sqlite-interactive"],"fullName":"G1 variants and identity: commands sqlite-interactive g1-variant-junction-coc-mixed","status":"passed","title":"g1-variant-junction-coc-mixed","duration":2.462916999999834,"failureMessages":[],"meta":{}},{"ancestorTitles":["G1 variants and identity: commands sqlite-interactive"],"fullName":"G1 variants and identity: commands sqlite-interactive g1-variant-junction-upsert-found","status":"passed","title":"g1-variant-junction-upsert-found","duration":3.1672499999999673,"failureMessages":[],"meta":{}},{"ancestorTitles":["G1 variants and identity: commands sqlite-interactive"],"fullName":"G1 variants and identity: commands sqlite-interactive g1-variant-junction-upsert-foreign-create","status":"passed","title":"g1-variant-junction-upsert-foreign-create","duration":2.510957999999846,"failureMessages":[],"meta":{}},{"ancestorTitles":["G1 variants and identity: commands sqlite-interactive"],"fullName":"G1 variants and identity: commands sqlite-interactive g1-variant-junction-upsert-missing","status":"passed","title":"g1-variant-junction-upsert-missing","duration":2.1475829999999405,"failureMessages":[],"meta":{}},{"ancestorTitles":["G1 variants and identity: commands sqlite-interactive"],"fullName":"G1 variants and identity: commands sqlite-interactive g1-variant-junction-connect-owned","status":"passed","title":"g1-variant-junction-connect-owned","duration":1.7058750000001055,"failureMessages":[],"meta":{}},{"ancestorTitles":["G1 variants and identity: commands sqlite-interactive"],"fullName":"G1 variants and identity: commands sqlite-interactive g1-compound-unique-filter-found","status":"passed","title":"g1-compound-unique-filter-found","duration":1.1732500000000528,"failureMessages":[],"meta":{}},{"ancestorTitles":["G1 variants and identity: commands sqlite-interactive"],"fullName":"G1 variants and identity: commands sqlite-interactive g1-compound-unique-filter-missing","status":"passed","title":"g1-compound-unique-filter-missing","duration":0.6005000000000109,"failureMessages":[],"meta":{}},{"ancestorTitles":["G1 variants and identity: commands sqlite-interactive"],"fullName":"G1 variants and identity: commands sqlite-interactive g1-upsert-filter-created-identity","status":"passed","title":"g1-upsert-filter-created-identity","duration":1.457915999999841,"failureMessages":[],"meta":{}},{"ancestorTitles":["G1 variants and identity: commands sqlite-interactive"],"fullName":"G1 variants and identity: commands sqlite-interactive g1-upsert-filter-unique-conflict","status":"passed","title":"g1-upsert-filter-unique-conflict","duration":1.9476250000000164,"failureMessages":[],"meta":{}},{"ancestorTitles":["G1 variants and identity: commands sqlite-interactive"],"fullName":"G1 variants and identity: commands sqlite-interactive g1-update-filter-missing-parent-source","status":"passed","title":"g1-update-filter-missing-parent-source","duration":1.218166999999994,"failureMessages":[],"meta":{}},{"ancestorTitles":["G1 variants and identity: commands sqlite-interactive"],"fullName":"G1 variants and identity: commands sqlite-interactive g1-literal-rebind-independent-arithmetic","status":"passed","title":"g1-literal-rebind-independent-arithmetic","duration":1.5062500000001364,"failureMessages":[],"meta":{}},{"ancestorTitles":["G1 variants and identity: commands sqlite-interactive"],"fullName":"G1 variants and identity: commands sqlite-interactive g1-captured-decimal-key-handoff","status":"passed","title":"g1-captured-decimal-key-handoff","duration":2.289167000000134,"failureMessages":[],"meta":{}},{"ancestorTitles":["G1 variants and identity: commands sqlite-atomic-batch"],"fullName":"G1 variants and identity: commands sqlite-atomic-batch g1-variant-row-create","status":"passed","title":"g1-variant-row-create","duration":1.610792000000174,"failureMessages":[],"meta":{}},{"ancestorTitles":["G1 variants and identity: commands sqlite-atomic-batch"],"fullName":"G1 variants and identity: commands sqlite-atomic-batch g1-variant-row-connect","status":"passed","title":"g1-variant-row-connect","duration":4.835291999999981,"failureMessages":[],"meta":{}},{"ancestorTitles":["G1 variants and identity: commands sqlite-atomic-batch"],"fullName":"G1 variants and identity: commands sqlite-atomic-batch g1-variant-row-coc-found","status":"passed","title":"g1-variant-row-coc-found","duration":1.414541999999983,"failureMessages":[],"meta":{}},{"ancestorTitles":["G1 variants and identity: commands sqlite-atomic-batch"],"fullName":"G1 variants and identity: commands sqlite-atomic-batch g1-variant-row-coc-missing","status":"passed","title":"g1-variant-row-coc-missing","duration":1.359958000000006,"failureMessages":[],"meta":{}},{"ancestorTitles":["G1 variants and identity: commands sqlite-atomic-batch"],"fullName":"G1 variants and identity: commands sqlite-atomic-batch g1-variant-row-upsert-found","status":"passed","title":"g1-variant-row-upsert-found","duration":1.5697499999998854,"failureMessages":[],"meta":{}},{"ancestorTitles":["G1 variants and identity: commands sqlite-atomic-batch"],"fullName":"G1 variants and identity: commands sqlite-atomic-batch g1-variant-row-upsert-missing","status":"passed","title":"g1-variant-row-upsert-missing","duration":1.5292920000001686,"failureMessages":[],"meta":{}},{"ancestorTitles":["G1 variants and identity: commands sqlite-atomic-batch"],"fullName":"G1 variants and identity: commands sqlite-atomic-batch g1-variant-inverse-generated","status":"passed","title":"g1-variant-inverse-generated","duration":1.2719580000000406,"failureMessages":[],"meta":{}},{"ancestorTitles":["G1 variants and identity: commands sqlite-atomic-batch"],"fullName":"G1 variants and identity: commands sqlite-atomic-batch g1-variant-inverse-upsert-foreign","status":"passed","title":"g1-variant-inverse-upsert-foreign","duration":1.2892919999999322,"failureMessages":[],"meta":{}},{"ancestorTitles":["G1 variants and identity: commands sqlite-atomic-batch"],"fullName":"G1 variants and identity: commands sqlite-atomic-batch g1-variant-junction-mixed-create-connect","status":"passed","title":"g1-variant-junction-mixed-create-connect","duration":2.345874999999978,"failureMessages":[],"meta":{}},{"ancestorTitles":["G1 variants and identity: commands sqlite-atomic-batch"],"fullName":"G1 variants and identity: commands sqlite-atomic-batch g1-variant-junction-coc-mixed","status":"passed","title":"g1-variant-junction-coc-mixed","duration":2.0605000000000473,"failureMessages":[],"meta":{}},{"ancestorTitles":["G1 variants and identity: commands sqlite-atomic-batch"],"fullName":"G1 variants and identity: commands sqlite-atomic-batch g1-variant-junction-upsert-found","status":"passed","title":"g1-variant-junction-upsert-found","duration":1.8005410000000666,"failureMessages":[],"meta":{}},{"ancestorTitles":["G1 variants and identity: commands sqlite-atomic-batch"],"fullName":"G1 variants and identity: commands sqlite-atomic-batch g1-variant-junction-upsert-foreign-create","status":"passed","title":"g1-variant-junction-upsert-foreign-create","duration":1.5979169999998248,"failureMessages":[],"meta":{}},{"ancestorTitles":["G1 variants and identity: commands sqlite-atomic-batch"],"fullName":"G1 variants and identity: commands sqlite-atomic-batch g1-variant-junction-upsert-missing","status":"passed","title":"g1-variant-junction-upsert-missing","duration":1.7138749999999163,"failureMessages":[],"meta":{}},{"ancestorTitles":["G1 variants and identity: commands sqlite-atomic-batch"],"fullName":"G1 variants and identity: commands sqlite-atomic-batch g1-variant-junction-connect-owned","status":"passed","title":"g1-variant-junction-connect-owned","duration":1.9434580000001915,"failureMessages":[],"meta":{}},{"ancestorTitles":["G1 variants and identity: commands sqlite-atomic-batch"],"fullName":"G1 variants and identity: commands sqlite-atomic-batch g1-compound-unique-filter-found","status":"passed","title":"g1-compound-unique-filter-found","duration":0.7018749999999727,"failureMessages":[],"meta":{}},{"ancestorTitles":["G1 variants and identity: commands sqlite-atomic-batch"],"fullName":"G1 variants and identity: commands sqlite-atomic-batch g1-compound-unique-filter-missing","status":"passed","title":"g1-compound-unique-filter-missing","duration":0.5332919999998467,"failureMessages":[],"meta":{}},{"ancestorTitles":["G1 variants and identity: commands sqlite-atomic-batch"],"fullName":"G1 variants and identity: commands sqlite-atomic-batch g1-upsert-filter-created-identity","status":"passed","title":"g1-upsert-filter-created-identity","duration":0.8324999999999818,"failureMessages":[],"meta":{}},{"ancestorTitles":["G1 variants and identity: commands sqlite-atomic-batch"],"fullName":"G1 variants and identity: commands sqlite-atomic-batch g1-upsert-filter-unique-conflict","status":"passed","title":"g1-upsert-filter-unique-conflict","duration":1.101457999999866,"failureMessages":[],"meta":{}},{"ancestorTitles":["G1 variants and identity: commands sqlite-atomic-batch"],"fullName":"G1 variants and identity: commands sqlite-atomic-batch g1-update-filter-missing-parent-source","status":"passed","title":"g1-update-filter-missing-parent-source","duration":0.8322080000000369,"failureMessages":[],"meta":{}},{"ancestorTitles":["G1 variants and identity: commands sqlite-atomic-batch"],"fullName":"G1 variants and identity: commands sqlite-atomic-batch g1-literal-rebind-independent-arithmetic","status":"passed","title":"g1-literal-rebind-independent-arithmetic","duration":1.2533330000001115,"failureMessages":[],"meta":{}},{"ancestorTitles":["G1 variants and identity: commands sqlite-atomic-batch"],"fullName":"G1 variants and identity: commands sqlite-atomic-batch g1-captured-decimal-key-handoff","status":"passed","title":"g1-captured-decimal-key-handoff","duration":1.8109580000000278,"failureMessages":[],"meta":{}}],"startTime":1789675820716,"endTime":1789675820797.811,"status":"passed","message":"","name":"/private/tmp/viborm-rulings/tests/raptor3/expanded/variant-identity-commands.test.ts"}]}