{"numTotalTestSuites":148,"numPassedTestSuites":148,"numFailedTestSuites":0,"numPendingTestSuites":0,"numTotalTests":717,"numPassedTests":717,"numFailedTests":0,"numPendingTests":0,"numTodoTests":0,"snapshot":{"added":0,"failure":false,"filesAdded":0,"filesRemoved":0,"filesRemovedList":[],"filesUnmatched":0,"filesUpdated":0,"matched":0,"total":0,"unchecked":0,"uncheckedKeysByFile":[],"unmatched":0,"updated":0,"didUpdate":false},"startTime":1789351437807,"success":true,"testResults":[{"assertionResults":[{"ancestorTitles":[],"fullName":"refuses a requested candidate that the fixture silently bypasses","status":"passed","title":"refuses a requested candidate that the fixture silently bypasses","duration":2.8683329999994385,"failureMessages":[],"meta":{}},{"ancestorTitles":[],"fullName":"refuses duplicate cases even when the fixed case count is unchanged","status":"passed","title":"refuses duplicate cases even when the fixed case count is unchanged","duration":0.22420800000054442,"failureMessages":[],"meta":{}},{"ancestorTitles":[],"fullName":"refuses duplicate profiles even when the profile count is unchanged","status":"passed","title":"refuses duplicate profiles even when the profile count is unchanged","duration":0.10229200000048877,"failureMessages":[],"meta":{}},{"ancestorTitles":[],"fullName":"compares correlation identity without prescribing another engine's UUID draws","status":"passed","title":"compares correlation identity without prescribing another engine's UUID draws","duration":4.8474999999998545,"failureMessages":[],"meta":{}},{"ancestorTitles":[],"fullName":"does not rename correlation-looking keys in public results or database rows","status":"passed","title":"does not rename correlation-looking keys in public results or database rows","duration":0.20262499999989814,"failureMessages":[],"meta":{}},{"ancestorTitles":[],"fullName":"preserves opaque Error causes even when they resemble error observations","status":"passed","title":"preserves opaque Error causes even when they resemble error observations","duration":0.4836249999998472,"failureMessages":[],"meta":{}}],"startTime":1789351443989,"endTime":1789351443997.4836,"status":"passed","message":"","name":"/private/tmp/viborm-cs00-candidate.V7lUlt/tests/raptor3/candidate-handoff.test.ts"},{"assertionResults":[{"ancestorTitles":["Raptor 3 relation key order: commands"],"fullName":"Raptor 3 relation key order: commands sqlite-interactive","status":"passed","title":"sqlite-interactive","duration":8.83979200000067,"failureMessages":[],"meta":{}},{"ancestorTitles":["Raptor 3 relation key order: commands"],"fullName":"Raptor 3 relation key order: commands sqlite-atomic-batch","status":"passed","title":"sqlite-atomic-batch","duration":6.132000000000517,"failureMessages":[],"meta":{}},{"ancestorTitles":["Raptor 3 relation key order: program"],"fullName":"Raptor 3 relation key order: program sqlite-interactive","status":"passed","title":"sqlite-interactive","duration":4.034249999999702,"failureMessages":[],"meta":{}},{"ancestorTitles":["Raptor 3 relation key order: program"],"fullName":"Raptor 3 relation key order: program sqlite-atomic-batch","status":"passed","title":"sqlite-atomic-batch","duration":4.606541999999536,"failureMessages":[],"meta":{}}],"startTime":1789351444823,"endTime":1789351444846.6064,"status":"passed","message":"","name":"/private/tmp/viborm-cs00-candidate.V7lUlt/tests/raptor3/candidate-ordering.test.ts"},{"assertionResults":[{"ancestorTitles":["Raptor 3 grouped pagination: commands"],"fullName":"Raptor 3 grouped pagination: commands take one: sqlite-interactive","status":"passed","title":"take one: sqlite-interactive","duration":2.5061249999998836,"failureMessages":[],"meta":{}},{"ancestorTitles":["Raptor 3 grouped pagination: commands"],"fullName":"Raptor 3 grouped pagination: commands take one: sqlite-atomic-batch","status":"passed","title":"take one: sqlite-atomic-batch","duration":1.2217499999997017,"failureMessages":[],"meta":{}},{"ancestorTitles":["Raptor 3 grouped pagination: commands"],"fullName":"Raptor 3 grouped pagination: commands skip one and take one: sqlite-interactive","status":"passed","title":"skip one and take one: sqlite-interactive","duration":1.1468329999997877,"failureMessages":[],"meta":{}},{"ancestorTitles":["Raptor 3 grouped pagination: commands"],"fullName":"Raptor 3 grouped pagination: commands skip one and take one: sqlite-atomic-batch","status":"passed","title":"skip one and take one: sqlite-atomic-batch","duration":0.7187920000005761,"failureMessages":[],"meta":{}},{"ancestorTitles":["Raptor 3 grouped pagination: program"],"fullName":"Raptor 3 grouped pagination: program take one: sqlite-interactive","status":"passed","title":"take one: sqlite-interactive","duration":0.6754579999997077,"failureMessages":[],"meta":{}},{"ancestorTitles":["Raptor 3 grouped pagination: program"],"fullName":"Raptor 3 grouped pagination: program take one: sqlite-atomic-batch","status":"passed","title":"take one: sqlite-atomic-batch","duration":0.6935419999999795,"failureMessages":[],"meta":{}},{"ancestorTitles":["Raptor 3 grouped pagination: program"],"fullName":"Raptor 3 grouped pagination: program skip one and take one: sqlite-interactive","status":"passed","title":"skip one and take one: sqlite-interactive","duration":0.5842920000004597,"failureMessages":[],"meta":{}},{"ancestorTitles":["Raptor 3 grouped pagination: program"],"fullName":"Raptor 3 grouped pagination: program skip one and take one: sqlite-atomic-batch","status":"passed","title":"skip one and take one: sqlite-atomic-batch","duration":0.5959580000007918,"failureMessages":[],"meta":{}}],"startTime":1789351444601,"endTime":1789351444608.596,"status":"passed","message":"","name":"/private/tmp/viborm-cs00-candidate.V7lUlt/tests/raptor3/candidate-pagination.test.ts"},{"assertionResults":[{"ancestorTitles":["Raptor 3 G1-01: commands","sqlite-interactive"],"fullName":"Raptor 3 G1-01: commands sqlite-interactive s1-parent-found","status":"passed","title":"s1-parent-found","duration":11.146958000000268,"failureMessages":[],"meta":{}},{"ancestorTitles":["Raptor 3 G1-01: commands","sqlite-interactive"],"fullName":"Raptor 3 G1-01: commands sqlite-interactive s1-parent-missing","status":"passed","title":"s1-parent-missing","duration":8.584458000000268,"failureMessages":[],"meta":{}},{"ancestorTitles":["Raptor 3 G1-01: commands","sqlite-interactive"],"fullName":"Raptor 3 G1-01: commands sqlite-interactive s1-parent-rollback","status":"passed","title":"s1-parent-rollback","duration":7.229209000000083,"failureMessages":[],"meta":{}},{"ancestorTitles":["Raptor 3 G1-01: commands","sqlite-interactive"],"fullName":"Raptor 3 G1-01: commands sqlite-interactive s1-child-found","status":"passed","title":"s1-child-found","duration":8.72308299999986,"failureMessages":[],"meta":{}},{"ancestorTitles":["Raptor 3 G1-01: commands","sqlite-interactive"],"fullName":"Raptor 3 G1-01: commands sqlite-interactive s1-child-missing","status":"passed","title":"s1-child-missing","duration":5.712540999999874,"failureMessages":[],"meta":{}},{"ancestorTitles":["Raptor 3 G1-01: commands","sqlite-interactive"],"fullName":"Raptor 3 G1-01: commands sqlite-interactive s1-child-rollback","status":"passed","title":"s1-child-rollback","duration":5.2902079999994385,"failureMessages":[],"meta":{}},{"ancestorTitles":["Raptor 3 G1-01: commands","sqlite-interactive"],"fullName":"Raptor 3 G1-01: commands sqlite-interactive s2-distinct-defaults","status":"passed","title":"s2-distinct-defaults","duration":6.142415999999685,"failureMessages":[],"meta":{}},{"ancestorTitles":["Raptor 3 G1-01: commands","sqlite-interactive"],"fullName":"Raptor 3 G1-01: commands sqlite-interactive s2-changed-dependency","status":"passed","title":"s2-changed-dependency","duration":13.968915999999808,"failureMessages":[],"meta":{}},{"ancestorTitles":["Raptor 3 G1-01: commands","sqlite-interactive"],"fullName":"Raptor 3 G1-01: commands sqlite-interactive s3-grouped","status":"passed","title":"s3-grouped","duration":2.846875000000182,"failureMessages":[],"meta":{}},{"ancestorTitles":["Raptor 3 G1-01: commands","sqlite-interactive"],"fullName":"Raptor 3 G1-01: commands sqlite-interactive s3-empty","status":"passed","title":"s3-empty","duration":1.2427920000000086,"failureMessages":[],"meta":{}},{"ancestorTitles":["Raptor 3 G1-01: commands","sqlite-interactive"],"fullName":"Raptor 3 G1-01: commands sqlite-interactive s4-parent-pages","status":"passed","title":"s4-parent-pages","duration":3.2168750000000728,"failureMessages":[],"meta":{}},{"ancestorTitles":["Raptor 3 G1-01: commands","sqlite-interactive"],"fullName":"Raptor 3 G1-01: commands sqlite-interactive s4-shared-occurrences","status":"passed","title":"s4-shared-occurrences","duration":3.2583340000001044,"failureMessages":[],"meta":{}},{"ancestorTitles":["Raptor 3 G1-01: commands","sqlite-atomic-batch"],"fullName":"Raptor 3 G1-01: commands sqlite-atomic-batch s1-parent-found","status":"passed","title":"s1-parent-found","duration":6.3868750000001455,"failureMessages":[],"meta":{}},{"ancestorTitles":["Raptor 3 G1-01: commands","sqlite-atomic-batch"],"fullName":"Raptor 3 G1-01: commands sqlite-atomic-batch s1-parent-missing","status":"passed","title":"s1-parent-missing","duration":7.570165999999517,"failureMessages":[],"meta":{}},{"ancestorTitles":["Raptor 3 G1-01: commands","sqlite-atomic-batch"],"fullName":"Raptor 3 G1-01: commands sqlite-atomic-batch s1-parent-rollback","status":"passed","title":"s1-parent-rollback","duration":6.67291699999987,"failureMessages":[],"meta":{}},{"ancestorTitles":["Raptor 3 G1-01: commands","sqlite-atomic-batch"],"fullName":"Raptor 3 G1-01: commands sqlite-atomic-batch s1-child-found","status":"passed","title":"s1-child-found","duration":5.852915999999823,"failureMessages":[],"meta":{}},{"ancestorTitles":["Raptor 3 G1-01: commands","sqlite-atomic-batch"],"fullName":"Raptor 3 G1-01: commands sqlite-atomic-batch s1-child-missing","status":"passed","title":"s1-child-missing","duration":7.938790999999583,"failureMessages":[],"meta":{}},{"ancestorTitles":["Raptor 3 G1-01: commands","sqlite-atomic-batch"],"fullName":"Raptor 3 G1-01: commands sqlite-atomic-batch s1-child-rollback","status":"passed","title":"s1-child-rollback","duration":7.887415999999575,"failureMessages":[],"meta":{}},{"ancestorTitles":["Raptor 3 G1-01: commands","sqlite-atomic-batch"],"fullName":"Raptor 3 G1-01: commands sqlite-atomic-batch s2-distinct-defaults","status":"passed","title":"s2-distinct-defaults","duration":14.41662499999984,"failureMessages":[],"meta":{}},{"ancestorTitles":["Raptor 3 G1-01: commands","sqlite-atomic-batch"],"fullName":"Raptor 3 G1-01: commands sqlite-atomic-batch s2-changed-dependency","status":"passed","title":"s2-changed-dependency","duration":7.8394170000001395,"failureMessages":[],"meta":{}},{"ancestorTitles":["Raptor 3 G1-01: commands","sqlite-atomic-batch"],"fullName":"Raptor 3 G1-01: commands sqlite-atomic-batch s3-grouped","status":"passed","title":"s3-grouped","duration":2.145625000000109,"failureMessages":[],"meta":{}},{"ancestorTitles":["Raptor 3 G1-01: commands","sqlite-atomic-batch"],"fullName":"Raptor 3 G1-01: commands sqlite-atomic-batch s3-empty","status":"passed","title":"s3-empty","duration":1.2090410000000702,"failureMessages":[],"meta":{}},{"ancestorTitles":["Raptor 3 G1-01: commands","sqlite-atomic-batch"],"fullName":"Raptor 3 G1-01: commands sqlite-atomic-batch s4-parent-pages","status":"passed","title":"s4-parent-pages","duration":2.538166999999703,"failureMessages":[],"meta":{}},{"ancestorTitles":["Raptor 3 G1-01: commands","sqlite-atomic-batch"],"fullName":"Raptor 3 G1-01: commands sqlite-atomic-batch s4-shared-occurrences","status":"passed","title":"s4-shared-occurrences","duration":2.7065419999998994,"failureMessages":[],"meta":{}},{"ancestorTitles":["Raptor 3 G1-01: program","sqlite-interactive"],"fullName":"Raptor 3 G1-01: program sqlite-interactive s1-parent-found","status":"passed","title":"s1-parent-found","duration":5.793749999999818,"failureMessages":[],"meta":{}},{"ancestorTitles":["Raptor 3 G1-01: program","sqlite-interactive"],"fullName":"Raptor 3 G1-01: program sqlite-interactive s1-parent-missing","status":"passed","title":"s1-parent-missing","duration":5.118916999999783,"failureMessages":[],"meta":{}},{"ancestorTitles":["Raptor 3 G1-01: program","sqlite-interactive"],"fullName":"Raptor 3 G1-01: program sqlite-interactive s1-parent-rollback","status":"passed","title":"s1-parent-rollback","duration":5.457124999999905,"failureMessages":[],"meta":{}},{"ancestorTitles":["Raptor 3 G1-01: program","sqlite-interactive"],"fullName":"Raptor 3 G1-01: program sqlite-interactive s1-child-found","status":"passed","title":"s1-child-found","duration":5.65520800000013,"failureMessages":[],"meta":{}},{"ancestorTitles":["Raptor 3 G1-01: program","sqlite-interactive"],"fullName":"Raptor 3 G1-01: program sqlite-interactive s1-child-missing","status":"passed","title":"s1-child-missing","duration":5.810875000000124,"failureMessages":[],"meta":{}},{"ancestorTitles":["Raptor 3 G1-01: program","sqlite-interactive"],"fullName":"Raptor 3 G1-01: program sqlite-interactive s1-child-rollback","status":"passed","title":"s1-child-rollback","duration":4.707749999999578,"failureMessages":[],"meta":{}},{"ancestorTitles":["Raptor 3 G1-01: program","sqlite-interactive"],"fullName":"Raptor 3 G1-01: program sqlite-interactive s2-distinct-defaults","status":"passed","title":"s2-distinct-defaults","duration":4.065333000000464,"failureMessages":[],"meta":{}},{"ancestorTitles":["Raptor 3 G1-01: program","sqlite-interactive"],"fullName":"Raptor 3 G1-01: program sqlite-interactive s2-changed-dependency","status":"passed","title":"s2-changed-dependency","duration":11.283374999999978,"failureMessages":[],"meta":{}},{"ancestorTitles":["Raptor 3 G1-01: program","sqlite-interactive"],"fullName":"Raptor 3 G1-01: program sqlite-interactive s3-grouped","status":"passed","title":"s3-grouped","duration":2.625082999999904,"failureMessages":[],"meta":{}},{"ancestorTitles":["Raptor 3 G1-01: program","sqlite-interactive"],"fullName":"Raptor 3 G1-01: program sqlite-interactive s3-empty","status":"passed","title":"s3-empty","duration":1.693583000000217,"failureMessages":[],"meta":{}},{"ancestorTitles":["Raptor 3 G1-01: program","sqlite-interactive"],"fullName":"Raptor 3 G1-01: program sqlite-interactive s4-parent-pages","status":"passed","title":"s4-parent-pages","duration":2.530499999999847,"failureMessages":[],"meta":{}},{"ancestorTitles":["Raptor 3 G1-01: program","sqlite-interactive"],"fullName":"Raptor 3 G1-01: program sqlite-interactive s4-shared-occurrences","status":"passed","title":"s4-shared-occurrences","duration":2.8441249999996217,"failureMessages":[],"meta":{}},{"ancestorTitles":["Raptor 3 G1-01: program","sqlite-atomic-batch"],"fullName":"Raptor 3 G1-01: program sqlite-atomic-batch s1-parent-found","status":"passed","title":"s1-parent-found","duration":4.8440410000002885,"failureMessages":[],"meta":{}},{"ancestorTitles":["Raptor 3 G1-01: program","sqlite-atomic-batch"],"fullName":"Raptor 3 G1-01: program sqlite-atomic-batch s1-parent-missing","status":"passed","title":"s1-parent-missing","duration":6.111666000000696,"failureMessages":[],"meta":{}},{"ancestorTitles":["Raptor 3 G1-01: program","sqlite-atomic-batch"],"fullName":"Raptor 3 G1-01: program sqlite-atomic-batch s1-parent-rollback","status":"passed","title":"s1-parent-rollback","duration":6.476083999999901,"failureMessages":[],"meta":{}},{"ancestorTitles":["Raptor 3 G1-01: program","sqlite-atomic-batch"],"fullName":"Raptor 3 G1-01: program sqlite-atomic-batch s1-child-found","status":"passed","title":"s1-child-found","duration":4.981957999999395,"failureMessages":[],"meta":{}},{"ancestorTitles":["Raptor 3 G1-01: program","sqlite-atomic-batch"],"fullName":"Raptor 3 G1-01: program sqlite-atomic-batch s1-child-missing","status":"passed","title":"s1-child-missing","duration":5.966875000000073,"failureMessages":[],"meta":{}},{"ancestorTitles":["Raptor 3 G1-01: program","sqlite-atomic-batch"],"fullName":"Raptor 3 G1-01: program sqlite-atomic-batch s1-child-rollback","status":"passed","title":"s1-child-rollback","duration":7.619915999999648,"failureMessages":[],"meta":{}},{"ancestorTitles":["Raptor 3 G1-01: program","sqlite-atomic-batch"],"fullName":"Raptor 3 G1-01: program sqlite-atomic-batch s2-distinct-defaults","status":"passed","title":"s2-distinct-defaults","duration":3.378000000000611,"failureMessages":[],"meta":{}},{"ancestorTitles":["Raptor 3 G1-01: program","sqlite-atomic-batch"],"fullName":"Raptor 3 G1-01: program sqlite-atomic-batch s2-changed-dependency","status":"passed","title":"s2-changed-dependency","duration":4.940375000000131,"failureMessages":[],"meta":{}},{"ancestorTitles":["Raptor 3 G1-01: program","sqlite-atomic-batch"],"fullName":"Raptor 3 G1-01: program sqlite-atomic-batch s3-grouped","status":"passed","title":"s3-grouped","duration":1.3967499999998836,"failureMessages":[],"meta":{}},{"ancestorTitles":["Raptor 3 G1-01: program","sqlite-atomic-batch"],"fullName":"Raptor 3 G1-01: program sqlite-atomic-batch s3-empty","status":"passed","title":"s3-empty","duration":8.358166999999412,"failureMessages":[],"meta":{}},{"ancestorTitles":["Raptor 3 G1-01: program","sqlite-atomic-batch"],"fullName":"Raptor 3 G1-01: program sqlite-atomic-batch s4-parent-pages","status":"passed","title":"s4-parent-pages","duration":2.3962499999997817,"failureMessages":[],"meta":{}},{"ancestorTitles":["Raptor 3 G1-01: program","sqlite-atomic-batch"],"fullName":"Raptor 3 G1-01: program sqlite-atomic-batch s4-shared-occurrences","status":"passed","title":"s4-shared-occurrences","duration":3.435500000000502,"failureMessages":[],"meta":{}}],"startTime":1789351444085,"endTime":1789351444354.4355,"status":"passed","message":"","name":"/private/tmp/viborm-cs00-candidate.V7lUlt/tests/raptor3/candidate.test.ts"},{"assertionResults":[{"ancestorTitles":["G1 C10 real rollback cleanup: sqlite-interactive"],"fullName":"G1 C10 real rollback cleanup: sqlite-interactive retains the actual write failure and ordered cleanup evidence","status":"passed","title":"retains the actual write failure and ordered cleanup evidence","duration":15.18829099999948,"failureMessages":[],"meta":{}},{"ancestorTitles":["G1 C10 real rollback cleanup: sqlite-atomic-batch"],"fullName":"G1 C10 real rollback cleanup: sqlite-atomic-batch retains the actual write failure and ordered cleanup evidence","status":"passed","title":"retains the actual write failure and ordered cleanup evidence","duration":11.196750000000065,"failureMessages":[],"meta":{}}],"startTime":1789351443873,"endTime":1789351443899.1968,"status":"passed","message":"","name":"/private/tmp/viborm-cs00-candidate.V7lUlt/tests/raptor3/cleanup-failure.test.ts"},{"assertionResults":[{"ancestorTitles":["Raptor 3 G0 fixed contracts: sqlite-interactive"],"fullName":"Raptor 3 G0 fixed contracts: sqlite-interactive s1-parent-found","status":"passed","title":"s1-parent-found","duration":4.1976249999988795,"failureMessages":[],"meta":{}},{"ancestorTitles":["Raptor 3 G0 fixed contracts: sqlite-interactive"],"fullName":"Raptor 3 G0 fixed contracts: sqlite-interactive s1-parent-missing","status":"passed","title":"s1-parent-missing","duration":2.193041999998968,"failureMessages":[],"meta":{}},{"ancestorTitles":["Raptor 3 G0 fixed contracts: sqlite-interactive"],"fullName":"Raptor 3 G0 fixed contracts: sqlite-interactive s1-parent-rollback","status":"passed","title":"s1-parent-rollback","duration":1.7195840000003955,"failureMessages":[],"meta":{}},{"ancestorTitles":["Raptor 3 G0 fixed contracts: sqlite-interactive"],"fullName":"Raptor 3 G0 fixed contracts: sqlite-interactive s1-child-found","status":"passed","title":"s1-child-found","duration":1.7813329999989946,"failureMessages":[],"meta":{}},{"ancestorTitles":["Raptor 3 G0 fixed contracts: sqlite-interactive"],"fullName":"Raptor 3 G0 fixed contracts: sqlite-interactive s1-child-missing","status":"passed","title":"s1-child-missing","duration":2.131333999999697,"failureMessages":[],"meta":{}},{"ancestorTitles":["Raptor 3 G0 fixed contracts: sqlite-interactive"],"fullName":"Raptor 3 G0 fixed contracts: sqlite-interactive s1-child-rollback","status":"passed","title":"s1-child-rollback","duration":1.86920900000041,"failureMessages":[],"meta":{}},{"ancestorTitles":["Raptor 3 G0 fixed contracts: sqlite-interactive"],"fullName":"Raptor 3 G0 fixed contracts: sqlite-interactive s2-distinct-defaults","status":"passed","title":"s2-distinct-defaults","duration":1.9996250000003783,"failureMessages":[],"meta":{}},{"ancestorTitles":["Raptor 3 G0 fixed contracts: sqlite-interactive"],"fullName":"Raptor 3 G0 fixed contracts: sqlite-interactive s2-changed-dependency","status":"passed","title":"s2-changed-dependency","duration":1.8334999999988213,"failureMessages":[],"meta":{}},{"ancestorTitles":["Raptor 3 G0 fixed contracts: sqlite-interactive"],"fullName":"Raptor 3 G0 fixed contracts: sqlite-interactive s3-grouped","status":"passed","title":"s3-grouped","duration":0.8539579999996931,"failureMessages":[],"meta":{}},{"ancestorTitles":["Raptor 3 G0 fixed contracts: sqlite-interactive"],"fullName":"Raptor 3 G0 fixed contracts: sqlite-interactive s3-empty","status":"passed","title":"s3-empty","duration":0.30904199999895354,"failureMessages":[],"meta":{}},{"ancestorTitles":["Raptor 3 G0 fixed contracts: sqlite-interactive"],"fullName":"Raptor 3 G0 fixed contracts: sqlite-interactive s4-parent-pages","status":"passed","title":"s4-parent-pages","duration":0.8902080000007118,"failureMessages":[],"meta":{}},{"ancestorTitles":["Raptor 3 G0 fixed contracts: sqlite-interactive"],"fullName":"Raptor 3 G0 fixed contracts: sqlite-interactive s4-shared-occurrences","status":"passed","title":"s4-shared-occurrences","duration":1.092916999999943,"failureMessages":[],"meta":{}},{"ancestorTitles":["Raptor 3 G0 fixed contracts: sqlite-atomic-batch"],"fullName":"Raptor 3 G0 fixed contracts: sqlite-atomic-batch s1-parent-found","status":"passed","title":"s1-parent-found","duration":1.5932919999995647,"failureMessages":[],"meta":{}},{"ancestorTitles":["Raptor 3 G0 fixed contracts: sqlite-atomic-batch"],"fullName":"Raptor 3 G0 fixed contracts: sqlite-atomic-batch s1-parent-missing","status":"passed","title":"s1-parent-missing","duration":1.5040830000016285,"failureMessages":[],"meta":{}},{"ancestorTitles":["Raptor 3 G0 fixed contracts: sqlite-atomic-batch"],"fullName":"Raptor 3 G0 fixed contracts: sqlite-atomic-batch s1-parent-rollback","status":"passed","title":"s1-parent-rollback","duration":1.789708000000246,"failureMessages":[],"meta":{}},{"ancestorTitles":["Raptor 3 G0 fixed contracts: sqlite-atomic-batch"],"fullName":"Raptor 3 G0 fixed contracts: sqlite-atomic-batch s1-child-found","status":"passed","title":"s1-child-found","duration":1.595459000000119,"failureMessages":[],"meta":{}},{"ancestorTitles":["Raptor 3 G0 fixed contracts: sqlite-atomic-batch"],"fullName":"Raptor 3 G0 fixed contracts: sqlite-atomic-batch s1-child-missing","status":"passed","title":"s1-child-missing","duration":6.4898339999999735,"failureMessages":[],"meta":{}},{"ancestorTitles":["Raptor 3 G0 fixed contracts: sqlite-atomic-batch"],"fullName":"Raptor 3 G0 fixed contracts: sqlite-atomic-batch s1-child-rollback","status":"passed","title":"s1-child-rollback","duration":1.9820419999996375,"failureMessages":[],"meta":{}},{"ancestorTitles":["Raptor 3 G0 fixed contracts: sqlite-atomic-batch"],"fullName":"Raptor 3 G0 fixed contracts: sqlite-atomic-batch s2-distinct-defaults","status":"passed","title":"s2-distinct-defaults","duration":1.5134999999991123,"failureMessages":[],"meta":{}},{"ancestorTitles":["Raptor 3 G0 fixed contracts: sqlite-atomic-batch"],"fullName":"Raptor 3 G0 fixed contracts: sqlite-atomic-batch s2-changed-dependency","status":"passed","title":"s2-changed-dependency","duration":1.6136249999999563,"failureMessages":[],"meta":{}},{"ancestorTitles":["Raptor 3 G0 fixed contracts: sqlite-atomic-batch"],"fullName":"Raptor 3 G0 fixed contracts: sqlite-atomic-batch s3-grouped","status":"passed","title":"s3-grouped","duration":0.40366700000049605,"failureMessages":[],"meta":{}},{"ancestorTitles":["Raptor 3 G0 fixed contracts: sqlite-atomic-batch"],"fullName":"Raptor 3 G0 fixed contracts: sqlite-atomic-batch s3-empty","status":"passed","title":"s3-empty","duration":0.2745839999988675,"failureMessages":[],"meta":{}},{"ancestorTitles":["Raptor 3 G0 fixed contracts: sqlite-atomic-batch"],"fullName":"Raptor 3 G0 fixed contracts: sqlite-atomic-batch s4-parent-pages","status":"passed","title":"s4-parent-pages","duration":0.5612909999999829,"failureMessages":[],"meta":{}},{"ancestorTitles":["Raptor 3 G0 fixed contracts: sqlite-atomic-batch"],"fullName":"Raptor 3 G0 fixed contracts: sqlite-atomic-batch s4-shared-occurrences","status":"passed","title":"s4-shared-occurrences","duration":0.424791000001278,"failureMessages":[],"meta":{}}],"startTime":1789351448350,"endTime":1789351448390.5613,"status":"passed","message":"","name":"/private/tmp/viborm-cs00-candidate.V7lUlt/tests/raptor3/fixed.test.ts"},{"assertionResults":[{"ancestorTitles":["G0 assembled oracle falsifiers"],"fullName":"G0 assembled oracle falsifiers rejects wrong rows, missing writes and changed public values","status":"passed","title":"rejects wrong rows, missing writes and changed public values","duration":12.3428329999997,"failureMessages":[],"meta":{}},{"ancestorTitles":["G0 assembled oracle falsifiers"],"fullName":"G0 assembled oracle falsifiers rejects changed errors and leaked rolled-back effects","status":"passed","title":"rejects changed errors and leaked rolled-back effects","duration":3.927875000000313,"failureMessages":[],"meta":{}},{"ancestorTitles":["G0 assembled oracle falsifiers"],"fullName":"G0 assembled oracle falsifiers accepts equivalent changed SQL executed by the real provider","status":"passed","title":"accepts equivalent changed SQL executed by the real provider","duration":4.248541999999816,"failureMessages":[],"meta":{}},{"ancestorTitles":["G0 assembled oracle falsifiers"],"fullName":"G0 assembled oracle falsifiers round-trips success/failure records and rejects uncontrolled or missing events","status":"passed","title":"round-trips success/failure records and rejects uncontrolled or missing events","duration":30.50899999999956,"failureMessages":[],"meta":{}},{"ancestorTitles":["G0 assembled oracle falsifiers"],"fullName":"G0 assembled oracle falsifiers controls public Date defaults and rejects a real uncontrolled clock source","status":"passed","title":"controls public Date defaults and rejects a real uncontrolled clock source","duration":6.8070410000000265,"failureMessages":[],"meta":{}},{"ancestorTitles":["G0 assembled oracle falsifiers"],"fullName":"G0 assembled oracle falsifiers fails on fixture exceptions, swallowed failures and event exhaustion","status":"passed","title":"fails on fixture exceptions, swallowed failures and event exhaustion","duration":4.3992920000000595,"failureMessages":[],"meta":{}},{"ancestorTitles":["G0 assembled oracle falsifiers"],"fullName":"G0 assembled oracle falsifiers distinguishes reached, atomically eliminated and unexpectedly missing cuts","status":"passed","title":"distinguishes reached, atomically eliminated and unexpectedly missing cuts","duration":11.781291999999667,"failureMessages":[],"meta":{}},{"ancestorTitles":["G0 assembled oracle falsifiers"],"fullName":"G0 assembled oracle falsifiers refuses an empty campaign and stale executed-source identity","status":"passed","title":"refuses an empty campaign and stale executed-source identity","duration":52.453541000000314,"failureMessages":[],"meta":{}}],"startTime":1789351441315,"endTime":1789351441441.4536,"status":"passed","message":"","name":"/private/tmp/viborm-cs00-candidate.V7lUlt/tests/raptor3/gate.test.ts"},{"assertionResults":[{"ancestorTitles":[],"fullName":"shrinks a real wrong-parent world while preserving the named failure and exact replay","status":"passed","title":"shrinks a real wrong-parent world while preserving the named failure and exact replay","duration":26.080582999999933,"failureMessages":[],"meta":{}},{"ancestorTitles":[],"fullName":"preserves two failed actors then a successful healthy suffix: sqlite-interactive","status":"passed","title":"preserves two failed actors then a successful healthy suffix: sqlite-interactive","duration":11.759957999999642,"failureMessages":[],"meta":{}},{"ancestorTitles":[],"fullName":"preserves two failed actors then a successful healthy suffix: sqlite-atomic-batch","status":"passed","title":"preserves two failed actors then a successful healthy suffix: sqlite-atomic-batch","duration":8.71166600000015,"failureMessages":[],"meta":{}}],"startTime":1789351444435,"endTime":1789351444481.7117,"status":"passed","message":"","name":"/private/tmp/viborm-cs00-candidate.V7lUlt/tests/raptor3/generated-gate.test.ts"},{"assertionResults":[{"ancestorTitles":["G1 independent generated smoke: sqlite-interactive"],"fullName":"G1 independent generated smoke: sqlite-interactive seed 1000","status":"passed","title":"seed 1000","duration":9.928458000000319,"failureMessages":[],"meta":{}},{"ancestorTitles":["G1 independent generated smoke: sqlite-interactive"],"fullName":"G1 independent generated smoke: sqlite-interactive seed 1001","status":"passed","title":"seed 1001","duration":7.163125000000946,"failureMessages":[],"meta":{}},{"ancestorTitles":["G1 independent generated smoke: sqlite-interactive"],"fullName":"G1 independent generated smoke: sqlite-interactive seed 1002","status":"passed","title":"seed 1002","duration":6.368000000000393,"failureMessages":[],"meta":{}},{"ancestorTitles":["G1 independent generated smoke: sqlite-interactive"],"fullName":"G1 independent generated smoke: sqlite-interactive seed 1003","status":"passed","title":"seed 1003","duration":6.448624999999083,"failureMessages":[],"meta":{}},{"ancestorTitles":["G1 independent generated smoke: sqlite-interactive"],"fullName":"G1 independent generated smoke: sqlite-interactive seed 1004","status":"passed","title":"seed 1004","duration":8.962416000000303,"failureMessages":[],"meta":{}},{"ancestorTitles":["G1 independent generated smoke: sqlite-interactive"],"fullName":"G1 independent generated smoke: sqlite-interactive seed 1005","status":"passed","title":"seed 1005","duration":6.091291999999157,"failureMessages":[],"meta":{}},{"ancestorTitles":["G1 independent generated smoke: sqlite-interactive"],"fullName":"G1 independent generated smoke: sqlite-interactive seed 1006","status":"passed","title":"seed 1006","duration":3.724208000001454,"failureMessages":[],"meta":{}},{"ancestorTitles":["G1 independent generated smoke: sqlite-interactive"],"fullName":"G1 independent generated smoke: sqlite-interactive seed 1007","status":"passed","title":"seed 1007","duration":3.374042000001282,"failureMessages":[],"meta":{}},{"ancestorTitles":["G1 independent generated smoke: sqlite-interactive"],"fullName":"G1 independent generated smoke: sqlite-interactive seed 1008","status":"passed","title":"seed 1008","duration":8.02941699999974,"failureMessages":[],"meta":{}},{"ancestorTitles":["G1 independent generated smoke: sqlite-interactive"],"fullName":"G1 independent generated smoke: sqlite-interactive seed 1009","status":"passed","title":"seed 1009","duration":4.996208000000479,"failureMessages":[],"meta":{}},{"ancestorTitles":["G1 independent generated smoke: sqlite-interactive"],"fullName":"G1 independent generated smoke: sqlite-interactive seed 1010","status":"passed","title":"seed 1010","duration":3.679874999999811,"failureMessages":[],"meta":{}},{"ancestorTitles":["G1 independent generated smoke: sqlite-interactive"],"fullName":"G1 independent generated smoke: sqlite-interactive seed 1011","status":"passed","title":"seed 1011","duration":2.342000000000553,"failureMessages":[],"meta":{}},{"ancestorTitles":["G1 independent generated smoke: sqlite-interactive"],"fullName":"G1 independent generated smoke: sqlite-interactive seed 1012","status":"passed","title":"seed 1012","duration":6.020207999999911,"failureMessages":[],"meta":{}},{"ancestorTitles":["G1 independent generated smoke: sqlite-interactive"],"fullName":"G1 independent generated smoke: sqlite-interactive seed 1013","status":"passed","title":"seed 1013","duration":4.261624999999185,"failureMessages":[],"meta":{}},{"ancestorTitles":["G1 independent generated smoke: sqlite-interactive"],"fullName":"G1 independent generated smoke: sqlite-interactive seed 1014","status":"passed","title":"seed 1014","duration":3.541333000001032,"failureMessages":[],"meta":{}},{"ancestorTitles":["G1 independent generated smoke: sqlite-interactive"],"fullName":"G1 independent generated smoke: sqlite-interactive seed 1015","status":"passed","title":"seed 1015","duration":2.271500000000742,"failureMessages":[],"meta":{}},{"ancestorTitles":["G1 independent generated smoke: sqlite-atomic-batch"],"fullName":"G1 independent generated smoke: sqlite-atomic-batch seed 1000","status":"passed","title":"seed 1000","duration":4.17083300000013,"failureMessages":[],"meta":{}},{"ancestorTitles":["G1 independent generated smoke: sqlite-atomic-batch"],"fullName":"G1 independent generated smoke: sqlite-atomic-batch seed 1001","status":"passed","title":"seed 1001","duration":9.95299999999952,"failureMessages":[],"meta":{}},{"ancestorTitles":["G1 independent generated smoke: sqlite-atomic-batch"],"fullName":"G1 independent generated smoke: sqlite-atomic-batch seed 1002","status":"passed","title":"seed 1002","duration":4.712250000000495,"failureMessages":[],"meta":{}},{"ancestorTitles":["G1 independent generated smoke: sqlite-atomic-batch"],"fullName":"G1 independent generated smoke: sqlite-atomic-batch seed 1003","status":"passed","title":"seed 1003","duration":5.992209000000003,"failureMessages":[],"meta":{}},{"ancestorTitles":["G1 independent generated smoke: sqlite-atomic-batch"],"fullName":"G1 independent generated smoke: sqlite-atomic-batch seed 1004","status":"passed","title":"seed 1004","duration":3.248790999999983,"failureMessages":[],"meta":{}},{"ancestorTitles":["G1 independent generated smoke: sqlite-atomic-batch"],"fullName":"G1 independent generated smoke: sqlite-atomic-batch seed 1005","status":"passed","title":"seed 1005","duration":6.0222909999993135,"failureMessages":[],"meta":{}},{"ancestorTitles":["G1 independent generated smoke: sqlite-atomic-batch"],"fullName":"G1 independent generated smoke: sqlite-atomic-batch seed 1006","status":"passed","title":"seed 1006","duration":4.074832999998762,"failureMessages":[],"meta":{}},{"ancestorTitles":["G1 independent generated smoke: sqlite-atomic-batch"],"fullName":"G1 independent generated smoke: sqlite-atomic-batch seed 1007","status":"passed","title":"seed 1007","duration":4.543208999999479,"failureMessages":[],"meta":{}},{"ancestorTitles":["G1 independent generated smoke: sqlite-atomic-batch"],"fullName":"G1 independent generated smoke: sqlite-atomic-batch seed 1008","status":"passed","title":"seed 1008","duration":7.045625000000655,"failureMessages":[],"meta":{}},{"ancestorTitles":["G1 independent generated smoke: sqlite-atomic-batch"],"fullName":"G1 independent generated smoke: sqlite-atomic-batch seed 1009","status":"passed","title":"seed 1009","duration":5.140540999998848,"failureMessages":[],"meta":{}},{"ancestorTitles":["G1 independent generated smoke: sqlite-atomic-batch"],"fullName":"G1 independent generated smoke: sqlite-atomic-batch seed 1010","status":"passed","title":"seed 1010","duration":3.077792000000045,"failureMessages":[],"meta":{}},{"ancestorTitles":["G1 independent generated smoke: sqlite-atomic-batch"],"fullName":"G1 independent generated smoke: sqlite-atomic-batch seed 1011","status":"passed","title":"seed 1011","duration":2.6255419999997684,"failureMessages":[],"meta":{}},{"ancestorTitles":["G1 independent generated smoke: sqlite-atomic-batch"],"fullName":"G1 independent generated smoke: sqlite-atomic-batch seed 1012","status":"passed","title":"seed 1012","duration":6.285124999998516,"failureMessages":[],"meta":{}},{"ancestorTitles":["G1 independent generated smoke: sqlite-atomic-batch"],"fullName":"G1 independent generated smoke: sqlite-atomic-batch seed 1013","status":"passed","title":"seed 1013","duration":6.692542000000685,"failureMessages":[],"meta":{}},{"ancestorTitles":["G1 independent generated smoke: sqlite-atomic-batch"],"fullName":"G1 independent generated smoke: sqlite-atomic-batch seed 1014","status":"passed","title":"seed 1014","duration":3.555624999999054,"failureMessages":[],"meta":{}},{"ancestorTitles":["G1 independent generated smoke: sqlite-atomic-batch"],"fullName":"G1 independent generated smoke: sqlite-atomic-batch seed 1015","status":"passed","title":"seed 1015","duration":7.605542000001151,"failureMessages":[],"meta":{}}],"startTime":1789351448470,"endTime":1789351448642.6055,"status":"passed","message":"","name":"/private/tmp/viborm-cs00-candidate.V7lUlt/tests/raptor3/generated-smoke.test.ts"},{"assertionResults":[{"ancestorTitles":["G1 explicit transport replies: scripted-returning-weak"],"fullName":"G1 explicit transport replies: scripted-returning-weak executes and exactly replays create","status":"passed","title":"executes and exactly replays create","duration":10.103000000000065,"failureMessages":[],"meta":{}},{"ancestorTitles":["G1 explicit transport replies: scripted-returning-weak"],"fullName":"G1 explicit transport replies: scripted-returning-weak executes and exactly replays coc-found","status":"passed","title":"executes and exactly replays coc-found","duration":5.050207999999657,"failureMessages":[],"meta":{}},{"ancestorTitles":["G1 explicit transport replies: scripted-returning-weak"],"fullName":"G1 explicit transport replies: scripted-returning-weak executes and exactly replays coc-missing","status":"passed","title":"executes and exactly replays coc-missing","duration":3.7676250000004075,"failureMessages":[],"meta":{}},{"ancestorTitles":["G1 explicit transport replies: scripted-returning-weak"],"fullName":"G1 explicit transport replies: scripted-returning-weak preserves create producer-rejected and its healthy new-call suffix","status":"passed","title":"preserves create producer-rejected and its healthy new-call suffix","duration":6.417707999999948,"failureMessages":[],"meta":{}},{"ancestorTitles":["G1 explicit transport replies: scripted-returning-weak"],"fullName":"G1 explicit transport replies: scripted-returning-weak preserves create producer-empty and its healthy new-call suffix","status":"passed","title":"preserves create producer-empty and its healthy new-call suffix","duration":4.156500000000051,"failureMessages":[],"meta":{}},{"ancestorTitles":["G1 explicit transport replies: scripted-returning-weak"],"fullName":"G1 explicit transport replies: scripted-returning-weak preserves create producer-rejected-after-commit and its healthy new-call suffix","status":"passed","title":"preserves create producer-rejected-after-commit and its healthy new-call suffix","duration":3.997165999999197,"failureMessages":[],"meta":{}},{"ancestorTitles":["G1 explicit transport replies: scripted-returning-weak"],"fullName":"G1 explicit transport replies: scripted-returning-weak preserves create consumer-rejected and its healthy new-call suffix","status":"passed","title":"preserves create consumer-rejected and its healthy new-call suffix","duration":4.263915999999881,"failureMessages":[],"meta":{}},{"ancestorTitles":["G1 explicit transport replies: scripted-returning-weak"],"fullName":"G1 explicit transport replies: scripted-returning-weak preserves create consumer-rejected-after-commit and its healthy new-call suffix","status":"passed","title":"preserves create consumer-rejected-after-commit and its healthy new-call suffix","duration":4.183416999999281,"failureMessages":[],"meta":{}},{"ancestorTitles":["G1 explicit transport replies: scripted-returning-weak"],"fullName":"G1 explicit transport replies: scripted-returning-weak preserves create consumer-malformed and its healthy new-call suffix","status":"passed","title":"preserves create consumer-malformed and its healthy new-call suffix","duration":4.627083000000312,"failureMessages":[],"meta":{}},{"ancestorTitles":["G1 explicit transport replies: scripted-returning-weak"],"fullName":"G1 explicit transport replies: scripted-returning-weak preserves coc-missing producer-rejected and its healthy new-call suffix","status":"passed","title":"preserves coc-missing producer-rejected and its healthy new-call suffix","duration":4.804250000000138,"failureMessages":[],"meta":{}},{"ancestorTitles":["G1 explicit transport replies: scripted-returning-weak"],"fullName":"G1 explicit transport replies: scripted-returning-weak preserves coc-missing producer-empty and its healthy new-call suffix","status":"passed","title":"preserves coc-missing producer-empty and its healthy new-call suffix","duration":4.516292000000249,"failureMessages":[],"meta":{}},{"ancestorTitles":["G1 explicit transport replies: scripted-returning-weak"],"fullName":"G1 explicit transport replies: scripted-returning-weak preserves coc-missing producer-rejected-after-commit and its healthy new-call suffix","status":"passed","title":"preserves coc-missing producer-rejected-after-commit and its healthy new-call suffix","duration":4.661958000000595,"failureMessages":[],"meta":{}},{"ancestorTitles":["G1 explicit transport replies: scripted-returning-weak"],"fullName":"G1 explicit transport replies: scripted-returning-weak preserves coc-missing consumer-rejected and its healthy new-call suffix","status":"passed","title":"preserves coc-missing consumer-rejected and its healthy new-call suffix","duration":8.301540999999816,"failureMessages":[],"meta":{}},{"ancestorTitles":["G1 explicit transport replies: scripted-returning-weak"],"fullName":"G1 explicit transport replies: scripted-returning-weak preserves coc-missing consumer-rejected-after-commit and its healthy new-call suffix","status":"passed","title":"preserves coc-missing consumer-rejected-after-commit and its healthy new-call suffix","duration":4.817332999999962,"failureMessages":[],"meta":{}},{"ancestorTitles":["G1 explicit transport replies: scripted-returning-weak"],"fullName":"G1 explicit transport replies: scripted-returning-weak preserves coc-missing consumer-malformed and its healthy new-call suffix","status":"passed","title":"preserves coc-missing consumer-malformed and its healthy new-call suffix","duration":5.629791999999725,"failureMessages":[],"meta":{}},{"ancestorTitles":["G1 explicit transport replies: scripted-returning-weak"],"fullName":"G1 explicit transport replies: scripted-returning-weak queues two creates before release and explores both first actors with exact replay","status":"passed","title":"queues two creates before release and explores both first actors with exact replay","duration":87.30912500000068,"failureMessages":[],"meta":{}},{"ancestorTitles":["G1 explicit transport replies: scripted-returning-weak"],"fullName":"G1 explicit transport replies: scripted-returning-weak records two failed calls and a healthy third call on one reusable engine","status":"passed","title":"records two failed calls and a healthy third call on one reusable engine","duration":33.0918329999995,"failureMessages":[],"meta":{}},{"ancestorTitles":["G1 explicit transport replies: scripted-returning-weak"],"fullName":"G1 explicit transport replies: scripted-returning-weak rejects wrong-publication, saves its full trace, and repeats the same failure three times","status":"passed","title":"rejects wrong-publication, saves its full trace, and repeats the same failure three times","duration":27.3642090000003,"failureMessages":[],"meta":{}},{"ancestorTitles":["G1 explicit transport replies: scripted-returning-weak"],"fullName":"G1 explicit transport replies: scripted-returning-weak rejects lost-progress, saves its full trace, and repeats the same failure three times","status":"passed","title":"rejects lost-progress, saves its full trace, and repeats the same failure three times","duration":34.42633399999977,"failureMessages":[],"meta":{}},{"ancestorTitles":["G1 explicit transport replies: scripted-returning-weak"],"fullName":"G1 explicit transport replies: scripted-returning-weak rejects corrupted failure attribution without changing transport progress","status":"passed","title":"rejects corrupted failure attribution without changing transport progress","duration":1.8728330000003552,"failureMessages":[],"meta":{}},{"ancestorTitles":["G1 explicit transport replies: scripted-returning-weak"],"fullName":"G1 explicit transport replies: scripted-returning-weak keeps an unknown response sticky when the caller swallows the second public call's failure","status":"passed","title":"keeps an unknown response sticky when the caller swallows the second public call's failure","duration":1.1989579999999478,"failureMessages":[],"meta":{}},{"ancestorTitles":["G1 explicit transport replies: scripted-returning-weak"],"fullName":"G1 explicit transport replies: scripted-returning-weak rejects omitted provider work even when the caller returns the expected public row","status":"passed","title":"rejects omitted provider work even when the caller returns the expected public row","duration":0.21149999999943248,"failureMessages":[],"meta":{}},{"ancestorTitles":["G1 explicit transport replies: scripted-returning-ack"],"fullName":"G1 explicit transport replies: scripted-returning-ack executes and exactly replays create","status":"passed","title":"executes and exactly replays create","duration":2.612958000000617,"failureMessages":[],"meta":{}},{"ancestorTitles":["G1 explicit transport replies: scripted-returning-ack"],"fullName":"G1 explicit transport replies: scripted-returning-ack executes and exactly replays coc-found","status":"passed","title":"executes and exactly replays coc-found","duration":3.11462500000016,"failureMessages":[],"meta":{}},{"ancestorTitles":["G1 explicit transport replies: scripted-returning-ack"],"fullName":"G1 explicit transport replies: scripted-returning-ack executes and exactly replays coc-missing","status":"passed","title":"executes and exactly replays coc-missing","duration":2.92712500000016,"failureMessages":[],"meta":{}},{"ancestorTitles":["G1 explicit transport replies: scripted-returning-ack"],"fullName":"G1 explicit transport replies: scripted-returning-ack preserves create producer-rejected and its healthy new-call suffix","status":"passed","title":"preserves create producer-rejected and its healthy new-call suffix","duration":4.178250000000844,"failureMessages":[],"meta":{}},{"ancestorTitles":["G1 explicit transport replies: scripted-returning-ack"],"fullName":"G1 explicit transport replies: scripted-returning-ack preserves create producer-empty and its healthy new-call suffix","status":"passed","title":"preserves create producer-empty and its healthy new-call suffix","duration":3.6528330000001006,"failureMessages":[],"meta":{}},{"ancestorTitles":["G1 explicit transport replies: scripted-returning-ack"],"fullName":"G1 explicit transport replies: scripted-returning-ack preserves create producer-rejected-after-commit and its healthy new-call suffix","status":"passed","title":"preserves create producer-rejected-after-commit and its healthy new-call suffix","duration":3.896208000000115,"failureMessages":[],"meta":{}},{"ancestorTitles":["G1 explicit transport replies: scripted-returning-ack"],"fullName":"G1 explicit transport replies: scripted-returning-ack preserves create consumer-rejected and its healthy new-call suffix","status":"passed","title":"preserves create consumer-rejected and its healthy new-call suffix","duration":3.5599169999995866,"failureMessages":[],"meta":{}},{"ancestorTitles":["G1 explicit transport replies: scripted-returning-ack"],"fullName":"G1 explicit transport replies: scripted-returning-ack preserves create consumer-rejected-after-commit and its healthy new-call suffix","status":"passed","title":"preserves create consumer-rejected-after-commit and its healthy new-call suffix","duration":3.2624580000001515,"failureMessages":[],"meta":{}},{"ancestorTitles":["G1 explicit transport replies: scripted-returning-ack"],"fullName":"G1 explicit transport replies: scripted-returning-ack preserves create consumer-malformed and its healthy new-call suffix","status":"passed","title":"preserves create consumer-malformed and its healthy new-call suffix","duration":3.4231250000002547,"failureMessages":[],"meta":{}},{"ancestorTitles":["G1 explicit transport replies: scripted-returning-ack"],"fullName":"G1 explicit transport replies: scripted-returning-ack preserves coc-missing producer-rejected and its healthy new-call suffix","status":"passed","title":"preserves coc-missing producer-rejected and its healthy new-call suffix","duration":4.2392919999992955,"failureMessages":[],"meta":{}},{"ancestorTitles":["G1 explicit transport replies: scripted-returning-ack"],"fullName":"G1 explicit transport replies: scripted-returning-ack preserves coc-missing producer-empty and its healthy new-call suffix","status":"passed","title":"preserves coc-missing producer-empty and its healthy new-call suffix","duration":4.160375000000386,"failureMessages":[],"meta":{}},{"ancestorTitles":["G1 explicit transport replies: scripted-returning-ack"],"fullName":"G1 explicit transport replies: scripted-returning-ack preserves coc-missing producer-rejected-after-commit and its healthy new-call suffix","status":"passed","title":"preserves coc-missing producer-rejected-after-commit and its healthy new-call suffix","duration":5.067250000000058,"failureMessages":[],"meta":{}},{"ancestorTitles":["G1 explicit transport replies: scripted-returning-ack"],"fullName":"G1 explicit transport replies: scripted-returning-ack preserves coc-missing consumer-rejected and its healthy new-call suffix","status":"passed","title":"preserves coc-missing consumer-rejected and its healthy new-call suffix","duration":4.1548329999995985,"failureMessages":[],"meta":{}},{"ancestorTitles":["G1 explicit transport replies: scripted-returning-ack"],"fullName":"G1 explicit transport replies: scripted-returning-ack preserves coc-missing consumer-rejected-after-commit and its healthy new-call suffix","status":"passed","title":"preserves coc-missing consumer-rejected-after-commit and its healthy new-call suffix","duration":8.484958000000006,"failureMessages":[],"meta":{}},{"ancestorTitles":["G1 explicit transport replies: scripted-returning-ack"],"fullName":"G1 explicit transport replies: scripted-returning-ack preserves coc-missing consumer-malformed and its healthy new-call suffix","status":"passed","title":"preserves coc-missing consumer-malformed and its healthy new-call suffix","duration":4.775375000000167,"failureMessages":[],"meta":{}},{"ancestorTitles":["G1 explicit transport replies: scripted-returning-ack"],"fullName":"G1 explicit transport replies: scripted-returning-ack queues two creates before release and explores both first actors with exact replay","status":"passed","title":"queues two creates before release and explores both first actors with exact replay","duration":75.87829199999942,"failureMessages":[],"meta":{}},{"ancestorTitles":["G1 explicit transport replies: scripted-returning-ack"],"fullName":"G1 explicit transport replies: scripted-returning-ack records two failed calls and a healthy third call on one reusable engine","status":"passed","title":"records two failed calls and a healthy third call on one reusable engine","duration":31.01366700000017,"failureMessages":[],"meta":{}},{"ancestorTitles":["G1 explicit transport replies: scripted-returning-ack"],"fullName":"G1 explicit transport replies: scripted-returning-ack rejects wrong-publication, saves its full trace, and repeats the same failure three times","status":"passed","title":"rejects wrong-publication, saves its full trace, and repeats the same failure three times","duration":29.14587500000016,"failureMessages":[],"meta":{}},{"ancestorTitles":["G1 explicit transport replies: scripted-returning-ack"],"fullName":"G1 explicit transport replies: scripted-returning-ack rejects lost-progress, saves its full trace, and repeats the same failure three times","status":"passed","title":"rejects lost-progress, saves its full trace, and repeats the same failure three times","duration":32.66679199999999,"failureMessages":[],"meta":{}},{"ancestorTitles":["G1 explicit transport replies: scripted-returning-ack"],"fullName":"G1 explicit transport replies: scripted-returning-ack rejects corrupted failure attribution without changing transport progress","status":"passed","title":"rejects corrupted failure attribution without changing transport progress","duration":1.5703330000005735,"failureMessages":[],"meta":{}},{"ancestorTitles":["G1 explicit transport replies: scripted-returning-ack"],"fullName":"G1 explicit transport replies: scripted-returning-ack keeps an unknown response sticky when the caller swallows the second public call's failure","status":"passed","title":"keeps an unknown response sticky when the caller swallows the second public call's failure","duration":0.5859159999999974,"failureMessages":[],"meta":{}},{"ancestorTitles":["G1 explicit transport replies: scripted-returning-ack"],"fullName":"G1 explicit transport replies: scripted-returning-ack rejects omitted provider work even when the caller returns the expected public row","status":"passed","title":"rejects omitted provider work even when the caller returns the expected public row","duration":0.11537500000031287,"failureMessages":[],"meta":{}}],"startTime":1789351442400,"endTime":1789351442898.1155,"status":"passed","message":"","name":"/private/tmp/viborm-cs00-candidate.V7lUlt/tests/raptor3/transport.test.ts"},{"assertionResults":[{"ancestorTitles":[],"fullName":"CS-01 A returns omitted-key rows only after every relation-series member","status":"passed","title":"CS-01 A returns omitted-key rows only after every relation-series member","duration":5.657250000000204,"failureMessages":[],"meta":{}},{"ancestorTitles":[],"fullName":"CS-01 A reads compound final keys while keeping injected keys private","status":"passed","title":"CS-01 A reads compound final keys while keeping injected keys private","duration":3.267374999999447,"failureMessages":[],"meta":{}},{"ancestorTitles":[],"fullName":"CS-01 A refuses a missing terminal row and rolls back interactively","status":"passed","title":"CS-01 A refuses a missing terminal row and rolls back interactively","duration":2.5703340000000026,"failureMessages":[],"meta":{}},{"ancestorTitles":[],"fullName":"CS-01 A reports acknowledged member progress when a terminal row is missing","status":"passed","title":"CS-01 A reports acknowledged member progress when a terminal row is missing","duration":2.706042000000707,"failureMessages":[],"meta":{}},{"ancestorTitles":[],"fullName":"CS-01 A preserves the createMany terminal underflow error contract","status":"passed","title":"CS-01 A preserves the createMany terminal underflow error contract","duration":1.8234999999995125,"failureMessages":[],"meta":{}},{"ancestorTitles":[],"fullName":"CS-01 A does not widen scalar returning or projection capabilities","status":"passed","title":"CS-01 A does not widen scalar returning or projection capabilities","duration":1.2678750000004584,"failureMessages":[],"meta":{}}],"startTime":1789351443081,"endTime":1789351443098.2678,"status":"passed","message":"","name":"/private/tmp/viborm-cs00-candidate.V7lUlt/tests/raptor3/core-structure/extension-a.contract.test.ts"},{"assertionResults":[{"ancestorTitles":[],"fullName":"CS-01 B applies a scalar updateMany limit in one set statement","status":"passed","title":"CS-01 B applies a scalar updateMany limit in one set statement","duration":2.8038750000005166,"failureMessages":[],"meta":{}},{"ancestorTitles":[],"fullName":"CS-01 B applies a scalar deleteMany limit in one set statement","status":"passed","title":"CS-01 B applies a scalar deleteMany limit in one set statement","duration":1.4962500000001455,"failureMessages":[],"meta":{}},{"ancestorTitles":[],"fullName":"CS-01 B caps relation capture before admitting or executing members","status":"passed","title":"CS-01 B caps relation capture before admitting or executing members","duration":2.8229169999995065,"failureMessages":[],"meta":{}},{"ancestorTitles":[],"fullName":"CS-01 B validates limits and makes limit zero a true no-op","status":"passed","title":"CS-01 B validates limits and makes limit zero a true no-op","duration":1.5667920000005324,"failureMessages":[],"meta":{}}],"startTime":1789351443397,"endTime":1789351443405.567,"status":"passed","message":"","name":"/private/tmp/viborm-cs00-candidate.V7lUlt/tests/raptor3/core-structure/extension-b.contract.test.ts"},{"assertionResults":[{"ancestorTitles":[],"fullName":"CS-01 composition returns trigger-updated capped rows after an active choice arm and nested series","status":"passed","title":"CS-01 composition returns trigger-updated capped rows after an active choice arm and nested series","duration":7.899833999999828,"failureMessages":[],"meta":{}},{"ancestorTitles":[],"fullName":"CS-01 composition keeps the untaken choice arm inert while returning trigger-updated capped rows","status":"passed","title":"CS-01 composition keeps the untaken choice arm inert while returning trigger-updated capped rows","duration":4.1542499999995925,"failureMessages":[],"meta":{}},{"ancestorTitles":[],"fullName":"CS-01 composition keeps limit zero SQL-free across selection, series, and choice","status":"passed","title":"CS-01 composition keeps limit zero SQL-free across selection, series, and choice","duration":2.276582999999846,"failureMessages":[],"meta":{}},{"ancestorTitles":[],"fullName":"CS-01 composition reaches the nested series, choice, and trigger-driven result without extension options","status":"passed","title":"CS-01 composition reaches the nested series, choice, and trigger-driven result without extension options","duration":3.0262080000002243,"failureMessages":[],"meta":{}}],"startTime":1789351443271,"endTime":1789351443288.0261,"status":"passed","message":"","name":"/private/tmp/viborm-cs00-candidate.V7lUlt/tests/raptor3/core-structure/extension-composition.contract.test.ts"},{"assertionResults":[{"ancestorTitles":["CS-03 peer member scope (sqlite-interactive)"],"fullName":"CS-03 peer member scope (sqlite-interactive) cs03-peer-scope-root","status":"passed","title":"cs03-peer-scope-root","duration":6.260167000000365,"failureMessages":[],"meta":{}},{"ancestorTitles":["CS-03 peer member scope (sqlite-interactive)"],"fullName":"CS-03 peer member scope (sqlite-interactive) cs03-peer-scope-nested","status":"passed","title":"cs03-peer-scope-nested","duration":3.0195840000001226,"failureMessages":[],"meta":{}},{"ancestorTitles":["CS-03 peer member scope (sqlite-interactive)"],"fullName":"CS-03 peer member scope (sqlite-interactive) cs03-peer-scope-surrounding","status":"passed","title":"cs03-peer-scope-surrounding","duration":4.082583000000341,"failureMessages":[],"meta":{}},{"ancestorTitles":["CS-03 peer member scope (sqlite-interactive)"],"fullName":"CS-03 peer member scope (sqlite-interactive) cs03-peer-scope-static","status":"passed","title":"cs03-peer-scope-static","duration":1.2536669999999503,"failureMessages":[],"meta":{}},{"ancestorTitles":["CS-03 peer member scope (sqlite-atomic-batch)"],"fullName":"CS-03 peer member scope (sqlite-atomic-batch) cs03-peer-scope-root","status":"passed","title":"cs03-peer-scope-root","duration":1.8491659999999683,"failureMessages":[],"meta":{}},{"ancestorTitles":["CS-03 peer member scope (sqlite-atomic-batch)"],"fullName":"CS-03 peer member scope (sqlite-atomic-batch) cs03-peer-scope-nested","status":"passed","title":"cs03-peer-scope-nested","duration":2.2607920000000377,"failureMessages":[],"meta":{}},{"ancestorTitles":["CS-03 peer member scope (sqlite-atomic-batch)"],"fullName":"CS-03 peer member scope (sqlite-atomic-batch) cs03-peer-scope-surrounding","status":"passed","title":"cs03-peer-scope-surrounding","duration":4.104374999999891,"failureMessages":[],"meta":{}},{"ancestorTitles":["CS-03 peer member scope (sqlite-atomic-batch)"],"fullName":"CS-03 peer member scope (sqlite-atomic-batch) cs03-peer-scope-static","status":"passed","title":"cs03-peer-scope-static","duration":1.4506670000000668,"failureMessages":[],"meta":{}}],"startTime":1789351440375,"endTime":1789351440399.4507,"status":"passed","message":"","name":"/private/tmp/viborm-cs00-candidate.V7lUlt/tests/raptor3/core-structure/member-scope.contract.test.ts"},{"assertionResults":[{"ancestorTitles":["CS-02 repeated command occurrence ownership"],"fullName":"CS-02 repeated command occurrence ownership keeps finalized membership ownership with each repeated placement","status":"passed","title":"keeps finalized membership ownership with each repeated placement","duration":1.2630830000002788,"failureMessages":[],"meta":{}},{"ancestorTitles":["CS-02 repeated command occurrence ownership"],"fullName":"CS-02 repeated command occurrence ownership gives each placement of one Choice its own complete arm ancestry","status":"passed","title":"gives each placement of one Choice its own complete arm ancestry","duration":0.2697920000000522,"failureMessages":[],"meta":{}},{"ancestorTitles":["CS-02 repeated command occurrence ownership"],"fullName":"CS-02 repeated command occurrence ownership reuses shared presence but reobserves shared absence per Choice placement","status":"passed","title":"reuses shared presence but reobserves shared absence per Choice placement","duration":1.058208999999806,"failureMessages":[],"meta":{}},{"ancestorTitles":["CS-02 repeated command occurrence ownership"],"fullName":"CS-02 repeated command occurrence ownership keeps repeated selected-series expansion and attempt state occurrence-owned","status":"passed","title":"keeps repeated selected-series expansion and attempt state occurrence-owned","duration":0.9886250000004111,"failureMessages":[],"meta":{}},{"ancestorTitles":["CS-02 repeated command occurrence ownership"],"fullName":"CS-02 repeated command occurrence ownership keeps a nested series capture local when one record recipe occupies both Choice arms","status":"passed","title":"keeps a nested series capture local when one record recipe occupies both Choice arms","duration":0.5571250000002692,"failureMessages":[],"meta":{}}],"startTime":1789351441915,"endTime":1789351441918.5571,"status":"passed","message":"","name":"/private/tmp/viborm-cs00-candidate.V7lUlt/tests/raptor3/core-structure/repeated-occurrence-ownership.test.ts"},{"assertionResults":[{"ancestorTitles":["CS-01 member-major/read-major priority (sqlite-interactive)"],"fullName":"CS-01 member-major/read-major priority (sqlite-interactive) chooses member zero's later guard-observed active-arm conflict before member one's earlier read","status":"passed","title":"chooses member zero's later guard-observed active-arm conflict before member one's earlier read","duration":7.5246250000000146,"failureMessages":[],"meta":{}},{"ancestorTitles":["CS-01 member-major/read-major priority (sqlite-interactive)"],"fullName":"CS-01 member-major/read-major priority (sqlite-interactive) reobserves the guard-observed absence, ignores that untaken arm, and reports member one's earlier read","status":"passed","title":"reobserves the guard-observed absence, ignores that untaken arm, and reports member one's earlier read","duration":3.527042000000165,"failureMessages":[],"meta":{}},{"ancestorTitles":["CS-01 member-major/read-major priority (sqlite-atomic-batch)"],"fullName":"CS-01 member-major/read-major priority (sqlite-atomic-batch) chooses member zero's later guard-observed active-arm conflict before member one's earlier read","status":"passed","title":"chooses member zero's later guard-observed active-arm conflict before member one's earlier read","duration":3.8887500000000728,"failureMessages":[],"meta":{}},{"ancestorTitles":["CS-01 member-major/read-major priority (sqlite-atomic-batch)"],"fullName":"CS-01 member-major/read-major priority (sqlite-atomic-batch) reobserves the guard-observed absence, ignores that untaken arm, and reports member one's earlier read","status":"passed","title":"reobserves the guard-observed absence, ignores that untaken arm, and reports member one's earlier read","duration":3.3557080000000497,"failureMessages":[],"meta":{}},{"ancestorTitles":["CS-01 Selection observation identity versus occurrence identity"],"fullName":"CS-01 Selection observation identity versus occurrence identity observes one present Selection once across two ordered placements","status":"passed","title":"observes one present Selection once across two ordered placements","duration":0.5183750000001055,"failureMessages":[],"meta":{}},{"ancestorTitles":["CS-01 Selection observation identity versus occurrence identity"],"fullName":"CS-01 Selection observation identity versus occurrence identity reobserves an absent Selection at its later placement after a producer","status":"passed","title":"reobserves an absent Selection at its later placement after a producer","duration":0.34595800000033705,"failureMessages":[],"meta":{}},{"ancestorTitles":[],"fullName":"CS-01 reconciles the whole body before authoritative contribution publication: agree-partial","status":"passed","title":"CS-01 reconciles the whole body before authoritative contribution publication: agree-partial","duration":1.211999999999989,"failureMessages":[],"meta":{}},{"ancestorTitles":[],"fullName":"CS-01 reconciles the whole body before authoritative contribution publication: agree-complete","status":"passed","title":"CS-01 reconciles the whole body before authoritative contribution publication: agree-complete","duration":0.6250839999997879,"failureMessages":[],"meta":{}},{"ancestorTitles":[],"fullName":"CS-01 reconciles the whole body before authoritative contribution publication: agree-reordered","status":"passed","title":"CS-01 reconciles the whole body before authoritative contribution publication: agree-reordered","duration":0.5602909999997792,"failureMessages":[],"meta":{}},{"ancestorTitles":[],"fullName":"CS-01 reconciles the whole body before authoritative contribution publication: conflict","status":"passed","title":"CS-01 reconciles the whole body before authoritative contribution publication: conflict","duration":0.5410830000000715,"failureMessages":[],"meta":{}}],"startTime":1789351440505,"endTime":1789351440526.5603,"status":"passed","message":"","name":"/private/tmp/viborm-cs00-candidate.V7lUlt/tests/raptor3/core-structure/structural-reference.test.ts"},{"assertionResults":[{"ancestorTitles":["G1 expanded commands versus independently checked legacy","sqlite-interactive"],"fullName":"G1 expanded commands versus independently checked legacy sqlite-interactive g1-parent-fresh-create","status":"passed","title":"g1-parent-fresh-create","duration":5.582791999999245,"failureMessages":[],"meta":{}},{"ancestorTitles":["G1 expanded commands versus independently checked legacy","sqlite-interactive"],"fullName":"G1 expanded commands versus independently checked legacy sqlite-interactive g1-parent-selected-create","status":"passed","title":"g1-parent-selected-create","duration":3.316665999998804,"failureMessages":[],"meta":{}},{"ancestorTitles":["G1 expanded commands versus independently checked legacy","sqlite-interactive"],"fullName":"G1 expanded commands versus independently checked legacy sqlite-interactive g1-parent-fresh-connect-foreign","status":"passed","title":"g1-parent-fresh-connect-foreign","duration":2.7815410000002885,"failureMessages":[],"meta":{}},{"ancestorTitles":["G1 expanded commands versus independently checked legacy","sqlite-interactive"],"fullName":"G1 expanded commands versus independently checked legacy sqlite-interactive g1-parent-selected-connect-missing","status":"passed","title":"g1-parent-selected-connect-missing","duration":2.527750000001106,"failureMessages":[],"meta":{}},{"ancestorTitles":["G1 expanded commands versus independently checked legacy","sqlite-interactive"],"fullName":"G1 expanded commands versus independently checked legacy sqlite-interactive g1-parent-fresh-coc-missing","status":"passed","title":"g1-parent-fresh-coc-missing","duration":2.1776669999999285,"failureMessages":[],"meta":{}},{"ancestorTitles":["G1 expanded commands versus independently checked legacy","sqlite-interactive"],"fullName":"G1 expanded commands versus independently checked legacy sqlite-interactive g1-parent-selected-coc-found-foreign","status":"passed","title":"g1-parent-selected-coc-found-foreign","duration":2.8011660000011034,"failureMessages":[],"meta":{}},{"ancestorTitles":["G1 expanded commands versus independently checked legacy","sqlite-interactive"],"fullName":"G1 expanded commands versus independently checked legacy sqlite-interactive g1-parent-selected-upsert-found","status":"passed","title":"g1-parent-selected-upsert-found","duration":4.345291999999972,"failureMessages":[],"meta":{}},{"ancestorTitles":["G1 expanded commands versus independently checked legacy","sqlite-interactive"],"fullName":"G1 expanded commands versus independently checked legacy sqlite-interactive g1-parent-selected-upsert-missing","status":"passed","title":"g1-parent-selected-upsert-missing","duration":2.739958000000115,"failureMessages":[],"meta":{}},{"ancestorTitles":["G1 expanded commands versus independently checked legacy","sqlite-interactive"],"fullName":"G1 expanded commands versus independently checked legacy sqlite-interactive g1-parent-fresh-upsert-refused","status":"passed","title":"g1-parent-fresh-upsert-refused","duration":1.269624999998996,"failureMessages":[],"meta":{}},{"ancestorTitles":["G1 expanded commands versus independently checked legacy","sqlite-interactive"],"fullName":"G1 expanded commands versus independently checked legacy sqlite-interactive g1-child-fresh-create","status":"passed","title":"g1-child-fresh-create","duration":1.7400409999991098,"failureMessages":[],"meta":{}},{"ancestorTitles":["G1 expanded commands versus independently checked legacy","sqlite-interactive"],"fullName":"G1 expanded commands versus independently checked legacy sqlite-interactive g1-child-selected-create","status":"passed","title":"g1-child-selected-create","duration":2.1385000000009313,"failureMessages":[],"meta":{}},{"ancestorTitles":["G1 expanded commands versus independently checked legacy","sqlite-interactive"],"fullName":"G1 expanded commands versus independently checked legacy sqlite-interactive g1-child-fresh-connect-foreign","status":"passed","title":"g1-child-fresh-connect-foreign","duration":1.7667919999985315,"failureMessages":[],"meta":{}},{"ancestorTitles":["G1 expanded commands versus independently checked legacy","sqlite-interactive"],"fullName":"G1 expanded commands versus independently checked legacy sqlite-interactive g1-child-selected-connect-missing","status":"passed","title":"g1-child-selected-connect-missing","duration":1.7163330000003043,"failureMessages":[],"meta":{}},{"ancestorTitles":["G1 expanded commands versus independently checked legacy","sqlite-interactive"],"fullName":"G1 expanded commands versus independently checked legacy sqlite-interactive g1-child-fresh-coc-missing","status":"passed","title":"g1-child-fresh-coc-missing","duration":6.119625000001179,"failureMessages":[],"meta":{}},{"ancestorTitles":["G1 expanded commands versus independently checked legacy","sqlite-interactive"],"fullName":"G1 expanded commands versus independently checked legacy sqlite-interactive g1-child-selected-coc-found-foreign","status":"passed","title":"g1-child-selected-coc-found-foreign","duration":2.8763749999998254,"failureMessages":[],"meta":{}},{"ancestorTitles":["G1 expanded commands versus independently checked legacy","sqlite-interactive"],"fullName":"G1 expanded commands versus independently checked legacy sqlite-interactive g1-child-fresh-upsert-found-foreign","status":"passed","title":"g1-child-fresh-upsert-found-foreign","duration":2.5257910000000265,"failureMessages":[],"meta":{}},{"ancestorTitles":["G1 expanded commands versus independently checked legacy","sqlite-interactive"],"fullName":"G1 expanded commands versus independently checked legacy sqlite-interactive g1-child-selected-upsert-missing","status":"passed","title":"g1-child-selected-upsert-missing","duration":2.501750000001266,"failureMessages":[],"meta":{}},{"ancestorTitles":["G1 expanded commands versus independently checked legacy","sqlite-interactive"],"fullName":"G1 expanded commands versus independently checked legacy sqlite-interactive g1-child-selected-upsert-foreign","status":"passed","title":"g1-child-selected-upsert-foreign","duration":2.8392499999990832,"failureMessages":[],"meta":{}},{"ancestorTitles":["G1 expanded commands versus independently checked legacy","sqlite-interactive"],"fullName":"G1 expanded commands versus independently checked legacy sqlite-interactive g1-junction-fresh-create","status":"passed","title":"g1-junction-fresh-create","duration":2.6142499999987194,"failureMessages":[],"meta":{}},{"ancestorTitles":["G1 expanded commands versus independently checked legacy","sqlite-interactive"],"fullName":"G1 expanded commands versus independently checked legacy sqlite-interactive g1-junction-selected-create","status":"passed","title":"g1-junction-selected-create","duration":1.9550419999995938,"failureMessages":[],"meta":{}},{"ancestorTitles":["G1 expanded commands versus independently checked legacy","sqlite-interactive"],"fullName":"G1 expanded commands versus independently checked legacy sqlite-interactive g1-junction-fresh-connect-foreign","status":"passed","title":"g1-junction-fresh-connect-foreign","duration":1.4325840000001335,"failureMessages":[],"meta":{}},{"ancestorTitles":["G1 expanded commands versus independently checked legacy","sqlite-interactive"],"fullName":"G1 expanded commands versus independently checked legacy sqlite-interactive g1-junction-selected-connect-missing","status":"passed","title":"g1-junction-selected-connect-missing","duration":2.188749999999345,"failureMessages":[],"meta":{}},{"ancestorTitles":["G1 expanded commands versus independently checked legacy","sqlite-interactive"],"fullName":"G1 expanded commands versus independently checked legacy sqlite-interactive g1-junction-selected-connect-owned","status":"passed","title":"g1-junction-selected-connect-owned","duration":2.1930840000004537,"failureMessages":[],"meta":{}},{"ancestorTitles":["G1 expanded commands versus independently checked legacy","sqlite-interactive"],"fullName":"G1 expanded commands versus independently checked legacy sqlite-interactive g1-junction-fresh-coc-missing","status":"passed","title":"g1-junction-fresh-coc-missing","duration":2.117540999999619,"failureMessages":[],"meta":{}},{"ancestorTitles":["G1 expanded commands versus independently checked legacy","sqlite-interactive"],"fullName":"G1 expanded commands versus independently checked legacy sqlite-interactive g1-junction-selected-coc-found-foreign","status":"passed","title":"g1-junction-selected-coc-found-foreign","duration":1.7932080000009591,"failureMessages":[],"meta":{}},{"ancestorTitles":["G1 expanded commands versus independently checked legacy","sqlite-interactive"],"fullName":"G1 expanded commands versus independently checked legacy sqlite-interactive g1-junction-fresh-upsert-found-foreign","status":"passed","title":"g1-junction-fresh-upsert-found-foreign","duration":2.21929099999943,"failureMessages":[],"meta":{}},{"ancestorTitles":["G1 expanded commands versus independently checked legacy","sqlite-interactive"],"fullName":"G1 expanded commands versus independently checked legacy sqlite-interactive g1-junction-selected-upsert-missing","status":"passed","title":"g1-junction-selected-upsert-missing","duration":2.822541999999885,"failureMessages":[],"meta":{}},{"ancestorTitles":["G1 expanded commands versus independently checked legacy","sqlite-interactive"],"fullName":"G1 expanded commands versus independently checked legacy sqlite-interactive g1-junction-selected-upsert-foreign","status":"passed","title":"g1-junction-selected-upsert-foreign","duration":1.9303340000005846,"failureMessages":[],"meta":{}},{"ancestorTitles":["G1 expanded commands versus independently checked legacy","sqlite-interactive"],"fullName":"G1 expanded commands versus independently checked legacy sqlite-interactive g1-selected-upsert-reparent","status":"passed","title":"g1-selected-upsert-reparent","duration":2.6951659999995172,"failureMessages":[],"meta":{}},{"ancestorTitles":["G1 expanded commands versus independently checked legacy","sqlite-interactive"],"fullName":"G1 expanded commands versus independently checked legacy sqlite-interactive g1-selected-upsert-explicit-fk-conflict","status":"passed","title":"g1-selected-upsert-explicit-fk-conflict","duration":1.5215410000000702,"failureMessages":[],"meta":{}},{"ancestorTitles":["G1 expanded commands versus independently checked legacy","sqlite-interactive"],"fullName":"G1 expanded commands versus independently checked legacy sqlite-interactive g1-compound-agree-partial","status":"passed","title":"g1-compound-agree-partial","duration":2.5165839999990567,"failureMessages":[],"meta":{}},{"ancestorTitles":["G1 expanded commands versus independently checked legacy","sqlite-interactive"],"fullName":"G1 expanded commands versus independently checked legacy sqlite-interactive g1-compound-agree-complete","status":"passed","title":"g1-compound-agree-complete","duration":1.5104580000006536,"failureMessages":[],"meta":{}},{"ancestorTitles":["G1 expanded commands versus independently checked legacy","sqlite-interactive"],"fullName":"G1 expanded commands versus independently checked legacy sqlite-interactive g1-compound-conflict","status":"passed","title":"g1-compound-conflict","duration":1.4494590000012977,"failureMessages":[],"meta":{}},{"ancestorTitles":["G1 expanded commands versus independently checked legacy","sqlite-interactive"],"fullName":"G1 expanded commands versus independently checked legacy sqlite-interactive g1-compound-null","status":"passed","title":"g1-compound-null","duration":1.2677090000015596,"failureMessages":[],"meta":{}},{"ancestorTitles":["G1 expanded commands versus independently checked legacy","sqlite-interactive"],"fullName":"G1 expanded commands versus independently checked legacy sqlite-interactive g1-compound-selected-owned-key","status":"passed","title":"g1-compound-selected-owned-key","duration":1.1254169999992882,"failureMessages":[],"meta":{}},{"ancestorTitles":["G1 expanded commands versus independently checked legacy","sqlite-interactive"],"fullName":"G1 expanded commands versus independently checked legacy sqlite-interactive g1-compound-create-owned-key","status":"passed","title":"g1-compound-create-owned-key","duration":0.6214579999996204,"failureMessages":[],"meta":{}},{"ancestorTitles":["G1 expanded commands versus independently checked legacy","sqlite-interactive"],"fullName":"G1 expanded commands versus independently checked legacy sqlite-interactive g1-compound-generated-parent","status":"passed","title":"g1-compound-generated-parent","duration":1.3750419999996666,"failureMessages":[],"meta":{}},{"ancestorTitles":["G1 expanded commands versus independently checked legacy","sqlite-interactive"],"fullName":"G1 expanded commands versus independently checked legacy sqlite-interactive g1-compound-unknown-component","status":"passed","title":"g1-compound-unknown-component","duration":1.1100409999999101,"failureMessages":[],"meta":{}},{"ancestorTitles":["G1 expanded commands versus independently checked legacy","sqlite-interactive"],"fullName":"G1 expanded commands versus independently checked legacy sqlite-interactive g1-read-unique-found","status":"passed","title":"g1-read-unique-found","duration":1.7631250000013097,"failureMessages":[],"meta":{}},{"ancestorTitles":["G1 expand
[...]
],"fullName":"G2 supplier continuations: commands sqlite-interactive g2-supplier-wrapper-filter-miss","status":"passed","title":"g2-supplier-wrapper-filter-miss","duration":4.518332999999984,"failureMessages":[],"meta":{}},{"ancestorTitles":["G2 supplier continuations: commands sqlite-interactive"],"fullName":"G2 supplier continuations: commands sqlite-interactive g2-supplier-untaken-upsert","status":"passed","title":"g2-supplier-untaken-upsert","duration":3.407499999999345,"failureMessages":[],"meta":{}},{"ancestorTitles":["G2 supplier continuations: commands sqlite-atomic-batch"],"fullName":"G2 supplier continuations: commands sqlite-atomic-batch g2-supplier-coc-found-modify","status":"passed","title":"g2-supplier-coc-found-modify","duration":7.69287500000064,"failureMessages":[],"meta":{}},{"ancestorTitles":["G2 supplier continuations: commands sqlite-atomic-batch"],"fullName":"G2 supplier continuations: commands sqlite-atomic-batch g2-supplier-coc-missing-modify","status":"passed","title":"g2-supplier-coc-missing-modify","duration":7.643125000000509,"failureMessages":[],"meta":{}},{"ancestorTitles":["G2 supplier continuations: commands sqlite-atomic-batch"],"fullName":"G2 supplier continuations: commands sqlite-atomic-batch g2-supplier-modifier-unique-failure","status":"passed","title":"g2-supplier-modifier-unique-failure","duration":9.995249999999942,"failureMessages":[],"meta":{}},{"ancestorTitles":["G2 supplier continuations: commands sqlite-atomic-batch"],"fullName":"G2 supplier continuations: commands sqlite-atomic-batch g2-supplier-wrapper-filter-miss","status":"passed","title":"g2-supplier-wrapper-filter-miss","duration":5.617709000000104,"failureMessages":[],"meta":{}},{"ancestorTitles":["G2 supplier continuations: commands sqlite-atomic-batch"],"fullName":"G2 supplier continuations: commands sqlite-atomic-batch g2-supplier-untaken-upsert","status":"passed","title":"g2-supplier-untaken-upsert","duration":3.5169999999998254,"failureMessages":[],"meta":{}}],"startTime":1789351446223,"endTime":1789351446292.517,"status":"passed","message":"","name":"/private/tmp/viborm-cs00-candidate.V7lUlt/tests/raptor3/transitions/supplier-continuations-commands.test.ts"},{"assertionResults":[{"ancestorTitles":["G2 variant removals: commands sqlite-interactive"],"fullName":"G2 variant removals: commands sqlite-interactive g2-variant-inverse-set-removal","status":"passed","title":"g2-variant-inverse-set-removal","duration":9.869000000000597,"failureMessages":[],"meta":{}},{"ancestorTitles":["G2 variant removals: commands sqlite-interactive"],"fullName":"G2 variant removals: commands sqlite-interactive g2-variant-inverse-delete-owned","status":"passed","title":"g2-variant-inverse-delete-owned","duration":6.531750000000102,"failureMessages":[],"meta":{}},{"ancestorTitles":["G2 variant removals: commands sqlite-interactive"],"fullName":"G2 variant removals: commands sqlite-interactive g2-variant-inverse-delete-wrong-type","status":"passed","title":"g2-variant-inverse-delete-wrong-type","duration":4.388791999999739,"failureMessages":[],"meta":{}},{"ancestorTitles":["G2 variant removals: commands sqlite-interactive"],"fullName":"G2 variant removals: commands sqlite-interactive g2-variant-direct-disconnect","status":"passed","title":"g2-variant-direct-disconnect","duration":4.277083000000857,"failureMessages":[],"meta":{}},{"ancestorTitles":["G2 variant removals: commands sqlite-interactive"],"fullName":"G2 variant removals: commands sqlite-interactive g2-variant-required-set-retain","status":"passed","title":"g2-variant-required-set-retain","duration":9.48029200000019,"failureMessages":[],"meta":{}},{"ancestorTitles":["G2 variant removals: commands sqlite-interactive"],"fullName":"G2 variant removals: commands sqlite-interactive g2-variant-required-set-depart","status":"passed","title":"g2-variant-required-set-depart","duration":4.715750000001208,"failureMessages":[],"meta":{}},{"ancestorTitles":["G2 variant removals: commands sqlite-interactive"],"fullName":"G2 variant removals: commands sqlite-interactive g2-variant-required-disconnect-refused","status":"passed","title":"g2-variant-required-disconnect-refused","duration":2.4264579999999114,"failureMessages":[],"meta":{}},{"ancestorTitles":["G2 variant removals: commands sqlite-atomic-batch"],"fullName":"G2 variant removals: commands sqlite-atomic-batch g2-variant-inverse-set-removal","status":"passed","title":"g2-variant-inverse-set-removal","duration":6.799875000000611,"failureMessages":[],"meta":{}},{"ancestorTitles":["G2 variant removals: commands sqlite-atomic-batch"],"fullName":"G2 variant removals: commands sqlite-atomic-batch g2-variant-inverse-delete-owned","status":"passed","title":"g2-variant-inverse-delete-owned","duration":5.289042000000336,"failureMessages":[],"meta":{}},{"ancestorTitles":["G2 variant removals: commands sqlite-atomic-batch"],"fullName":"G2 variant removals: commands sqlite-atomic-batch g2-variant-inverse-delete-wrong-type","status":"passed","title":"g2-variant-inverse-delete-wrong-type","duration":3.563000000000102,"failureMessages":[],"meta":{}},{"ancestorTitles":["G2 variant removals: commands sqlite-atomic-batch"],"fullName":"G2 variant removals: commands sqlite-atomic-batch g2-variant-direct-disconnect","status":"passed","title":"g2-variant-direct-disconnect","duration":3.046875,"failureMessages":[],"meta":{}},{"ancestorTitles":["G2 variant removals: commands sqlite-atomic-batch"],"fullName":"G2 variant removals: commands sqlite-atomic-batch g2-variant-required-set-retain","status":"passed","title":"g2-variant-required-set-retain","duration":7.244291999999405,"failureMessages":[],"meta":{}},{"ancestorTitles":["G2 variant removals: commands sqlite-atomic-batch"],"fullName":"G2 variant removals: commands sqlite-atomic-batch g2-variant-required-set-depart","status":"passed","title":"g2-variant-required-set-depart","duration":6.652667000000292,"failureMessages":[],"meta":{}},{"ancestorTitles":["G2 variant removals: commands sqlite-atomic-batch"],"fullName":"G2 variant removals: commands sqlite-atomic-batch g2-variant-required-disconnect-refused","status":"passed","title":"g2-variant-required-disconnect-refused","duration":1.9755839999997988,"failureMessages":[],"meta":{}}],"startTime":1789351447079,"endTime":1789351447155.9756,"status":"passed","message":"","name":"/private/tmp/viborm-cs00-candidate.V7lUlt/tests/raptor3/transitions/variant-removals-commands.test.ts"},{"assertionResults":[{"ancestorTitles":[],"fullName":"records and exactly replays CS-03 A seed 7103 under 'sqlite-interactive'","status":"passed","title":"records and exactly replays CS-03 A seed 7103 under 'sqlite-interactive'","duration":13.88641700000062,"failureMessages":[],"meta":{}},{"ancestorTitles":[],"fullName":"records and exactly replays CS-03 A seed 7103 under 'sqlite-atomic-batch'","status":"passed","title":"records and exactly replays CS-03 A seed 7103 under 'sqlite-atomic-batch'","duration":11.04162499999984,"failureMessages":[],"meta":{}},{"ancestorTitles":[],"fullName":"records and exactly replays CS-03 A seed 7112 under 'sqlite-interactive'","status":"passed","title":"records and exactly replays CS-03 A seed 7112 under 'sqlite-interactive'","duration":5.090416000000005,"failureMessages":[],"meta":{}},{"ancestorTitles":[],"fullName":"records and exactly replays CS-03 A seed 7112 under 'sqlite-atomic-batch'","status":"passed","title":"records and exactly replays CS-03 A seed 7112 under 'sqlite-atomic-batch'","duration":6.990249999999833,"failureMessages":[],"meta":{}},{"ancestorTitles":[],"fullName":"records and exactly replays CS-03 A seed 7117 under 'sqlite-interactive'","status":"passed","title":"records and exactly replays CS-03 A seed 7117 under 'sqlite-interactive'","duration":8.166124999999738,"failureMessages":[],"meta":{}},{"ancestorTitles":[],"fullName":"records and exactly replays CS-03 A seed 7117 under 'sqlite-atomic-batch'","status":"passed","title":"records and exactly replays CS-03 A seed 7117 under 'sqlite-atomic-batch'","duration":9.76458299999922,"failureMessages":[],"meta":{}},{"ancestorTitles":[],"fullName":"records and exactly replays CS-03 A seed 7128 under 'sqlite-interactive'","status":"passed","title":"records and exactly replays CS-03 A seed 7128 under 'sqlite-interactive'","duration":5.06512500000008,"failureMessages":[],"meta":{}},{"ancestorTitles":[],"fullName":"records and exactly replays CS-03 A seed 7128 under 'sqlite-atomic-batch'","status":"passed","title":"records and exactly replays CS-03 A seed 7128 under 'sqlite-atomic-batch'","duration":8.189124999999876,"failureMessages":[],"meta":{}},{"ancestorTitles":[],"fullName":"records and exactly replays CS-03 A seed 7133 under 'sqlite-interactive'","status":"passed","title":"records and exactly replays CS-03 A seed 7133 under 'sqlite-interactive'","duration":9.40716699999939,"failureMessages":[],"meta":{}},{"ancestorTitles":[],"fullName":"records and exactly replays CS-03 A seed 7133 under 'sqlite-atomic-batch'","status":"passed","title":"records and exactly replays CS-03 A seed 7133 under 'sqlite-atomic-batch'","duration":7.063833000000159,"failureMessages":[],"meta":{}},{"ancestorTitles":[],"fullName":"records and exactly replays CS-03 A seed 7144 under 'sqlite-interactive'","status":"passed","title":"records and exactly replays CS-03 A seed 7144 under 'sqlite-interactive'","duration":4.423375000000306,"failureMessages":[],"meta":{}},{"ancestorTitles":[],"fullName":"records and exactly replays CS-03 A seed 7144 under 'sqlite-atomic-batch'","status":"passed","title":"records and exactly replays CS-03 A seed 7144 under 'sqlite-atomic-batch'","duration":5.303750000000036,"failureMessages":[],"meta":{}},{"ancestorTitles":[],"fullName":"records and exactly replays CS-03 A seed 7149 under 'sqlite-interactive'","status":"passed","title":"records and exactly replays CS-03 A seed 7149 under 'sqlite-interactive'","duration":6.634291999999732,"failureMessages":[],"meta":{}},{"ancestorTitles":[],"fullName":"records and exactly replays CS-03 A seed 7149 under 'sqlite-atomic-batch'","status":"passed","title":"records and exactly replays CS-03 A seed 7149 under 'sqlite-atomic-batch'","duration":7.55633300000045,"failureMessages":[],"meta":{}},{"ancestorTitles":[],"fullName":"records and exactly replays CS-03 A seed 7160 under 'sqlite-interactive'","status":"passed","title":"records and exactly replays CS-03 A seed 7160 under 'sqlite-interactive'","duration":4.495624999999563,"failureMessages":[],"meta":{}},{"ancestorTitles":[],"fullName":"records and exactly replays CS-03 A seed 7160 under 'sqlite-atomic-batch'","status":"passed","title":"records and exactly replays CS-03 A seed 7160 under 'sqlite-atomic-batch'","duration":6.511625000000095,"failureMessages":[],"meta":{}},{"ancestorTitles":[],"fullName":"records and exactly replays CS-03 A seed 7109 under 'sqlite-interactive'","status":"passed","title":"records and exactly replays CS-03 A seed 7109 under 'sqlite-interactive'","duration":5.279708000000028,"failureMessages":[],"meta":{}},{"ancestorTitles":[],"fullName":"records and exactly replays CS-03 A seed 7109 under 'sqlite-atomic-batch'","status":"passed","title":"records and exactly replays CS-03 A seed 7109 under 'sqlite-atomic-batch'","duration":6.0248750000000655,"failureMessages":[],"meta":{}},{"ancestorTitles":[],"fullName":"records and exactly replays CS-03 A seed 7119 under 'sqlite-interactive'","status":"passed","title":"records and exactly replays CS-03 A seed 7119 under 'sqlite-interactive'","duration":13.674958000000515,"failureMessages":[],"meta":{}},{"ancestorTitles":[],"fullName":"records and exactly replays CS-03 A seed 7119 under 'sqlite-atomic-batch'","status":"passed","title":"records and exactly replays CS-03 A seed 7119 under 'sqlite-atomic-batch'","duration":11.593584000000192,"failureMessages":[],"meta":{}},{"ancestorTitles":[],"fullName":"records and exactly replays CS-03 B seed 7200 under 'sqlite-interactive'","status":"passed","title":"records and exactly replays CS-03 B seed 7200 under 'sqlite-interactive'","duration":1.8697910000000775,"failureMessages":[],"meta":{}},{"ancestorTitles":[],"fullName":"records and exactly replays CS-03 B seed 7200 under 'sqlite-atomic-batch'","status":"passed","title":"records and exactly replays CS-03 B seed 7200 under 'sqlite-atomic-batch'","duration":0.8500420000000304,"failureMessages":[],"meta":{}},{"ancestorTitles":[],"fullName":"records and exactly replays CS-03 B seed 7201 under 'sqlite-interactive'","status":"passed","title":"records and exactly replays CS-03 B seed 7201 under 'sqlite-interactive'","duration":0.8897079999997004,"failureMessages":[],"meta":{}},{"ancestorTitles":[],"fullName":"records and exactly replays CS-03 B seed 7201 under 'sqlite-atomic-batch'","status":"passed","title":"records and exactly replays CS-03 B seed 7201 under 'sqlite-atomic-batch'","duration":1.13866599999983,"failureMessages":[],"meta":{}},{"ancestorTitles":[],"fullName":"records and exactly replays CS-03 B seed 7202 under 'sqlite-interactive'","status":"passed","title":"records and exactly replays CS-03 B seed 7202 under 'sqlite-interactive'","duration":1.6989999999996144,"failureMessages":[],"meta":{}},{"ancestorTitles":[],"fullName":"records and exactly replays CS-03 B seed 7202 under 'sqlite-atomic-batch'","status":"passed","title":"records and exactly replays CS-03 B seed 7202 under 'sqlite-atomic-batch'","duration":1.0388750000001892,"failureMessages":[],"meta":{}},{"ancestorTitles":[],"fullName":"records and exactly replays CS-03 B seed 7203 under 'sqlite-interactive'","status":"passed","title":"records and exactly replays CS-03 B seed 7203 under 'sqlite-interactive'","duration":1.3421669999997903,"failureMessages":[],"meta":{}},{"ancestorTitles":[],"fullName":"records and exactly replays CS-03 B seed 7203 under 'sqlite-atomic-batch'","status":"passed","title":"records and exactly replays CS-03 B seed 7203 under 'sqlite-atomic-batch'","duration":0.9485830000003261,"failureMessages":[],"meta":{}},{"ancestorTitles":[],"fullName":"records and exactly replays CS-03 B seed 7204 under 'sqlite-interactive'","status":"passed","title":"records and exactly replays CS-03 B seed 7204 under 'sqlite-interactive'","duration":1.0284169999995356,"failureMessages":[],"meta":{}},{"ancestorTitles":[],"fullName":"records and exactly replays CS-03 B seed 7204 under 'sqlite-atomic-batch'","status":"passed","title":"records and exactly replays CS-03 B seed 7204 under 'sqlite-atomic-batch'","duration":0.8692080000000715,"failureMessages":[],"meta":{}},{"ancestorTitles":[],"fullName":"records and exactly replays CS-03 B seed 7205 under 'sqlite-interactive'","status":"passed","title":"records and exactly replays CS-03 B seed 7205 under 'sqlite-interactive'","duration":3.155124999999316,"failureMessages":[],"meta":{}},{"ancestorTitles":[],"fullName":"records and exactly replays CS-03 B seed 7205 under 'sqlite-atomic-batch'","status":"passed","title":"records and exactly replays CS-03 B seed 7205 under 'sqlite-atomic-batch'","duration":3.221125000000029,"failureMessages":[],"meta":{}},{"ancestorTitles":[],"fullName":"records and exactly replays CS-03 B seed 7214 under 'sqlite-interactive'","status":"passed","title":"records and exactly replays CS-03 B seed 7214 under 'sqlite-interactive'","duration":2.232582999999977,"failureMessages":[],"meta":{}},{"ancestorTitles":[],"fullName":"records and exactly replays CS-03 B seed 7214 under 'sqlite-atomic-batch'","status":"passed","title":"records and exactly replays CS-03 B seed 7214 under 'sqlite-atomic-batch'","duration":2.700582999999824,"failureMessages":[],"meta":{}},{"ancestorTitles":[],"fullName":"records and exactly replays CS-03 composition seed 7300 under 'sqlite-interactive'","status":"passed","title":"records and exactly replays CS-03 composition seed 7300 under 'sqlite-interactive'","duration":4.316499999999905,"failureMessages":[],"meta":{}},{"ancestorTitles":[],"fullName":"records and exactly replays CS-03 composition seed 7300 under 'sqlite-atomic-batch'","status":"passed","title":"records and exactly replays CS-03 composition seed 7300 under 'sqlite-atomic-batch'","duration":2.2651660000001357,"failureMessages":[],"meta":{}},{"ancestorTitles":[],"fullName":"records and exactly replays CS-03 composition seed 7305 under 'sqlite-interactive'","status":"passed","title":"records and exactly replays CS-03 composition seed 7305 under 'sqlite-interactive'","duration":8.700959000000694,"failureMessages":[],"meta":{}},{"ancestorTitles":[],"fullName":"records and exactly replays CS-03 composition seed 7305 under 'sqlite-atomic-batch'","status":"passed","title":"records and exactly replays CS-03 composition seed 7305 under 'sqlite-atomic-batch'","duration":8.207875000000058,"failureMessages":[],"meta":{}},{"ancestorTitles":[],"fullName":"records and exactly replays CS-03 composition seed 7310 under 'sqlite-interactive'","status":"passed","title":"records and exactly replays CS-03 composition seed 7310 under 'sqlite-interactive'","duration":2.4770840000001044,"failureMessages":[],"meta":{}},{"ancestorTitles":[],"fullName":"records and exactly replays CS-03 composition seed 7310 under 'sqlite-atomic-batch'","status":"passed","title":"records and exactly replays CS-03 composition seed 7310 under 'sqlite-atomic-batch'","duration":7.172500000000582,"failureMessages":[],"meta":{}},{"ancestorTitles":[],"fullName":"records and exactly replays CS-03 composition seed 7313 under 'sqlite-interactive'","status":"passed","title":"records and exactly replays CS-03 composition seed 7313 under 'sqlite-interactive'","duration":18.212874999999258,"failureMessages":[],"meta":{}},{"ancestorTitles":[],"fullName":"records and exactly replays CS-03 composition seed 7313 under 'sqlite-atomic-batch'","status":"passed","title":"records and exactly replays CS-03 composition seed 7313 under 'sqlite-atomic-batch'","duration":15.126166999999441,"failureMessages":[],"meta":{}}],"startTime":1789351444923,"endTime":1789351445169.1262,"status":"passed","message":"","name":"/private/tmp/viborm-cs00-candidate.V7lUlt/tests/raptor3/core-structure/measurement/extension-campaign.selftest.test.ts"},{"assertionResults":[{"ancestorTitles":["CS-03 extension recipe contract"],"fullName":"CS-03 extension recipe contract freezes 100 distinct recipes in each disjoint seed range","status":"passed","title":"freezes 100 distinct recipes in each disjoint seed range","duration":8.124042000000372,"failureMessages":[],"meta":{}},{"ancestorTitles":["CS-03 extension recipe contract"],"fullName":"CS-03 extension recipe contract pins A variation and terminal-row fault coverage","status":"passed","title":"pins A variation and terminal-row fault coverage","duration":0.5452090000007956,"failureMessages":[],"meta":{}},{"ancestorTitles":["CS-03 extension recipe contract"],"fullName":"CS-03 extension recipe contract pins B admission, zero, positive, and all mutation families","status":"passed","title":"pins B admission, zero, positive, and all mutation families","duration":0.2899999999999636,"failureMessages":[],"meta":{}},{"ancestorTitles":["CS-03 extension recipe contract"],"fullName":"CS-03 extension recipe contract pins successful composition controls, zero, both choices, and prepare-all order","status":"passed","title":"pins successful composition controls, zero, both choices, and prepare-all order","duration":1.1749589999999444,"failureMessages":[],"meta":{}},{"ancestorTitles":["CS-03 extension recipe contract"],"fullName":"CS-03 extension recipe contract refuses seeds and public inputs outside the frozen contract","status":"passed","title":"refuses seeds and public inputs outside the frozen contract","duration":0.7551249999996799,"failureMessages":[],"meta":{}}],"startTime":1789351443295,"endTime":1789351443306.7551,"status":"passed","message":"","name":"/private/tmp/viborm-cs00-candidate.V7lUlt/tests/raptor3/core-structure/measurement/extension-recipes.selftest.test.ts"}]}