{"numTotalTestSuites":1,"numPassedTestSuites":1,"numFailedTestSuites":0,"numPendingTestSuites":0,"numTotalTests":1,"numPassedTests":1,"numFailedTests":0,"numPendingTests":0,"numTodoTests":0,"snapshot":{"added":0,"failure":false,"filesAdded":0,"filesRemoved":0,"filesRemovedList":[],"filesUnmatched":0,"filesUpdated":0,"matched":0,"total":0,"unchecked":0,"uncheckedKeysByFile":[],"unmatched":0,"updated":0,"didUpdate":false},"startTime":1789413713334,"success":true,"testResults":[{"assertionResults":[{"ancestorTitles":[],"fullName":"executes one complete G3 transport seed batch","status":"passed","title":"executes one complete G3 transport seed batch","duration":2272.0060419999995,"failureMessages":[],"meta":{}}],"startTime":1789413715494,"endTime":1789413717766.006,"status":"passed","message":"","name":"/Users/arnaud/code/viborm/tests/raptor3/g3/generation/transport-campaign.test.ts"}]}