{"numTotalTestSuites":2,"numPassedTestSuites":2,"numFailedTestSuites":0,"numPendingTestSuites":0,"numTotalTests":5,"numPassedTests":5,"numFailedTests":0,"numPendingTests":0,"numTodoTests":0,"snapshot":{"added":0,"failure":false,"filesAdded":0,"filesRemoved":0,"filesRemovedList":[],"filesUnmatched":0,"filesUpdated":0,"matched":0,"total":0,"unchecked":0,"uncheckedKeysByFile":[],"unmatched":0,"updated":0,"didUpdate":false},"startTime":1789346858251,"success":true,"testResults":[{"assertionResults":[{"ancestorTitles":["post-G3 command history analysis"],"fullName":"post-G3 command history analysis keeps actual create spines linear at depths 1, 2, 8 and 32","status":"passed","title":"keeps actual create spines linear at depths 1, 2, 8 and 32","duration":3.521458000000166,"failureMessages":[],"meta":{}},{"ancestorTitles":["post-G3 command history analysis"],"fullName":"post-G3 command history analysis keeps actual create siblings linear at widths 1, 2, 8 and 32","status":"passed","title":"keeps actual create siblings linear at widths 1, 2, 8 and 32","duration":0.5741669999999885,"failureMessages":[],"meta":{}},{"ancestorTitles":["post-G3 command history analysis"],"fullName":"post-G3 command history analysis retains repeated occurrences of the same record identity","status":"passed","title":"retains repeated occurrences of the same record identity","duration":0.20795799999996234,"failureMessages":[],"meta":{}},{"ancestorTitles":["post-G3 command history analysis"],"fullName":"post-G3 command history analysis keeps nested occurrences distinct across repeated compound placements","status":"passed","title":"keeps nested occurrences distinct across repeated compound placements","duration":0.09916599999996834,"failureMessages":[],"meta":{}},{"ancestorTitles":["post-G3 command history analysis"],"fullName":"post-G3 command history analysis isolates alternative suffixes while exposing them to a later sibling","status":"passed","title":"isolates alternative suffixes while exposing them to a later sibling","duration":2.325166999999965,"failureMessages":[],"meta":{}}],"startTime":1789346859418,"endTime":1789346859424.3252,"status":"passed","message":"","name":"/private/tmp/viborm-cs00-candidate.V7lUlt/tests/raptor3/post-prep/history-analysis.test.ts"}]}