{"numTotalTestSuites":2,"numPassedTestSuites":2,"numFailedTestSuites":0,"numPendingTestSuites":0,"numTotalTests":4,"numPassedTests":4,"numFailedTests":0,"numPendingTests":0,"numTodoTests":0,"snapshot":{"added":0,"failure":false,"filesAdded":0,"filesRemoved":0,"filesRemovedList":[],"filesUnmatched":0,"filesUpdated":0,"matched":0,"total":0,"unchecked":0,"uncheckedKeysByFile":[],"unmatched":0,"updated":0,"didUpdate":false},"startTime":1789686854106,"success":true,"testResults":[{"assertionResults":[{"ancestorTitles":["transport corpus evidence-directory caller"],"fullName":"transport corpus evidence-directory caller uses a private temporary directory when the variable is unset","status":"passed","title":"uses a private temporary directory when the variable is unset","duration":128.30770899999993,"failureMessages":[],"meta":{}},{"ancestorTitles":["transport corpus evidence-directory caller"],"fullName":"transport corpus evidence-directory caller treats an empty variable as unset instead of the working directory","status":"passed","title":"treats an empty variable as unset instead of the working directory","duration":42.12650000000008,"failureMessages":[],"meta":{}},{"ancestorTitles":["transport corpus evidence-directory caller"],"fullName":"transport corpus evidence-directory caller writes into an explicit evidence directory","status":"passed","title":"writes into an explicit evidence directory","duration":47.95983300000012,"failureMessages":[],"meta":{}},{"ancestorTitles":["transport corpus evidence-directory caller"],"fullName":"transport corpus evidence-directory caller cannot add or rewrite repository-root corpora from an empty value","status":"passed","title":"cannot add or rewrite repository-root corpora from an empty value","duration":56.09479199999987,"failureMessages":[],"meta":{}}],"startTime":1789686855961,"endTime":1789686856235.0947,"status":"passed","message":"","name":"/private/tmp/viborm-o1/tests/raptor3/transport.test.ts"}]}