{"numTotalTestSuites":5,"numPassedTestSuites":5,"numFailedTestSuites":0,"numPendingTestSuites":0,"numTotalTests":33,"numPassedTests":33,"numFailedTests":0,"numPendingTests":0,"numTodoTests":0,"snapshot":{"added":0,"failure":false,"filesAdded":0,"filesRemoved":0,"filesRemovedList":[],"filesUnmatched":0,"filesUpdated":0,"matched":0,"total":0,"unchecked":0,"uncheckedKeysByFile":[],"unmatched":0,"updated":0,"didUpdate":false},"startTime":1789671593216,"success":true,"testResults":[{"assertionResults":[{"ancestorTitles":["Raptor 3 G0 fixed contracts: sqlite-interactive"],"fullName":"Raptor 3 G0 fixed contracts: sqlite-interactive s1-parent-found","status":"passed","title":"s1-parent-found","duration":6.487167000000227,"failureMessages":[],"meta":{}},{"ancestorTitles":["Raptor 3 G0 fixed contracts: sqlite-interactive"],"fullName":"Raptor 3 G0 fixed contracts: sqlite-interactive s1-parent-missing","status":"passed","title":"s1-parent-missing","duration":2.5876250000001164,"failureMessages":[],"meta":{}},{"ancestorTitles":["Raptor 3 G0 fixed contracts: sqlite-interactive"],"fullName":"Raptor 3 G0 fixed contracts: sqlite-interactive s1-parent-rollback","status":"passed","title":"s1-parent-rollback","duration":2.910207999999784,"failureMessages":[],"meta":{}},{"ancestorTitles":["Raptor 3 G0 fixed contracts: sqlite-interactive"],"fullName":"Raptor 3 G0 fixed contracts: sqlite-interactive s1-child-found","status":"passed","title":"s1-child-found","duration":2.1264580000001843,"failureMessages":[],"meta":{}},{"ancestorTitles":["Raptor 3 G0 fixed contracts: sqlite-interactive"],"fullName":"Raptor 3 G0 fixed contracts: sqlite-interactive s1-child-missing","status":"passed","title":"s1-child-missing","duration":2.25774999999976,"failureMessages":[],"meta":{}},{"ancestorTitles":["Raptor 3 G0 fixed contracts: sqlite-interactive"],"fullName":"Raptor 3 G0 fixed contracts: sqlite-interactive s1-child-rollback","status":"passed","title":"s1-child-rollback","duration":4.668666999999914,"failureMessages":[],"meta":{}},{"ancestorTitles":["Raptor 3 G0 fixed contracts: sqlite-interactive"],"fullName":"Raptor 3 G0 fixed contracts: sqlite-interactive s2-distinct-defaults","status":"passed","title":"s2-distinct-defaults","duration":1.4692079999999805,"failureMessages":[],"meta":{}},{"ancestorTitles":["Raptor 3 G0 fixed contracts: sqlite-interactive"],"fullName":"Raptor 3 G0 fixed contracts: sqlite-interactive s2-changed-dependency","status":"passed","title":"s2-changed-dependency","duration":2.5706669999999576,"failureMessages":[],"meta":{}},{"ancestorTitles":["Raptor 3 G0 fixed contracts: sqlite-interactive"],"fullName":"Raptor 3 G0 fixed contracts: sqlite-interactive s3-grouped","status":"passed","title":"s3-grouped","duration":0.9179170000002159,"failureMessages":[],"meta":{}},{"ancestorTitles":["Raptor 3 G0 fixed contracts: sqlite-interactive"],"fullName":"Raptor 3 G0 fixed contracts: sqlite-interactive s3-empty","status":"passed","title":"s3-empty","duration":0.40770900000006804,"failureMessages":[],"meta":{}},{"ancestorTitles":["Raptor 3 G0 fixed contracts: sqlite-interactive"],"fullName":"Raptor 3 G0 fixed contracts: sqlite-interactive s4-parent-pages","status":"passed","title":"s4-parent-pages","duration":0.882665999999972,"failureMessages":[],"meta":{}},{"ancestorTitles":["Raptor 3 G0 fixed contracts: sqlite-interactive"],"fullName":"Raptor 3 G0 fixed contracts: sqlite-interactive s4-shared-occurrences","status":"passed","title":"s4-shared-occurrences","duration":0.6967500000000655,"failureMessages":[],"meta":{}},{"ancestorTitles":["Raptor 3 G0 fixed contracts: sqlite-atomic-batch"],"fullName":"Raptor 3 G0 fixed contracts: sqlite-atomic-batch s1-parent-found","status":"passed","title":"s1-parent-found","duration":1.8147079999998823,"failureMessages":[],"meta":{}},{"ancestorTitles":["Raptor 3 G0 fixed contracts: sqlite-atomic-batch"],"fullName":"Raptor 3 G0 fixed contracts: sqlite-atomic-batch s1-parent-missing","status":"passed","title":"s1-parent-missing","duration":2.3645000000001346,"failureMessages":[],"meta":{}},{"ancestorTitles":["Raptor 3 G0 fixed contracts: sqlite-atomic-batch"],"fullName":"Raptor 3 G0 fixed contracts: sqlite-atomic-batch s1-parent-rollback","status":"passed","title":"s1-parent-rollback","duration":1.8687920000002123,"failureMessages":[],"meta":{}},{"ancestorTitles":["Raptor 3 G0 fixed contracts: sqlite-atomic-batch"],"fullName":"Raptor 3 G0 fixed contracts: sqlite-atomic-batch s1-child-found","status":"passed","title":"s1-child-found","duration":1.5178750000000036,"failureMessages":[],"meta":{}},{"ancestorTitles":["Raptor 3 G0 fixed contracts: sqlite-atomic-batch"],"fullName":"Raptor 3 G0 fixed contracts: sqlite-atomic-batch s1-child-missing","status":"passed","title":"s1-child-missing","duration":1.4407499999997526,"failureMessages":[],"meta":{}},{"ancestorTitles":["Raptor 3 G0 fixed contracts: sqlite-atomic-batch"],"fullName":"Raptor 3 G0 fixed contracts: sqlite-atomic-batch s1-child-rollback","status":"passed","title":"s1-child-rollback","duration":1.4771249999998872,"failureMessages":[],"meta":{}},{"ancestorTitles":["Raptor 3 G0 fixed contracts: sqlite-atomic-batch"],"fullName":"Raptor 3 G0 fixed contracts: sqlite-atomic-batch s2-distinct-defaults","status":"passed","title":"s2-distinct-defaults","duration":1.2899160000001757,"failureMessages":[],"meta":{}},{"ancestorTitles":["Raptor 3 G0 fixed contracts: sqlite-atomic-batch"],"fullName":"Raptor 3 G0 fixed contracts: sqlite-atomic-batch s2-changed-dependency","status":"passed","title":"s2-changed-dependency","duration":2.7280000000000655,"failureMessages":[],"meta":{}},{"ancestorTitles":["Raptor 3 G0 fixed contracts: sqlite-atomic-batch"],"fullName":"Raptor 3 G0 fixed contracts: sqlite-atomic-batch s3-grouped","status":"passed","title":"s3-grouped","duration":0.7097499999999854,"failureMessages":[],"meta":{}},{"ancestorTitles":["Raptor 3 G0 fixed contracts: sqlite-atomic-batch"],"fullName":"Raptor 3 G0 fixed contracts: sqlite-atomic-batch s3-empty","status":"passed","title":"s3-empty","duration":0.3170000000000073,"failureMessages":[],"meta":{}},{"ancestorTitles":["Raptor 3 G0 fixed contracts: sqlite-atomic-batch"],"fullName":"Raptor 3 G0 fixed contracts: sqlite-atomic-batch s4-parent-pages","status":"passed","title":"s4-parent-pages","duration":0.7289590000000317,"failureMessages":[],"meta":{}},{"ancestorTitles":["Raptor 3 G0 fixed contracts: sqlite-atomic-batch"],"fullName":"Raptor 3 G0 fixed contracts: sqlite-atomic-batch s4-shared-occurrences","status":"passed","title":"s4-shared-occurrences","duration":0.5464160000001357,"failureMessages":[],"meta":{}}],"startTime":1789671597038,"endTime":1789671597083.5464,"status":"passed","message":"","name":"/private/tmp/viborm-rulings/tests/raptor3/fixed.test.ts"},{"assertionResults":[{"ancestorTitles":["G0 assembled oracle falsifiers"],"fullName":"G0 assembled oracle falsifiers rejects wrong rows, missing writes and changed public values","status":"passed","title":"rejects wrong rows, missing writes and changed public values","duration":25.434583000000202,"failureMessages":[],"meta":{}},{"ancestorTitles":["G0 assembled oracle falsifiers"],"fullName":"G0 assembled oracle falsifiers rejects changed errors and leaked rolled-back effects","status":"passed","title":"rejects changed errors and leaked rolled-back effects","duration":7.486499999999978,"failureMessages":[],"meta":{}},{"ancestorTitles":["G0 assembled oracle falsifiers"],"fullName":"G0 assembled oracle falsifiers accepts equivalent changed SQL executed by the real provider","status":"passed","title":"accepts equivalent changed SQL executed by the real provider","duration":5.405291999999918,"failureMessages":[],"meta":{}},{"ancestorTitles":["G0 assembled oracle falsifiers"],"fullName":"G0 assembled oracle falsifiers round-trips success/failure records and rejects uncontrolled or missing events","status":"passed","title":"round-trips success/failure records and rejects uncontrolled or missing events","duration":42.35429199999999,"failureMessages":[],"meta":{}},{"ancestorTitles":["G0 assembled oracle falsifiers"],"fullName":"G0 assembled oracle falsifiers controls public Date defaults and rejects a real uncontrolled clock source","status":"passed","title":"controls public Date defaults and rejects a real uncontrolled clock source","duration":8.45245900000009,"failureMessages":[],"meta":{}},{"ancestorTitles":["G0 assembled oracle falsifiers"],"fullName":"G0 assembled oracle falsifiers fails on fixture exceptions, swallowed failures and event exhaustion","status":"passed","title":"fails on fixture exceptions, swallowed failures and event exhaustion","duration":6.457167000000027,"failureMessages":[],"meta":{}},{"ancestorTitles":["G0 assembled oracle falsifiers"],"fullName":"G0 assembled oracle falsifiers distinguishes reached, atomically eliminated and unexpectedly missing cuts","status":"passed","title":"distinguishes reached, atomically eliminated and unexpectedly missing cuts","duration":12.466874999999618,"failureMessages":[],"meta":{}},{"ancestorTitles":["G0 assembled oracle falsifiers"],"fullName":"G0 assembled oracle falsifiers refuses an empty campaign and stale executed-source identity","status":"passed","title":"refuses an empty campaign and stale executed-source identity","duration":40.081916999999976,"failureMessages":[],"meta":{}},{"ancestorTitles":[],"fullName":"records the complete fixed and 100-seed-per-profile G0 campaign","status":"passed","title":"records the complete fixed and 100-seed-per-profile G0 campaign","duration":1340.432084,"failureMessages":[],"meta":{}}],"startTime":1789671595438,"endTime":1789671596927.4321,"status":"passed","message":"","name":"/private/tmp/viborm-rulings/tests/raptor3/gate.test.ts"}]}