{"numTotalTestSuites":2,"numPassedTestSuites":2,"numFailedTestSuites":0,"numPendingTestSuites":0,"numTotalTests":6,"numPassedTests":6,"numFailedTests":0,"numPendingTests":0,"numTodoTests":0,"snapshot":{"added":0,"failure":false,"filesAdded":0,"filesRemoved":0,"filesRemovedList":[],"filesUnmatched":0,"filesUpdated":0,"matched":0,"total":0,"unchecked":0,"uncheckedKeysByFile":[],"unmatched":0,"updated":0,"didUpdate":false},"startTime":1789671688073,"success":true,"testResults":[{"assertionResults":[{"ancestorTitles":["G3 C08 scalar bulk semantics"],"fullName":"G3 C08 scalar bulk semantics groups contiguous scalar row shapes and evaluates each default once","status":"passed","title":"groups contiguous scalar row shapes and evaluates each default once","duration":17.342541999999867,"failureMessages":[],"meta":{}},{"ancestorTitles":["G3 C08 scalar bulk semantics"],"fullName":"G3 C08 scalar bulk semantics returns generated identities for default-only rows in input order","status":"passed","title":"returns generated identities for default-only rows in input order","duration":3.8453750000001037,"failureMessages":[],"meta":{}},{"ancestorTitles":["G3 C08 scalar bulk semantics"],"fullName":"G3 C08 scalar bulk semantics skips only conflicting scalar roots and counts the healthy suffix","status":"passed","title":"skips only conflicting scalar roots and counts the healthy suffix","duration":1.8205829999999423,"failureMessages":[],"meta":{}},{"ancestorTitles":["G3 C08 scalar bulk semantics"],"fullName":"G3 C08 scalar bulk semantics returns createMany omit rows in input order","status":"passed","title":"returns createMany omit rows in input order","duration":1.6160420000001068,"failureMessages":[],"meta":{}},{"ancestorTitles":["G3 C08 scalar bulk semantics"],"fullName":"G3 C08 scalar bulk semantics keeps scalar updateMany select plus limit set-oriented","status":"passed","title":"keeps scalar updateMany select plus limit set-oriented","duration":4.2899170000000595,"failureMessages":[],"meta":{}},{"ancestorTitles":["G3 C08 scalar bulk semantics"],"fullName":"G3 C08 scalar bulk semantics returns deleteMany omit rows from the pre-delete state","status":"passed","title":"returns deleteMany omit rows from the pre-delete state","duration":3.7939590000000862,"failureMessages":[],"meta":{}}],"startTime":1789671690051,"endTime":1789671690083.794,"status":"passed","message":"","name":"/private/tmp/viborm-rulings/tests/raptor3/g3/bulk-series-contract.test.ts"}]}