{"numTotalTestSuites":2,"numPassedTestSuites":2,"numFailedTestSuites":0,"numPendingTestSuites":0,"numTotalTests":1,"numPassedTests":1,"numFailedTests":0,"numPendingTests":0,"numTodoTests":0,"snapshot":{"added":0,"failure":false,"filesAdded":0,"filesRemoved":0,"filesRemovedList":[],"filesUnmatched":0,"filesUpdated":0,"matched":0,"total":0,"unchecked":0,"uncheckedKeysByFile":[],"unmatched":0,"updated":0,"didUpdate":false},"startTime":1789675974363,"success":true,"testResults":[{"assertionResults":[{"ancestorTitles":["post-G3 immutable schema views"],"fullName":"post-G3 immutable schema views reuses frozen views by exact model, slot, and variant identity","status":"passed","title":"reuses frozen views by exact model, slot, and variant identity","duration":3.7240000000000464,"failureMessages":[],"meta":{}}],"startTime":1789675974993,"endTime":1789675974996.724,"status":"passed","message":"","name":"/private/tmp/viborm-rulings/tests/raptor3/post-prep/schema-view-reuse.test.ts"}]}