{"numTotalTestSuites":3,"numPassedTestSuites":3,"numFailedTestSuites":0,"numPendingTestSuites":0,"numTotalTests":8,"numPassedTests":8,"numFailedTests":0,"numPendingTests":0,"numTodoTests":0,"snapshot":{"added":0,"failure":false,"filesAdded":0,"filesRemoved":0,"filesRemovedList":[],"filesUnmatched":0,"filesUpdated":0,"matched":0,"total":0,"unchecked":0,"uncheckedKeysByFile":[],"unmatched":0,"updated":0,"didUpdate":false},"startTime":1789649900676,"success":true,"testResults":[{"assertionResults":[{"ancestorTitles":["CS-03 peer member scope (sqlite-interactive)"],"fullName":"CS-03 peer member scope (sqlite-interactive) cs03-peer-scope-root","status":"passed","title":"cs03-peer-scope-root","duration":37.12895900000012,"failureMessages":[],"meta":{}},{"ancestorTitles":["CS-03 peer member scope (sqlite-interactive)"],"fullName":"CS-03 peer member scope (sqlite-interactive) cs03-peer-scope-nested","status":"passed","title":"cs03-peer-scope-nested","duration":8.773749999999836,"failureMessages":[],"meta":{}},{"ancestorTitles":["CS-03 peer member scope (sqlite-interactive)"],"fullName":"CS-03 peer member scope (sqlite-interactive) cs03-peer-scope-surrounding","status":"passed","title":"cs03-peer-scope-surrounding","duration":10.208333999999923,"failureMessages":[],"meta":{}},{"ancestorTitles":["CS-03 peer member scope (sqlite-interactive)"],"fullName":"CS-03 peer member scope (sqlite-interactive) cs03-peer-scope-static","status":"passed","title":"cs03-peer-scope-static","duration":5.364375000000109,"failureMessages":[],"meta":{}},{"ancestorTitles":["CS-03 peer member scope (sqlite-atomic-batch)"],"fullName":"CS-03 peer member scope (sqlite-atomic-batch) cs03-peer-scope-root","status":"passed","title":"cs03-peer-scope-root","duration":10.127707999999984,"failureMessages":[],"meta":{}},{"ancestorTitles":["CS-03 peer member scope (sqlite-atomic-batch)"],"fullName":"CS-03 peer member scope (sqlite-atomic-batch) cs03-peer-scope-nested","status":"passed","title":"cs03-peer-scope-nested","duration":12.416167000000314,"failureMessages":[],"meta":{}},{"ancestorTitles":["CS-03 peer member scope (sqlite-atomic-batch)"],"fullName":"CS-03 peer member scope (sqlite-atomic-batch) cs03-peer-scope-surrounding","status":"passed","title":"cs03-peer-scope-surrounding","duration":7.214582999999948,"failureMessages":[],"meta":{}},{"ancestorTitles":["CS-03 peer member scope (sqlite-atomic-batch)"],"fullName":"CS-03 peer member scope (sqlite-atomic-batch) cs03-peer-scope-static","status":"passed","title":"cs03-peer-scope-static","duration":2.308332999999948,"failureMessages":[],"meta":{}}],"startTime":1789649903531,"endTime":1789649903624.3083,"status":"passed","message":"","name":"/private/tmp/viborm-parity-merge/tests/raptor3/core-structure/member-scope.contract.test.ts"}]}