{"numTotalTestSuites":9,"numPassedTestSuites":9,"numFailedTestSuites":0,"numPendingTestSuites":0,"numTotalTests":14,"numPassedTests":14,"numFailedTests":0,"numPendingTests":0,"numTodoTests":0,"snapshot":{"added":0,"failure":false,"filesAdded":0,"filesRemoved":0,"filesRemovedList":[],"filesUnmatched":0,"filesUpdated":0,"matched":0,"total":0,"unchecked":0,"uncheckedKeysByFile":[],"unmatched":0,"updated":0,"didUpdate":false},"startTime":1789298711778,"success":true,"testResults":[{"assertionResults":[{"ancestorTitles":["G2.9 exact selected-member dependency [commands] (sqlite-interactive)"],"fullName":"G2.9 exact selected-member dependency [commands] (sqlite-interactive) template wanted refuses before capture","status":"passed","title":"template wanted refuses before capture","duration":25.535082999999986,"failureMessages":[],"meta":{}},{"ancestorTitles":["G2.9 exact selected-member dependency [commands] (sqlite-interactive)"],"fullName":"G2.9 exact selected-member dependency [commands] (sqlite-interactive) actual member wanted refuses before member effects","status":"passed","title":"actual member wanted refuses before member effects","duration":4.764042000000018,"failureMessages":[],"meta":{}},{"ancestorTitles":["G2.9 exact selected-member dependency [commands] (sqlite-interactive)"],"fullName":"G2.9 exact selected-member dependency [commands] (sqlite-interactive) later actual member wanted refuses before either member","status":"passed","title":"later actual member wanted refuses before either member","duration":3.1015419999998812,"failureMessages":[],"meta":{}},{"ancestorTitles":["G2.9 exact selected-member dependency [commands] (sqlite-interactive)"],"fullName":"G2.9 exact selected-member dependency [commands] (sqlite-interactive) disjoint actual member preserves an independent wanted update","status":"passed","title":"disjoint actual member preserves an independent wanted update","duration":5.593792000000121,"failureMessages":[],"meta":{}},{"ancestorTitles":["G2.9 exact selected-member dependency [commands] (sqlite-atomic-batch)"],"fullName":"G2.9 exact selected-member dependency [commands] (sqlite-atomic-batch) template wanted refuses before capture","status":"passed","title":"template wanted refuses before capture","duration":3.9171660000001793,"failureMessages":[],"meta":{}},{"ancestorTitles":["G2.9 exact selected-member dependency [commands] (sqlite-atomic-batch)"],"fullName":"G2.9 exact selected-member dependency [commands] (sqlite-atomic-batch) actual member wanted refuses before member effects","status":"passed","title":"actual member wanted refuses before member effects","duration":2.889415999999983,"failureMessages":[],"meta":{}},{"ancestorTitles":["G2.9 exact selected-member dependency [commands] (sqlite-atomic-batch)"],"fullName":"G2.9 exact selected-member dependency [commands] (sqlite-atomic-batch) later actual member wanted refuses before either member","status":"passed","title":"later actual member wanted refuses before either member","duration":3.1687500000000455,"failureMessages":[],"meta":{}},{"ancestorTitles":["G2.9 exact selected-member dependency [commands] (sqlite-atomic-batch)"],"fullName":"G2.9 exact selected-member dependency [commands] (sqlite-atomic-batch) disjoint actual member preserves an independent wanted update","status":"passed","title":"disjoint actual member preserves an independent wanted update","duration":2.650666999999885,"failureMessages":[],"meta":{}},{"ancestorTitles":["G2.9 self-relation occurrence roles [commands] (sqlite-interactive)"],"fullName":"G2.9 self-relation occurrence roles [commands] (sqlite-interactive) keeps disjoint writes separate even when every occurrence has one model","status":"passed","title":"keeps disjoint writes separate even when every occurrence has one model","duration":2.124125000000049,"failureMessages":[],"meta":{}},{"ancestorTitles":["G2.9 self-relation occurrence roles [commands] (sqlite-atomic-batch)"],"fullName":"G2.9 self-relation occurrence roles [commands] (sqlite-atomic-batch) keeps disjoint writes separate even when every occurrence has one model","status":"passed","title":"keeps disjoint writes separate even when every occurrence has one model","duration":1.9110840000000735,"failureMessages":[],"meta":{}},{"ancestorTitles":["G2.9 nested selected-series dependency [commands] (sqlite-interactive)"],"fullName":"G2.9 nested selected-series dependency [commands] (sqlite-interactive) keeps an inner unresolved dependency until the inner capture","status":"passed","title":"keeps an inner unresolved dependency until the inner capture","duration":6.943958000000066,"failureMessages":[],"meta":{}},{"ancestorTitles":["G2.9 nested selected-series dependency [commands] (sqlite-atomic-batch)"],"fullName":"G2.9 nested selected-series dependency [commands] (sqlite-atomic-batch) keeps an inner unresolved dependency until the inner capture","status":"passed","title":"keeps an inner unresolved dependency until the inner capture","duration":2.8412089999999353,"failureMessages":[],"meta":{}},{"ancestorTitles":["G2.9 published-parent dependency [commands] (sqlite-interactive)"],"fullName":"G2.9 published-parent dependency [commands] (sqlite-interactive) lets a member lookup consume its already-published parent values","status":"passed","title":"lets a member lookup consume its already-published parent values","duration":2.068416999999954,"failureMessages":[],"meta":{}},{"ancestorTitles":["G2.9 published-parent dependency [commands] (sqlite-atomic-batch)"],"fullName":"G2.9 published-parent dependency [commands] (sqlite-atomic-batch) lets a member lookup consume its already-published parent values","status":"passed","title":"lets a member lookup consume its already-published parent values","duration":2.162334000000101,"failureMessages":[],"meta":{}}],"startTime":1789298713650,"endTime":1789298713719.1624,"status":"passed","message":"","name":"/Users/arnaud/code/viborm/tests/raptor3/post-prep/g29-member-dependency.test.ts"}]}