{"numTotalTestSuites":1,"numPassedTestSuites":1,"numFailedTestSuites":0,"numPendingTestSuites":0,"numTotalTests":1,"numPassedTests":1,"numFailedTests":0,"numPendingTests":0,"numTodoTests":0,"snapshot":{"added":0,"failure":false,"filesAdded":0,"filesRemoved":0,"filesRemovedList":[],"filesUnmatched":0,"filesUpdated":0,"matched":0,"total":0,"unchecked":0,"uncheckedKeysByFile":[],"unmatched":0,"updated":0,"didUpdate":false},"startTime":1789520069845,"success":true,"testResults":[{"assertionResults":[{"ancestorTitles":[],"fullName":"executes one complete G4 transport read seed batch","status":"passed","title":"executes one complete G4 transport read seed batch","duration":1677.2220420000003,"failureMessages":[],"meta":{}}],"startTime":1789520072432,"endTime":1789520074109.222,"status":"passed","message":"","name":"/private/tmp/viborm-g4-lane-2/tests/raptor3/g4/generation/transport-campaign.test.ts"}]}