{"numTotalTestSuites":11,"numPassedTestSuites":11,"numFailedTestSuites":0,"numPendingTestSuites":0,"numTotalTests":141,"numPassedTests":141,"numFailedTests":0,"numPendingTests":0,"numTodoTests":0,"snapshot":{"added":0,"failure":false,"filesAdded":0,"filesRemoved":0,"filesRemovedList":[],"filesUnmatched":0,"filesUpdated":0,"matched":0,"total":0,"unchecked":0,"uncheckedKeysByFile":[],"unmatched":0,"updated":0,"didUpdate":false},"startTime":1789671605910,"success":true,"testResults":[{"assertionResults":[{"ancestorTitles":[],"fullName":"the compound agreement fixture rejects NULL then repair","status":"passed","title":"the compound agreement fixture rejects NULL then repair","duration":4.4004580000000715,"failureMessages":[],"meta":{}}],"startTime":1789671607142,"endTime":1789671607146.4004,"status":"passed","message":"","name":"/private/tmp/viborm-rulings/tests/raptor3/expanded/compound-falsifier.test.ts"},{"assertionResults":[{"ancestorTitles":["G1 expanded independent legacy admission and raw-state answers","sqlite-interactive"],"fullName":"G1 expanded independent legacy admission and raw-state answers sqlite-interactive g1-parent-fresh-create","status":"passed","title":"g1-parent-fresh-create","duration":13.032833999999866,"failureMessages":[],"meta":{}},{"ancestorTitles":["G1 expanded independent legacy admission and raw-state answers","sqlite-interactive"],"fullName":"G1 expanded independent legacy admission and raw-state answers sqlite-interactive g1-parent-selected-create","status":"passed","title":"g1-parent-selected-create","duration":4.28774999999996,"failureMessages":[],"meta":{}},{"ancestorTitles":["G1 expanded independent legacy admission and raw-state answers","sqlite-interactive"],"fullName":"G1 expanded independent legacy admission and raw-state answers sqlite-interactive g1-parent-fresh-connect-foreign","status":"passed","title":"g1-parent-fresh-connect-foreign","duration":2.7539170000000013,"failureMessages":[],"meta":{}},{"ancestorTitles":["G1 expanded independent legacy admission and raw-state answers","sqlite-interactive"],"fullName":"G1 expanded independent legacy admission and raw-state answers sqlite-interactive g1-parent-selected-connect-missing","status":"passed","title":"g1-parent-selected-connect-missing","duration":3.6066249999998945,"failureMessages":[],"meta":{}},{"ancestorTitles":["G1 expanded independent legacy admission and raw-state answers","sqlite-interactive"],"fullName":"G1 expanded independent legacy admission and raw-state answers sqlite-interactive g1-parent-fresh-coc-missing","status":"passed","title":"g1-parent-fresh-coc-missing","duration":1.9579169999999522,"failureMessages":[],"meta":{}},{"ancestorTitles":["G1 expanded independent legacy admission and raw-state answers","sqlite-interactive"],"fullName":"G1 expanded independent legacy admission and raw-state answers sqlite-interactive g1-parent-selected-coc-found-foreign","status":"passed","title":"g1-parent-selected-coc-found-foreign","duration":1.750291000000061,"failureMessages":[],"meta":{}},{"ancestorTitles":["G1 expanded independent legacy admission and raw-state answers","sqlite-interactive"],"fullName":"G1 expanded independent legacy admission and raw-state answers sqlite-interactive g1-parent-selected-upsert-found","status":"passed","title":"g1-parent-selected-upsert-found","duration":2.594624999999951,"failureMessages":[],"meta":{}},{"ancestorTitles":["G1 expanded independent legacy admission and raw-state answers","sqlite-interactive"],"fullName":"G1 expanded independent legacy admission and raw-state answers sqlite-interactive g1-parent-selected-upsert-missing","status":"passed","title":"g1-parent-selected-upsert-missing","duration":2.1333329999999933,"failureMessages":[],"meta":{}},{"ancestorTitles":["G1 expanded independent legacy admission and raw-state answers","sqlite-interactive"],"fullName":"G1 expanded independent legacy admission and raw-state answers sqlite-interactive g1-parent-fresh-upsert-refused","status":"passed","title":"g1-parent-fresh-upsert-refused","duration":1.5099579999998696,"failureMessages":[],"meta":{}},{"ancestorTitles":["G1 expanded independent legacy admission and raw-state answers","sqlite-interactive"],"fullName":"G1 expanded independent legacy admission and raw-state answers sqlite-interactive g1-child-fresh-create","status":"passed","title":"g1-child-fresh-create","duration":1.4262499999999818,"failureMessages":[],"meta":{}},{"ancestorTitles":["G1 expanded independent legacy admission and raw-state answers","sqlite-interactive"],"fullName":"G1 expanded independent legacy admission and raw-state answers sqlite-interactive g1-child-selected-create","status":"passed","title":"g1-child-selected-create","duration":4.945249999999987,"failureMessages":[],"meta":{}},{"ancestorTitles":["G1 expanded independent legacy admission and raw-state answers","sqlite-interactive"],"fullName":"G1 expanded independent legacy admission and raw-state answers sqlite-interactive g1-child-fresh-connect-foreign","status":"passed","title":"g1-child-fresh-connect-foreign","duration":1.5107499999999163,"failureMessages":[],"meta":{}},{"ancestorTitles":["G1 expanded independent legacy admission and raw-state answers","sqlite-interactive"],"fullName":"G1 expanded independent legacy admission and raw-state answers sqlite-interactive g1-child-selected-connect-missing","status":"passed","title":"g1-child-selected-connect-missing","duration":1.3394160000000284,"failureMessages":[],"meta":{}},{"ancestorTitles":["G1 expanded independent legacy admission and raw-state answers","sqlite-interactive"],"fullName":"G1 expanded independent legacy admission and raw-state answers sqlite-interactive g1-child-fresh-coc-missing","status":"passed","title":"g1-child-fresh-coc-missing","duration":1.0705419999999322,"failureMessages":[],"meta":{}},{"ancestorTitles":["G1 expanded independent legacy admission and raw-state answers","sqlite-interactive"],"fullName":"G1 expanded independent legacy admission and raw-state answers sqlite-interactive g1-child-selected-coc-found-foreign","status":"passed","title":"g1-child-selected-coc-found-foreign","duration":1.1737500000001546,"failureMessages":[],"meta":{}},{"ancestorTitles":["G1 expanded independent legacy admission and raw-state answers","sqlite-interactive"],"fullName":"G1 expanded independent legacy admission and raw-state answers sqlite-interactive g1-child-fresh-upsert-found-foreign","status":"passed","title":"g1-child-fresh-upsert-found-foreign","duration":1.1169999999999618,"failureMessages":[],"meta":{}},{"ancestorTitles":["G1 expanded independent legacy admission and raw-state answers","sqlite-interactive"],"fullName":"G1 expanded independent legacy admission and raw-state answers sqlite-interactive g1-child-selected-upsert-missing","status":"passed","title":"g1-child-selected-upsert-missing","duration":1.1628330000000915,"failureMessages":[],"meta":{}},{"ancestorTitles":["G1 expanded independent legacy admission and raw-state answers","sqlite-interactive"],"fullName":"G1 expanded independent legacy admission and raw-state answers sqlite-interactive g1-child-selected-upsert-foreign","status":"passed","title":"g1-child-selected-upsert-foreign","duration":1.800958000000037,"failureMessages":[],"meta":{}},{"ancestorTitles":["G1 expanded independent legacy admission and raw-state answers","sqlite-interactive"],"fullName":"G1 expanded independent legacy admission and raw-state answers sqlite-interactive g1-junction-fresh-create","status":"passed","title":"g1-junction-fresh-create","duration":1.8485000000000582,"failureMessages":[],"meta":{}},{"ancestorTitles":["G1 expanded independent legacy admission and raw-state answers","sqlite-interactive"],"fullName":"G1 expanded independent legacy admission and raw-state answers sqlite-interactive g1-junction-selected-create","status":"passed","title":"g1-junction-selected-create","duration":1.4047920000000431,"failureMessages":[],"meta":{}},{"ancestorTitles":["G1 expanded independent legacy admission and raw-state answers","sqlite-interactive"],"fullName":"G1 expanded independent legacy admission and raw-state answers sqlite-interactive g1-junction-fresh-connect-foreign","status":"passed","title":"g1-junction-fresh-connect-foreign","duration":1.1523749999998927,"failureMessages":[],"meta":{}},{"ancestorTitles":["G1 expanded independent legacy admission and raw-state answers","sqlite-interactive"],"fullName":"G1 expanded independent legacy admission and raw-state answers sqlite-interactive g1-junction-selected-connect-missing","status":"passed","title":"g1-junction-selected-connect-missing","duration":2.1410419999999704,"failureMessages":[],"meta":{}},{"ancestorTitles":["G1 expanded independent legacy admission and raw-state answers","sqlite-interactive"],"fullName":"G1 expanded independent legacy admission and raw-state answers sqlite-interactive g1-junction-selected-connect-owned","status":"passed","title":"g1-junction-selected-connect-owned","duration":1.9851669999998194,"failureMessages":[],"meta":{}},{"ancestorTitles":["G1 expanded independent legacy admission and raw-state answers","sqlite-interactive"],"fullName":"G1 expanded independent legacy admission and raw-state answers sqlite-interactive g1-junction-fresh-coc-missing","status":"passed","title":"g1-junction-fresh-coc-missing","duration":1.7152920000000904,"failureMessages":[],"meta":{}},{"ancestorTitles":["G1 expanded independent legacy admission and raw-state answers","sqlite-interactive"],"fullName":"G1 expanded independent legacy admission and raw-state answers sqlite-interactive g1-junction-selected-coc-found-foreign","status":"passed","title":"g1-junction-selected-coc-found-foreign","duration":2.0400419999998576,"failureMessages":[],"meta":{}},{"ancestorTitles":["G1 expanded independent legacy admission and raw-state answers","sqlite-interactive"],"fullName":"G1 expanded independent legacy admission and raw-state answers sqlite-interactive g1-junction-fresh-upsert-found-foreign","status":"passed","title":"g1-junction-fresh-upsert-found-foreign","duration":1.3640829999999369,"failureMessages":[],"meta":{}},{"ancestorTitles":["G1 expanded independent legacy admission and raw-state answers","sqlite-interactive"],"fullName":"G1 expanded independent legacy admission and raw-state answers sqlite-interactive g1-junction-selected-upsert-missing","status":"passed","title":"g1-junction-selected-upsert-missing","duration":1.475208000000066,"failureMessages":[],"meta":{}},{"ancestorTitles":["G1 expanded independent legacy admission and raw-state answers","sqlite-interactive"],"fullName":"G1 expanded independent legacy admission and raw-state answers sqlite-interactive g1-junction-selected-upsert-foreign","status":"passed","title":"g1-junction-selected-upsert-foreign","duration":1.5274159999999029,"failureMessages":[],"meta":{}},{"ancestorTitles":["G1 expanded independent legacy admission and raw-state answers","sqlite-interactive"],"fullName":"G1 expanded independent legacy admission and raw-state answers sqlite-interactive g1-selected-upsert-reparent","status":"passed","title":"g1-selected-upsert-reparent","duration":1.423082999999906,"failureMessages":[],"meta":{}},{"ancestorTitles":["G1 expanded independent legacy admission and raw-state answers","sqlite-interactive"],"fullName":"G1 expanded independent legacy admission and raw-state answers sqlite-interactive g1-selected-upsert-explicit-fk-conflict","status":"passed","title":"g1-selected-upsert-explicit-fk-conflict","duration":0.9019579999999223,"failureMessages":[],"meta":{}},{"ancestorTitles":["G1 expanded independent legacy admission and raw-state answers","sqlite-interactive"],"fullName":"G1 expanded independent legacy admission and raw-state answers sqlite-interactive g1-compound-agree-partial","status":"passed","title":"g1-compound-agree-partial","duration":1.647166999999854,"failureMessages":[],"meta":{}},{"ancestorTitles":["G1 expanded independent legacy admission and raw-state answers","sqlite-interactive"],"fullName":"G1 expanded independent legacy admission and raw-state answers sqlite-interactive g1-compound-agree-complete","status":"passed","title":"g1-compound-agree-complete","duration":1.0861250000000382,"failureMessages":[],"meta":{}},{"ancestorTitles":["G1 expanded independent legacy admission and raw-state answers","sqlite-interactive"],"fullName":"G1 expanded independent legacy admission and raw-state answers sqlite-interactive g1-compound-conflict","status":"passed","title":"g1-compound-conflict","duration":1.046666999999843,"failureMessages":[],"meta":{}},{"ancestorTitles":["G1 expanded independent legacy admission and raw-state answers","sqlite-interactive"],"fullName":"G1 expanded independent legacy admission and raw-state answers sqlite-interactive g1-compound-null","status":"passed","title":"g1-compound-null","duration":1.233208999999988,"failureMessages":[],"meta":{}},{"ancestorTitles":["G1 expanded independent legacy admission and raw-state answers","sqlite-interactive"],"fullName":"G1 expanded independent legacy admission and raw-state answers sqlite-interactive g1-compound-selected-owned-key","status":"passed","title":"g1-compound-selected-owned-key","duration":0.9822919999999158,"failureMessages":[],"meta":{}},{"ancestorTitles":["G1 expanded independent legacy admission and raw-state answers","sqlite-interactive"],"fullName":"G1 expanded independent legacy admission and raw-state answers sqlite-interactive g1-compound-create-owned-key","status":"passed","title":"g1-compound-create-owned-key","duration":0.5490419999998721,"failureMessages":[],"meta":{}},{"ancestorTitles":["G1 expanded independent legacy admission and raw-state answers","sqlite-interactive"],"fullName":"G1 expanded independent legacy admission and raw-state answers sqlite-interactive g1-compound-generated-parent","status":"passed","title":"g1-compound-generated-parent","duration":1.2401250000000346,"failureMessages":[],"meta":{}},{"ancestorTitles":["G1 expanded independent legacy admission and raw-state answers","sqlite-interactive"],"fullName":"G1 expanded independent legacy admission and raw-state answers sqlite-interactive g1-compound-unknown-component","status":"passed","title":"g1-compound-unknown-component","duration":0.5915420000001177,"failureMessages":[],"meta":{}},{"ancestorTitles":["G1 expanded independent legacy admission and raw-state answers","sqlite-interactive"],"fullName":"G1 expanded independent legacy admission and raw-state answers sqlite-interactive g1-read-unique-found","status":"passed","title":"g1-read-unique-found","duration":1.5218750000001364,"failureMessages":[],"meta":{}},{"ancestorTitles":["G1 expanded independent legacy admission and raw-state answers","sqlite-interactive"],"fullName":"G1 expanded independent legacy admission and raw-state answers sqlite-interactive g1-read-unique-missing","status":"passed","title":"g1-read-unique-missing","duration":0.6059579999998732,"failureMessages":[],"meta":{}},{"ancestorTitles":["G1 expanded independent legacy admission and raw-state answers","sqlite-interactive"],"fullName":"G1 expanded independent legacy admission and raw-state answers sqlite-interactive g1-read-null-empty","status":"passed","title":"g1-read-null-empty","duration":0.5579170000000886,"failureMessages":[],"meta":{}},{"ancestorTitles":["G1 expanded independent legacy admission and raw-state answers","sqlite-atomic-batch"],"fullName":"G1 expanded independent legacy admission and raw-state answers sqlite-atomic-batch g1-parent-fresh-create","status":"passed","title":"g1-parent-fresh-create","duration":1.8743750000001,"failureMessages":[],"meta":{}},{"ancestorTitles":["G1 expanded independent legacy admission and raw-state answers","sqlite-atomic-batch"],"fullName":"G1 expanded independent legacy admission and raw-state answers sqlite-atomic-batch g1-parent-selected-create","status":"passed","title":"g1-parent-selected-create","duration":1.6743749999998272,"failureMessages":[],"meta":{}},{"ancestorTitles":["G1 expanded independent legacy admission and raw-state answers","sqlite-atomic-batch"],"fullName":"G1 expanded independent legacy admission and raw-state answers sqlite-atomic-batch g1-parent-fresh-connect-foreign","status":"passed","title":"g1-parent-fresh-connect-foreign","duration":1.0554580000000442,"failureMessages":[],"meta":{}},{"ancestorTitles":["G1 expanded independent legacy admission and raw-state answers","sqlite-atomic-batch"],"fullName":"G1 expanded independent legacy admission and raw-state answers sqlite-atomic-batch g1-parent-selected-connect-missing","status":"passed","title":"g1-parent-selected-connect-missing","duration":0.9922079999998914,"failureMessages":[],"meta":{}},{"ancestorTitles":["G1 expanded independent legacy admission and raw-state answers","sqlite-atomic-batch"],"fullName":"G1 expanded independent legacy admission and raw-state answers sqlite-atomic-batch g1-parent-fresh-coc-missing","status":"passed","title":"g1-parent-fresh-coc-missing","duration":1.0850839999998243,"failureMessages":[],"meta":{}},{"ancestorTitles":["G1 expanded independent legacy admission and raw-state answers","sqlite-atomic-batch"],"fullName":"G1 expanded independent legacy admission and raw-state answers sqlite-atomic-batch g1-parent-selected-coc-found-foreign","status":"passed","title":"g1-parent-selected-coc-found-foreign","duration":4.411792000000105,"failureMessages":[],"meta":{}},{"ancestorTitles":["G1 expanded independent legacy admission and raw-state answers","sqlite-atomic-batch"],"fullName":"G1 expanded independent legacy admission and raw-state answers sqlite-atomic-batch g1-parent-selected-upsert-found","status":"passed","title":"g1-parent-selected-upsert-found","duration":1.349875000000111,"failureMessages":[],"meta":{}},{"ancestorTitles":["G1 expanded independent legacy admission and raw-state answers","sqlite-atomic-batch"],"fullName":"G1 expanded independent legacy admission and raw-state answers sqlite-atomic-batch g1-parent-selected-upsert-missing","status":"passed","title":"g1-parent-selected-upsert-missing","duration":1.2095420000000559,"failureMessages":[],"meta":{}},{"ancestorTitles":["G1 expanded independent legacy admission and raw-state answers","sqlite-atomic-batch"],"fullName":"G1 expanded independent legacy admission and raw-state answers sqlite-atomic-batch g1-parent-fresh-upsert-refused","status":"passed","title":"g1-parent-fresh-upsert-refused","duration":0.6165829999999914,"failureMessages":[],"meta":{}},{"ancestorTitles":["G1 expanded independent legacy admission and raw-state answers","sqlite-atomic-batch"],"fullName":"G1 expanded independent legacy admission and raw-state answers sqlite-atomic-batch g1-child-fresh-create","status":"passed","title":"g1-child-fresh-create","duration":0.7262499999999363,"failureMessages":[],"meta":{}},{"ancestorTitles":["G1 expanded independent legacy admission and raw-state answers","sqlite-atomic-batch"],"fullName":"G1 expanded independent legacy admission and raw-state answers sqlite-atomic-batch g1-child-selected-create","status":"passed","title":"g1-child-selected-create","duration":0.9536250000001019,"failureMessages":[],"meta":{}},{"ancestorTitles":["G1 expanded independent legacy admission and raw-state answers","sqlite-atomic-batch"],"fullName":"G1 expanded independent legacy admission and raw-state answers sqlite-atomic-batch g1-child-fresh-connect-foreign","status":"passed","title":"g1-child-fresh-connect-foreign","duration":0.8662919999999303,"failureMessages":[],"meta":{}},{"ancestorTitles":["G1 expanded independent legacy admission and raw-state answers","sqlite-atomic-batch"],"fullName":"G1 expanded independent legacy admission and raw-state answers sqlite-atomic-batch g1-child-selected-connect-missing","status":"passed","title":"g1-child-selected-connect-missing","duration":0.8362919999999576,"failureMessages":[],"meta":{}},{"ancestorTitles":["G1 expanded independent legacy admission and raw-state answers","sqlite-atomic-batch"],"fullName":"G1 expanded independent legacy admission and raw-state answers sqlite-atomic-batch g1-child-fresh-coc-missing","status":"passed","title":"g1-child-fresh-coc-missing","duration":0.7086669999998776,"failureMessages":[],"meta":{}},{"ancestorTitles":["G1 expanded independent legacy admission and raw-state answers","sqlite-atomic-batch"],"fullName":"G1 expanded independent legacy admission and raw-state answers sqlite-atomic-batch g1-child-selected-coc-found-foreign","status":"passed","title":"g1-child-selected-coc-found-foreign","duration":1.3231670000000122,"failureMessages":[],"meta":{}},{"ancestorTitles":["G1 expanded independent legacy admission and raw-state answers","sqlite-atomic-batch"],"fullName":"G1 expanded independent legacy admission and raw-state answers sqlite-atomic-batch g1-child-fresh-upsert-found-foreign","status":"passed","title":"g1-child-fresh-upsert-found-foreign","duration":1.318749999999909,"failureMessages":[],"meta":{}},{"ancestorTitles":["G1 expanded independent legacy admission and raw-state answers","sqlite-atomic-batch"],"fullName":"G1 expanded independent legacy admission and raw-state answers sqlite-atomic-batch g1-child-selected-upsert-missing","status":"passed","title":"g1-child-selected-upsert-missing","duration":1.3927499999999782,"failureMessages":[],"meta":{}},{"ancestorTitles":["G1 expanded independent legacy admission and raw-state answers","sqlite-atomic-batch"],"fullName":"G1 expanded independent legacy admission and raw-state answers sqlite-atomic-batch g1-child-selected-upsert-foreign","status":"passed","title":"g1-child-selected-upsert-foreign","duration":1.1979579999999714,"failureMessages":[],"meta":{}},{"ancestorTitles":["G1 expanded independent legacy admission and raw-state answers","sqlite-atomic-batch"],"fullName":"G1 expanded independent legacy admission and raw-state answers sqlite-atomic-batch g1-junction-fresh-create","status":"passed","title":"g1-junction-fresh-create","duration":1.1475840000000517,"failureMessages":[],"meta":{}},{"ancestorTitles":["G1 expanded independent legacy admission and raw-state answers","sqlite-atomic-batch"],"fullName":"G1 expanded independent legacy admission and raw-state answers sqlite-atomic-batch g1-junction-selected-create","status":"passed","title":"g1-junction-selected-create","duration":1.5863750000000891,"failureMessages":[],"meta":{}},{"ancestorTitles":["G1 expanded independent legacy admission and raw-state answers","sqlite-atomic-batch"],"fullName":"G1 expanded independent legacy admission and raw-state answers sqlite-atomic-batch g1-junction-fresh-connect-foreign","status":"passed","title":"g1-junction-fresh-connect-foreign","duration":1.27537499999994,"failureMessages":[],"meta":{}},{"ancestorTitles":["G1 expanded independent legacy admission and raw-state answers","sqlite-atomic-batch"],"fullName":"G1 expanded independent legacy admission and raw-state answers sqlite-atomic-batch g1-junction-selected-connect-missing","status":"passed","title":"g1-junction-selected-connect-missing","duration":1.0831250000001091,"failureMessages":[],"meta":{}},{"ancestorTitles":["G1 expanded independent legacy admission and raw-state answers","sqlite-atomic-batch"],"fullName":"G1 expanded independent legacy admission and raw-state answers sqlite-atomic-batch g1-junction-selected-connect-owned","status":"passed","title":"g1-junction-selected-connect-owned","duration":1.1475000000000364,"failureMessages":[],"meta":{}},{"ancestorTitles":["G1 expanded independent legacy admission and raw-state answers","sqlite-atomic-batch"],"fullName":"G1 expanded independent legacy admission and raw-state answers sqlite-atomic-batch g1-junction-fresh-coc-missing","status":"passed","title":"g1-junction-fresh-coc-missing","duration":1.3946249999999054,"failureMessages":[],"meta":{}},{"ancestorTitles":["G1 expanded independent legacy admission and raw-state answers","sqlite-atomic-batch"],"fullName":"G1 expanded independent legacy admission and raw-state answers sqlite-atomic-batch g1-junction-selected-coc-found-foreign","status":"passed","title":"g1-junction-selected-coc-found-foreign","duration":1.4275410000000193,"failureMessages":[],"meta":{}},{"ancestorTitles":["G1 expanded independent legacy admission and raw-state answers","sqlite-atomic-batch"],"fullName":"G1 expanded independent legacy admission and raw-state answers sqlite-atomic-batch g1-junction-fresh-upsert-found-foreign","status":"passed","title":"g1-junction-fresh-upsert-found-foreign","duration":1.5713330000000951,"failureMessages":[],"meta":{}},{"ancestorTitles":["G1 expanded independent legacy admission and raw-state answers","sqlite-atomic-batch"],"fullName":"G1 expanded independent legacy admission and raw-state answers sqlite-atomic-batch g1-junction-selected-upsert-missing","status":"passed","title":"g1-junction-selected-upsert-missing","duration":1.409458000000086,"failureMessages":[],"meta":{}},{"ancestorTitles":["G1 expanded independent legacy admission and raw-state answers","sqlite-atomic-batch"],"fullName":"G1 expanded independent legacy admission and raw-state answers sqlite-atomic-batch g1-junction-selected-upsert-foreign","status":"passed","title":"g1-junction-selected-upsert-foreign","duration":0.9448330000000169,"failureMessages":[],"meta":{}},{"ancestorTitles":["G1 expanded independent legacy admission and raw-state answers","sqlite-atomic-batch"],"fullName":"G1 expanded independent legacy admission and raw-state answers sqlite-atomic-batch g1-selected-upsert-reparent","status":"passed","title":"g1-selected-upsert-reparent","duration":1.2210410000000138,"failureMessages":[],"meta":{}},{"ancestorTitles":["G1 expanded independent legacy admission and raw-state answers","sqlite-atomic-batch"],"fullName":"G1 expanded independent legacy admission and raw-state answers sqlite-atomic-batch g1-selected-upsert-explicit-fk-conflict","status":"passed","title":"g1-selected-upsert-explicit-fk-conflict","duration":0.6321669999999813,"failureMessages":[],"meta":{}},{"ancestorTitles":["G1 expanded independent legacy admission and raw-state answers","sqlite-atomic-batch"],"fullName":"G1 expanded independent legacy admission and raw-state answers sqlite-atomic-batch g1-compound-agree-partial","status":"passed","title":"g1-compound-agree-partial","duration":0.7926250000000437,"failureMessages":[],"meta":{}},{"ancestorTitles":["G1 expanded independent legacy admission and raw-state answers","sqlite-atomic-batch"],"fullName":"G1 expanded independent legacy admission and raw-state answers sqlite-atomic-batch g1-compound-agree-complete","status":"passed","title":"g1-compound-agree-complete","duration":0.8119580000000042,"failureMessages":[],"meta":{}},{"ancestorTitles":["G1 expanded independent legacy admission and raw-state answers","sqlite-atomic-batch"],"fullName":"G1 expanded independent legacy admission and raw-state answers sqlite-atomic-batch g1-compound-conflict","status":"passed","title":"g1-compound-conflict","duration":1.2589580000001206,"failureMessages":[],"meta":{}},{"ancestorTitles":["G1 expanded independent legacy admission and raw-state answers","sqlite-atomic-batch"],"fullName":"G1 expanded independent legacy admission and raw-state answers sqlite-atomic-batch g1-compound-null","status":"passed","title":"g1-compound-null","duration":0.8705420000001141,"failureMessages":[],"meta":{}},{"ancestorTitles":["G1 expanded independent legacy admission and raw-state answers","sqlite-atomic-batch"],"fullName":"G1 expanded independent legacy admission and raw-state answers sqlite-atomic-batch g1-compound-selected-owned-key","status":"passed","title":"g1-compound-selected-owned-key","duration":0.5366249999999582,"failureMessages":[],"meta":{}},{"ancestorTitles":["G1 expanded independent legacy admission and raw-state answers","sqlite-atomic-batch"],"fullName":"G1 expanded independent legacy admission and raw-state answers sqlite-atomic-batch g1-compound-create-owned-key","status":"passed","title":"g1-compound-create-owned-key","duration":0.6315830000000915,"failureMessages":[],"meta":{}},{"ancestorTitles":["G1 expanded independent legacy admission and raw-state answers","sqlite-atomic-batch"],"fullName":"G1 expanded independent legacy admission and raw-state answers sqlite-atomic-batch g1-compound-generated-parent","status":"passed","title":"g1-compound-generated-parent","duration":0.839917000000014,"failureMessages":[],"meta":{}},{"ancestorTitles":["G1 expanded independent legacy admission and raw-state answers","sqlite-atomic-batch"],"fullName":"G1 expanded independent legacy admission and raw-state answers sqlite-atomic-batch g1-compound-unknown-component","status":"passed","title":"g1-compound-unknown-component","duration":0.4482500000001437,"failureMessages":[],"meta":{}},{"ancestorTitles":["G1 expanded independent legacy admission and raw-state answers","sqlite-atomic-batch"],"fullName":"G1 expanded independent legacy admission and raw-state answers sqlite-atomic-batch g1-read-unique-found","status":"passed","title":"g1-read-unique-found","duration":0.6517919999998867,"failureMessages":[],"meta":{}},{"ancestorTitles":["G1 expanded independent legacy admission and raw-state answers","sqlite-atomic-batch"],"fullName":"G1 expanded independent legacy admission and raw-state answers sqlite-atomic-batch g1-read-unique-missing","status":"passed","title":"g1-read-unique-missing","duration":0.48412500000017644,"failureMessages":[],"meta":{}},{"ancestorTitles":["G1 expanded independent legacy admission and raw-state answers","sqlite-atomic-batch"],"fullName":"G1 expanded independent legacy admission and raw-state answers sqlite-atomic-batch g1-read-null-empty","status":"passed","title":"g1-read-null-empty","duration":0.4259999999999309,"failureMessages":[],"meta":{}}],"startTime":1789671607410,"endTime":1789671607536.426,"status":"passed","message":"","name":"/private/tmp/viborm-rulings/tests/raptor3/expanded/legacy.test.ts"},{"assertionResults":[{"ancestorTitles":["G1 legality and engine lifetimes: legacy sqlite-interactive"],"fullName":"G1 legality and engine lifetimes: legacy sqlite-interactive g1-upsert-illegal-update-selected","status":"passed","title":"g1-upsert-illegal-update-selected","duration":3.4367919999999685,"failureMessages":[],"meta":{}},{"ancestorTitles":["G1 legality and engine lifetimes: legacy sqlite-interactive"],"fullName":"G1 legality and engine lifetimes: legacy sqlite-interactive g1-upsert-illegal-update-untaken","status":"passed","title":"g1-upsert-illegal-update-untaken","duration":1.652417000000014,"failureMessages":[],"meta":{}},{"ancestorTitles":["G1 legality and engine lifetimes: legacy sqlite-interactive"],"fullName":"G1 legality and engine lifetimes: legacy sqlite-interactive g1-upsert-invalid-create-untaken","status":"passed","title":"g1-upsert-invalid-create-untaken","duration":0.8946249999999054,"failureMessages":[],"meta":{}},{"ancestorTitles":["G1 legality and engine lifetimes: legacy sqlite-interactive"],"fullName":"G1 legality and engine lifetimes: legacy sqlite-interactive g1-upsert-invalid-update-untaken","status":"passed","title":"g1-upsert-invalid-update-untaken","duration":0.6297499999998308,"failureMessages":[],"meta":{}},{"ancestorTitles":["G1 legality and engine lifetimes: legacy sqlite-interactive"],"fullName":"G1 legality and engine lifetimes: legacy sqlite-interactive g1-upsert-invalid-nested-update-untaken","status":"passed","title":"g1-upsert-invalid-nested-update-untaken","duration":1.61262499999998,"failureMessages":[],"meta":{}},{"ancestorTitles":["G1 legality and engine lifetimes: legacy sqlite-interactive"],"fullName":"G1 legality and engine lifetimes: legacy sqlite-interactive g1-upsert-nested-admission-publication","status":"passed","title":"g1-upsert-nested-admission-publication","duration":2.326416999999992,"failureMessages":[],"meta":{}},{"ancestorTitles":["G1 legality and engine lifetimes: legacy sqlite-interactive"],"fullName":"G1 legality and engine lifetimes: legacy sqlite-interactive g1-reuse-after-rollback","status":"passed","title":"g1-reuse-after-rollback","duration":4.2156250000000455,"failureMessages":[],"meta":{}},{"ancestorTitles":["G1 legality and engine lifetimes: legacy sqlite-interactive"],"fullName":"G1 legality and engine lifetimes: legacy sqlite-interactive g1-concurrent-queued-creates","status":"passed","title":"g1-concurrent-queued-creates","duration":1.3804169999998521,"failureMessages":[],"meta":{}},{"ancestorTitles":["G1 legality and engine lifetimes: legacy sqlite-atomic-batch"],"fullName":"G1 legality and engine lifetimes: legacy sqlite-atomic-batch g1-upsert-illegal-update-selected","status":"passed","title":"g1-upsert-illegal-update-selected","duration":1.5936659999999847,"failureMessages":[],"meta":{}},{"ancestorTitles":["G1 legality and engine lifetimes: legacy sqlite-atomic-batch"],"fullName":"G1 legality and engine lifetimes: legacy sqlite-atomic-batch g1-upsert-illegal-update-untaken","status":"passed","title":"g1-upsert-illegal-update-untaken","duration":1.6507089999997788,"failureMessages":[],"meta":{}},{"ancestorTitles":["G1 legality and engine lifetimes: legacy sqlite-atomic-batch"],"fullName":"G1 legality and engine lifetimes: legacy sqlite-atomic-batch g1-upsert-invalid-create-untaken","status":"passed","title":"g1-upsert-invalid-create-untaken","duration":1.1292920000000777,"failureMessages":[],"meta":{}},{"ancestorTitles":["G1 legality and engine lifetimes: legacy sqlite-atomic-batch"],"fullName":"G1 legality and engine lifetimes: legacy sqlite-atomic-batch g1-upsert-invalid-update-untaken","status":"passed","title":"g1-upsert-invalid-update-untaken","duration":0.5672079999999369,"failureMessages":[],"meta":{}},{"ancestorTitles":["G1 legality and engine lifetimes: legacy sqlite-atomic-batch"],"fullName":"G1 legality and engine lifetimes: legacy sqlite-atomic-batch g1-upsert-invalid-nested-update-untaken","status":"passed","title":"g1-upsert-invalid-nested-update-untaken","duration":0.49283300000001873,"failureMessages":[],"meta":{}},{"ancestorTitles":["G1 legality and engine lifetimes: legacy sqlite-atomic-batch"],"fullName":"G1 legality and engine lifetimes: legacy sqlite-atomic-batch g1-upsert-nested-admission-publication","status":"passed","title":"g1-upsert-nested-admission-publication","duration":1.1647499999999127,"failureMessages":[],"meta":{}},{"ancestorTitles":["G1 legality and engine lifetimes: legacy sqlite-atomic-batch"],"fullName":"G1 legality and engine lifetimes: legacy sqlite-atomic-batch g1-reuse-after-rollback","status":"passed","title":"g1-reuse-after-rollback","duration":2.1774169999998776,"failureMessages":[],"meta":{}},{"ancestorTitles":["G1 legality and engine lifetimes: legacy sqlite-atomic-batch"],"fullName":"G1 legality and engine lifetimes: legacy sqlite-atomic-batch g1-concurrent-queued-creates","status":"passed","title":"g1-concurrent-queued-creates","duration":1.2687080000000606,"failureMessages":[],"meta":{}}],"startTime":1789671607780,"endTime":1789671607806.2688,"status":"passed","message":"","name":"/private/tmp/viborm-rulings/tests/raptor3/expanded/lifetime-legacy.test.ts"},{"assertionResults":[{"ancestorTitles":["G1 variants and identity: legacy sqlite-interactive"],"fullName":"G1 variants and identity: legacy sqlite-interactive g1-variant-row-create","status":"passed","title":"g1-variant-row-create","duration":5.311625000000049,"failureMessages":[],"meta":{}},{"ancestorTitles":["G1 variants and identity: legacy sqlite-interactive"],"fullName":"G1 variants and identity: legacy sqlite-interactive g1-variant-row-connect","status":"passed","title":"g1-variant-row-connect","duration":1.744333000000097,"failureMessages":[],"meta":{}},{"ancestorTitles":["G1 variants and identity: legacy sqlite-interactive"],"fullName":"G1 variants and identity: legacy sqlite-interactive g1-variant-row-coc-found","status":"passed","title":"g1-variant-row-coc-found","duration":1.3034170000000813,"failureMessages":[],"meta":{}},{"ancestorTitles":["G1 variants and identity: legacy sqlite-interactive"],"fullName":"G1 variants and identity: legacy sqlite-interactive g1-variant-row-coc-missing","status":"passed","title":"g1-variant-row-coc-missing","duration":1.5528750000000855,"failureMessages":[],"meta":{}},{"ancestorTitles":["G1 variants and identity: legacy sqlite-interactive"],"fullName":"G1 variants and identity: legacy sqlite-interactive g1-variant-row-upsert-found","status":"passed","title":"g1-variant-row-upsert-found","duration":1.9149160000001757,"failureMessages":[],"meta":{}},{"ancestorTitles":["G1 variants and identity: legacy sqlite-interactive"],"fullName":"G1 variants and identity: legacy sqlite-interactive g1-variant-row-upsert-missing","status":"passed","title":"g1-variant-row-upsert-missing","duration":2.284167000000025,"failureMessages":[],"meta":{}},{"ancestorTitles":["G1 variants and identity: legacy sqlite-interactive"],"fullName":"G1 variants and identity: legacy sqlite-interactive g1-variant-inverse-generated","status":"passed","title":"g1-variant-inverse-generated","duration":2.207916999999952,"failureMessages":[],"meta":{}},{"ancestorTitles":["G1 variants and identity: legacy sqlite-interactive"],"fullName":"G1 variants and identity: legacy sqlite-interactive g1-variant-inverse-upsert-foreign","status":"passed","title":"g1-variant-inverse-upsert-foreign","duration":1.528332999999975,"failureMessages":[],"meta":{}},{"ancestorTitles":["G1 variants and identity: legacy sqlite-interactive"],"fullName":"G1 variants and identity: legacy sqlite-interactive g1-variant-junction-mixed-create-connect","status":"passed","title":"g1-variant-junction-mixed-create-connect","duration":3.00324999999998,"failureMessages":[],"meta":{}},{"ancestorTitles":["G1 variants and identity: legacy sqlite-interactive"],"fullName":"G1 variants and identity: legacy sqlite-interactive g1-variant-junction-coc-mixed","status":"passed","title":"g1-variant-junction-coc-mixed","duration":1.8687079999999696,"failureMessages":[],"meta":{}},{"ancestorTitles":["G1 variants and identity: legacy sqlite-interactive"],"fullName":"G1 variants and identity: legacy sqlite-interactive g1-variant-junction-upsert-found","status":"passed","title":"g1-variant-junction-upsert-found","duration":1.3824169999998048,"failureMessages":[],"meta":{}},{"ancestorTitles":["G1 variants and identity: legacy sqlite-interactive"],"fullName":"G1 variants and identity: legacy sqlite-interactive g1-variant-junction-upsert-foreign-create","status":"passed","title":"g1-variant-junction-upsert-foreign-create","duration":1.390041999999994,"failureMessages":[],"meta":{}},{"ancestorTitles":["G1 variants and identity: legacy sqlite-interactive"],"fullName":"G1 variants and identity: legacy sqlite-interactive g1-variant-junction-upsert-missing","status":"passed","title":"g1-variant-junction-upsert-missing","duration":1.2509999999999764,"failureMessages":[],"meta":{}},{"ancestorTitles":["G1 variants and identity: legacy sqlite-interactive"],"fullName":"G1 variants and identity: legacy sqlite-interactive g1-variant-junction-connect-owned","status":"passed","title":"g1-variant-junction-connect-owned","duration":1.1485000000000127,"failureMessages":[],"meta":{}},{"ancestorTitles":["G1 variants and identity: legacy sqlite-interactive"],"fullName":"G1 variants and identity: legacy sqlite-interactive g1-compound-unique-filter-found","status":"passed","title":"g1-compound-unique-filter-found","duration":0.9237499999999272,"failureMessages":[],"meta":{}},{"ancestorTitles":["G1 variants and identity: legacy sqlite-interactive"],"fullName":"G1 variants and identity: legacy sqlite-interactive g1-compound-unique-filter-missing","status":"passed","title":"g1-compound-unique-filter-missing","duration":0.46004199999993034,"failureMessages":[],"meta":{}},{"ancestorTitles":["G1 variants and identity: legacy sqlite-interactive"],"fullName":"G1 variants and identity: legacy sqlite-interactive g1-upsert-filter-created-identity","status":"passed","title":"g1-upsert-filter-created-identity","duration":1.4640419999998358,"failureMessages":[],"meta":{}},{"ancestorTitles":["G1 variants and identity: legacy sqlite-interactive"],"fullName":"G1 variants and identity: legacy sqlite-interactive g1-upsert-filter-unique-conflict","status":"passed","title":"g1-upsert-filter-unique-conflict","duration":2.0247499999998126,"failureMessages":[],"meta":{}},{"ancestorTitles":["G1 variants and identity: legacy sqlite-interactive"],"fullName":"G1 variants and identity: legacy sqlite-interactive g1-update-filter-missing-parent-source","status":"passed","title":"g1-update-filter-missing-parent-source","duration":0.9869169999999485,"failureMessages":[],"meta":{}},{"ancestorTitles":["G1 variants and identity: legacy sqlite-interactive"],"fullName":"G1 variants and identity: legacy sqlite-interactive g1-literal-rebind-independent-arithmetic","status":"passed","title":"g1-literal-rebind-independent-arithmetic","duration":1.5391250000000127,"failureMessages":[],"meta":{}},{"ancestorTitles":["G1 variants and identity: legacy sqlite-interactive"],"fullName":"G1 variants and identity: legacy sqlite-interactive g1-captured-decimal-key-handoff","status":"passed","title":"g1-captured-decimal-key-handoff","duration":2.7870829999999387,"failureMessages":[],"meta":{}},{"ancestorTitles":["G1 variants and identity: legacy sqlite-atomic-batch"],"fullName":"G1 variants and identity: legacy sqlite-atomic-batch g1-variant-row-create","status":"passed","title":"g1-variant-row-create","duration":1.9241250000000036,"failureMessages":[],"meta":{}},{"ancestorTitles":["G1 variants and identity: legacy sqlite-atomic-batch"],"fullName":"G1 variants and identity: legacy sqlite-atomic-batch g1-variant-row-connect","status":"passed","title":"g1-variant-row-connect","duration":1.668042000000014,"failureMessages":[],"meta":{}},{"ancestorTitles":["G1 variants and identity: legacy sqlite-atomic-batch"],"fullName":"G1 variants and identity: legacy sqlite-atomic-batch g1-variant-row-coc-found","status":"passed","title":"g1-variant-row-coc-found","duration":1.2592500000000655,"failureMessages":[],"meta":{}},{"ancestorTitles":["G1 variants and identity: legacy sqlite-atomic-batch"],"fullName":"G1 variants and identity: legacy sqlite-atomic-batch g1-variant-row-coc-missing","status":"passed","title":"g1-variant-row-coc-missing","duration":1.364458999999897,"failureMessages":[],"meta":{}},{"ancestorTitles":["G1 variants and identity: legacy sqlite-atomic-batch"],"fullName":"G1 variants and identity: legacy sqlite-atomic-batch g1-variant-row-upsert-found","status":"passed","title":"g1-variant-row-upsert-found","duration":1.3340409999998428,"failureMessages":[],"meta":{}},{"ancestorTitles":["G1 variants and identity: legacy sqlite-atomic-batch"],"fullName":"G1 variants and identity: legacy sqlite-atomic-batch g1-variant-row-upsert-missing","status":"passed","title":"g1-variant-row-upsert-missing","duration":1.6326250000001892,"failureMessages":[],"meta":{}},{"ancestorTitles":["G1 variants and identity: legacy sqlite-atomic-batch"],"fullName":"G1 variants and identity: legacy sqlite-atomic-batch g1-variant-inverse-generated","status":"passed","title":"g1-variant-inverse-generated","duration":1.2528749999999036,"failureMessages":[],"meta":{}},{"ancestorTitles":["G1 variants and identity: legacy sqlite-atomic-batch"],"fullName":"G1 variants and identity: legacy sqlite-atomic-batch g1-variant-inverse-upsert-foreign","status":"passed","title":"g1-variant-inverse-upsert-foreign","duration":1.4774999999999636,"failureMessages":[],"meta":{}},{"ancestorTitles":["G1 variants and identity: legacy sqlite-atomic-batch"],"fullName":"G1 variants and identity: legacy sqlite-atomic-batch g1-variant-junction-mixed-create-connect","status":"passed","title":"g1-variant-junction-mixed-create-connect","duration":2.4441249999999854,"failureMessages":[],"meta":{}},{"ancestorTitles":["G1 variants and identity: legacy sqlite-atomic-batch"],"fullName":"G1 variants and identity: legacy sqlite-atomic-batch g1-variant-junction-coc-mixed","status":"passed","title":"g1-variant-junction-coc-mixed","duration":1.841374999999971,"failureMessages":[],"meta":{}},{"ancestorTitles":["G1 variants and identity: legacy sqlite-atomic-batch"],"fullName":"G1 variants and identity: legacy sqlite-atomic-batch g1-variant-junction-upsert-found","status":"passed","title":"g1-variant-junction-upsert-found","duration":1.9207499999999982,"failureMessages":[],"meta":{}},{"ancestorTitles":["G1 variants and identity: legacy sqlite-atomic-batch"],"fullName":"G1 variants and identity: legacy sqlite-atomic-batch g1-variant-junction-upsert-foreign-create","status":"passed","title":"g1-variant-junction-upsert-foreign-create","duration":1.4430410000002212,"failureMessages":[],"meta":{}},{"ancestorTitles":["G1 variants and identity: legacy sqlite-atomic-batch"],"fullName":"G1 variants and identity: legacy sqlite-atomic-batch g1-variant-junction-upsert-missing","status":"passed","title":"g1-variant-junction-upsert-missing","duration":1.2578329999998914,"failureMessages":[],"meta":{}},{"ancestorTitles":["G1 variants and identity: legacy sqlite-atomic-batch"],"fullName":"G1 variants and identity: legacy sqlite-atomic-batch g1-variant-junction-connect-owned","status":"passed","title":"g1-variant-junction-connect-owned","duration":1.9879170000001523,"failureMessages":[],"meta":{}},{"ancestorTitles":["G1 variants and identity: legacy sqlite-atomic-batch"],"fullName":"G1 variants and identity: legacy sqlite-atomic-batch g1-compound-unique-filter-found","status":"passed","title":"g1-compound-unique-filter-found","duration":0.8269999999999982,"failureMessages":[],"meta":{}},{"ancestorTitles":["G1 variants and identity: legacy sqlite-atomic-batch"],"fullName":"G1 variants and identity: legacy sqlite-atomic-batch g1-compound-unique-filter-missing","status":"passed","title":"g1-compound-unique-filter-missing","duration":0.527458999999908,"failureMessages":[],"meta":{}},{"ancestorTitles":["G1 variants and identity: legacy sqlite-atomic-batch"],"fullName":"G1 variants and identity: legacy sqlite-atomic-batch g1-upsert-filter-created-identity","status":"passed","title":"g1-upsert-filter-created-identity","duration":1.4987499999999727,"failureMessages":[],"meta":{}},{"ancestorTitles":["G1 variants and identity: legacy sqlite-atomic-batch"],"fullName":"G1 variants and identity: legacy sqlite-atomic-batch g1-upsert-filter-unique-conflict","status":"passed","title":"g1-upsert-filter-unique-conflict","duration":2.320791999999983,"failureMessages":[],"meta":{}},{"ancestorTitles":["G1 variants and identity: legacy sqlite-atomic-batch"],"fullName":"G1 variants and identity: legacy sqlite-atomic-batch g1-update-filter-missing-parent-source","status":"passed","title":"g1-update-filter-missing-parent-source","duration":0.8334169999998267,"failureMessages":[],"meta":{}},{"ancestorTitles":["G1 variants and identity: legacy sqlite-atomic-batch"],"fullName":"G1 variants and identity: legacy sqlite-atomic-batch g1-literal-rebind-independent-arithmetic","status":"passed","title":"g1-literal-rebind-independent-arithmetic","duration":0.9352919999998903,"failureMessages":[],"meta":{}},{"ancestorTitles":["G1 variants and identity: legacy sqlite-atomic-batch"],"fullName":"G1 variants and identity: legacy sqlite-atomic-batch g1-captured-decimal-key-handoff","status":"passed","title":"g1-captured-decimal-key-handoff","duration":0.8726669999998649,"failureMessages":[],"meta":{}}],"startTime":1789671607628,"endTime":1789671607697.8726,"status":"passed","message":"","name":"/private/tmp/viborm-rulings/tests/raptor3/expanded/variant-identity-legacy.test.ts"}]}