{"numTotalTestSuites":2,"numPassedTestSuites":2,"numFailedTestSuites":0,"numPendingTestSuites":0,"numTotalTests":5,"numPassedTests":5,"numFailedTests":0,"numPendingTests":0,"numTodoTests":0,"snapshot":{"added":0,"failure":false,"filesAdded":0,"filesRemoved":0,"filesRemovedList":[],"filesUnmatched":0,"filesUpdated":0,"matched":0,"total":0,"unchecked":0,"uncheckedKeysByFile":[],"unmatched":0,"updated":0,"didUpdate":false},"startTime":1789687046156,"success":true,"testResults":[{"assertionResults":[{"ancestorTitles":["G3 scalar bulk result boundaries"],"fullName":"G3 scalar bulk result boundaries returns the admitted empty mode for every update/delete presentation","status":"passed","title":"returns the admitted empty mode for every update/delete presentation","duration":20.468875000000025,"failureMessages":[],"meta":{}},{"ancestorTitles":["G3 scalar bulk result boundaries"],"fullName":"G3 scalar bulk result boundaries packages zero-limit result modes with an empty physical window","status":"passed","title":"packages zero-limit result modes with an empty physical window","duration":2.4797499999999673,"failureMessages":[],"meta":{}},{"ancestorTitles":["G3 scalar bulk result boundaries"],"fullName":"G3 scalar bulk result boundaries keeps non-returning selected update/delete on their captured row sets","status":"passed","title":"keeps non-returning selected update/delete on their captured row sets","duration":5.666834000000108,"failureMessages":[],"meta":{}},{"ancestorTitles":["G3 scalar bulk result boundaries"],"fullName":"G3 scalar bulk result boundaries does not build discarded RETURNING work before fallback or refusal","status":"passed","title":"does not build discarded RETURNING work before fallback or refusal","duration":3.189665999999761,"failureMessages":[],"meta":{}},{"ancestorTitles":["G3 scalar bulk result boundaries"],"fullName":"G3 scalar bulk result boundaries lowers one capped selector only at its aliased mutation boundary","status":"passed","title":"lowers one capped selector only at its aliased mutation boundary","duration":2.199583000000075,"failureMessages":[],"meta":{}}],"startTime":1789687048613,"endTime":1789687048647.1995,"status":"passed","message":"","name":"/private/tmp/viborm-o1/tests/raptor3/g3/bulk-result-boundary.test.ts"}]}