{"numTotalTestSuites":3,"numPassedTestSuites":3,"numFailedTestSuites":0,"numPendingTestSuites":0,"numTotalTests":4,"numPassedTests":4,"numFailedTests":0,"numPendingTests":0,"numTodoTests":0,"snapshot":{"added":0,"failure":false,"filesAdded":0,"filesRemoved":0,"filesRemovedList":[],"filesUnmatched":0,"filesUpdated":0,"matched":0,"total":0,"unchecked":0,"uncheckedKeysByFile":[],"unmatched":0,"updated":0,"didUpdate":false},"startTime":1789346825155,"success":true,"testResults":[{"assertionResults":[{"ancestorTitles":["G2.9 dependency boundaries [commands] (sqlite-interactive)"],"fullName":"G2.9 dependency boundaries [commands] (sqlite-interactive) refuses an actual member lookup that conflicts with an earlier sibling write","status":"passed","title":"refuses an actual member lookup that conflicts with an earlier sibling write","duration":18.39475000000016,"failureMessages":[],"meta":{}},{"ancestorTitles":["G2.9 dependency boundaries [commands] (sqlite-interactive)"],"fullName":"G2.9 dependency boundaries [commands] (sqlite-interactive) admits only the template and preserves a later sibling after an empty capture","status":"passed","title":"admits only the template and preserves a later sibling after an empty capture","duration":3.7394999999999072,"failureMessages":[],"meta":{}},{"ancestorTitles":["G2.9 dependency boundaries [commands] (sqlite-atomic-batch)"],"fullName":"G2.9 dependency boundaries [commands] (sqlite-atomic-batch) refuses an actual member lookup that conflicts with an earlier sibling write","status":"passed","title":"refuses an actual member lookup that conflicts with an earlier sibling write","duration":3.267417000000023,"failureMessages":[],"meta":{}},{"ancestorTitles":["G2.9 dependency boundaries [commands] (sqlite-atomic-batch)"],"fullName":"G2.9 dependency boundaries [commands] (sqlite-atomic-batch) admits only the template and preserves a later sibling after an empty capture","status":"passed","title":"admits only the template and preserves a later sibling after an empty capture","duration":2.5398750000001655,"failureMessages":[],"meta":{}}],"startTime":1789346826561,"endTime":1789346826589.5398,"status":"passed","message":"","name":"/private/tmp/viborm-cs00-candidate.V7lUlt/tests/raptor3/post-prep/g29-dependency-boundaries.test.ts"}]}