{"numTotalTestSuites":3,"numPassedTestSuites":3,"numFailedTestSuites":0,"numPendingTestSuites":0,"numTotalTests":16,"numPassedTests":16,"numFailedTests":0,"numPendingTests":0,"numTodoTests":0,"snapshot":{"added":0,"failure":false,"filesAdded":0,"filesRemoved":0,"filesRemovedList":[],"filesUnmatched":0,"filesUpdated":0,"matched":0,"total":0,"unchecked":0,"uncheckedKeysByFile":[],"unmatched":0,"updated":0,"didUpdate":false},"startTime":1789349413542,"success":true,"testResults":[{"assertionResults":[{"ancestorTitles":["G2 key-transition transport: scripted-returning-weak"],"fullName":"G2 key-transition transport: scripted-returning-weak publishes the final key and reference to the consumer","status":"passed","title":"publishes the final key and reference to the consumer","duration":34.988624999999956,"failureMessages":[],"meta":{}},{"ancestorTitles":["G2 key-transition transport: scripted-returning-weak"],"fullName":"G2 key-transition transport: scripted-returning-weak preserves consumer-rejected and completes a healthy later call","status":"passed","title":"preserves consumer-rejected and completes a healthy later call","duration":23.463333000000148,"failureMessages":[],"meta":{}},{"ancestorTitles":["G2 key-transition transport: scripted-returning-weak"],"fullName":"G2 key-transition transport: scripted-returning-weak preserves consumer-rejected-after-commit and completes a healthy later call","status":"passed","title":"preserves consumer-rejected-after-commit and completes a healthy later call","duration":12.51458300000013,"failureMessages":[],"meta":{}},{"ancestorTitles":["G2 key-transition transport: scripted-returning-weak"],"fullName":"G2 key-transition transport: scripted-returning-weak preserves consumer-malformed and completes a healthy later call","status":"passed","title":"preserves consumer-malformed and completes a healthy later call","duration":12.98458299999993,"failureMessages":[],"meta":{}},{"ancestorTitles":["G2 key-transition transport: scripted-returning-weak"],"fullName":"G2 key-transition transport: scripted-returning-weak queues both selected records and explores both first actors","status":"passed","title":"queues both selected records and explores both first actors","duration":166.715459,"failureMessages":[],"meta":{}},{"ancestorTitles":["G2 key-transition transport: scripted-returning-weak"],"fullName":"G2 key-transition transport: scripted-returning-weak preserves two failed calls and a healthy third call","status":"passed","title":"preserves two failed calls and a healthy third call","duration":17.338541000000077,"failureMessages":[],"meta":{}},{"ancestorTitles":["G2 key-transition transport: scripted-returning-weak"],"fullName":"G2 key-transition transport: scripted-returning-weak rejects and exactly replays wrong-publication","status":"passed","title":"rejects and exactly replays wrong-publication","duration":13.775083999999879,"failureMessages":[],"meta":{}},{"ancestorTitles":["G2 key-transition transport: scripted-returning-weak"],"fullName":"G2 key-transition transport: scripted-returning-weak rejects and exactly replays wrong-attribution","status":"passed","title":"rejects and exactly replays wrong-attribution","duration":13.49804099999983,"failureMessages":[],"meta":{}},{"ancestorTitles":["G2 key-transition transport: scripted-returning-ack"],"fullName":"G2 key-transition transport: scripted-returning-ack publishes the final key and reference to the consumer","status":"passed","title":"publishes the final key and reference to the consumer","duration":6.294750000000022,"failureMessages":[],"meta":{}},{"ancestorTitles":["G2 key-transition transport: scripted-returning-ack"],"fullName":"G2 key-transition transport: scripted-returning-ack preserves consumer-rejected and completes a healthy later call","status":"passed","title":"preserves consumer-rejected and completes a healthy later call","duration":8.915124999999989,"failureMessages":[],"meta":{}},{"ancestorTitles":["G2 key-transition transport: scripted-returning-ack"],"fullName":"G2 key-transition transport: scripted-returning-ack preserves consumer-rejected-after-commit and completes a healthy later call","status":"passed","title":"preserves consumer-rejected-after-commit and completes a healthy later call","duration":14.67120900000009,"failureMessages":[],"meta":{}},{"ancestorTitles":["G2 key-transition transport: scripted-returning-ack"],"fullName":"G2 key-transition transport: scripted-returning-ack preserves consumer-malformed and completes a healthy later call","status":"passed","title":"preserves consumer-malformed and completes a healthy later call","duration":8.88650000000007,"failureMessages":[],"meta":{}},{"ancestorTitles":["G2 key-transition transport: scripted-returning-ack"],"fullName":"G2 key-transition transport: scripted-returning-ack queues both selected records and explores both first actors","status":"passed","title":"queues both selected records and explores both first actors","duration":141.28266600000006,"failureMessages":[],"meta":{}},{"ancestorTitles":["G2 key-transition transport: scripted-returning-ack"],"fullName":"G2 key-transition transport: scripted-returning-ack preserves two failed calls and a healthy third call","status":"passed","title":"preserves two failed calls and a healthy third call","duration":12.902083000000403,"failureMessages":[],"meta":{}},{"ancestorTitles":["G2 key-transition transport: scripted-returning-ack"],"fullName":"G2 key-transition transport: scripted-returning-ack rejects and exactly replays wrong-publication","status":"passed","title":"rejects and exactly replays wrong-publication","duration":8.310958000000028,"failureMessages":[],"meta":{}},{"ancestorTitles":["G2 key-transition transport: scripted-returning-ack"],"fullName":"G2 key-transition transport: scripted-returning-ack rejects and exactly replays wrong-attribution","status":"passed","title":"rejects and exactly replays wrong-attribution","duration":14.216625000000022,"failureMessages":[],"meta":{}}],"startTime":1789349415629,"endTime":1789349416141.2166,"status":"passed","message":"","name":"/private/tmp/viborm-cs00-candidate.V7lUlt/tests/raptor3/g2-transport.test.ts"}]}