{"numTotalTestSuites":2,"numPassedTestSuites":2,"numFailedTestSuites":0,"numPendingTestSuites":0,"numTotalTests":5,"numPassedTests":5,"numFailedTests":0,"numPendingTests":0,"numTodoTests":0,"snapshot":{"added":0,"failure":false,"filesAdded":0,"filesRemoved":0,"filesRemovedList":[],"filesUnmatched":0,"filesUpdated":0,"matched":0,"total":0,"unchecked":0,"uncheckedKeysByFile":[],"unmatched":0,"updated":0,"didUpdate":false},"startTime":1789654440122,"success":true,"testResults":[{"assertionResults":[{"ancestorTitles":["G3 scalar bulk result boundaries"],"fullName":"G3 scalar bulk result boundaries returns the admitted empty mode for every update/delete presentation","status":"passed","title":"returns the admitted empty mode for every update/delete presentation","duration":15.27537499999994,"failureMessages":[],"meta":{}},{"ancestorTitles":["G3 scalar bulk result boundaries"],"fullName":"G3 scalar bulk result boundaries packages zero-limit result modes with an empty physical window","status":"passed","title":"packages zero-limit result modes with an empty physical window","duration":2.6849170000000413,"failureMessages":[],"meta":{}},{"ancestorTitles":["G3 scalar bulk result boundaries"],"fullName":"G3 scalar bulk result boundaries keeps non-returning selected update/delete on their captured row sets","status":"passed","title":"keeps non-returning selected update/delete on their captured row sets","duration":6.414792000000034,"failureMessages":[],"meta":{}},{"ancestorTitles":["G3 scalar bulk result boundaries"],"fullName":"G3 scalar bulk result boundaries does not build discarded RETURNING work before fallback or refusal","status":"passed","title":"does not build discarded RETURNING work before fallback or refusal","duration":2.923915999999963,"failureMessages":[],"meta":{}},{"ancestorTitles":["G3 scalar bulk result boundaries"],"fullName":"G3 scalar bulk result boundaries lowers one capped selector only at its aliased mutation boundary","status":"passed","title":"lowers one capped selector only at its aliased mutation boundary","duration":1.7137500000001182,"failureMessages":[],"meta":{}}],"startTime":1789654441725,"endTime":1789654441753.7139,"status":"passed","message":"","name":"/private/tmp/viborm-parity-merge/tests/raptor3/g3/bulk-result-boundary.test.ts"}]}