{"numTotalTestSuites":1,"numPassedTestSuites":1,"numFailedTestSuites":0,"numPendingTestSuites":0,"numTotalTests":1,"numPassedTests":1,"numFailedTests":0,"numPendingTests":0,"numTodoTests":0,"snapshot":{"added":0,"failure":false,"filesAdded":0,"filesRemoved":0,"filesRemovedList":[],"filesUnmatched":0,"filesUpdated":0,"matched":0,"total":0,"unchecked":0,"uncheckedKeysByFile":[],"unmatched":0,"updated":0,"didUpdate":false},"startTime":1789519307346,"success":true,"testResults":[{"assertionResults":[{"ancestorTitles":[],"fullName":"completes the exact admitted transport seed batch","status":"passed","title":"completes the exact admitted transport seed batch","duration":1260.804583,"failureMessages":[],"meta":{}}],"startTime":1789519312508,"endTime":1789519313768.8047,"status":"passed","message":"","name":"/private/tmp/viborm-g4-lane-6/tests/raptor3/transport-campaign.test.ts"}]}