{"numTotalTestSuites":2,"numPassedTestSuites":2,"numFailedTestSuites":0,"numPendingTestSuites":0,"numTotalTests":4,"numPassedTests":4,"numFailedTests":0,"numPendingTests":0,"numTodoTests":0,"snapshot":{"added":0,"failure":false,"filesAdded":0,"filesRemoved":0,"filesRemovedList":[],"filesUnmatched":0,"filesUpdated":0,"matched":0,"total":0,"unchecked":0,"uncheckedKeysByFile":[],"unmatched":0,"updated":0,"didUpdate":false},"startTime":1789346861291,"success":true,"testResults":[{"assertionResults":[{"ancestorTitles":["post-G3 projection preparation"],"fullName":"post-G3 projection preparation prepares shape without SQL and binds aliases only while lowering","status":"passed","title":"prepares shape without SQL and binds aliases only while lowering","duration":4.3627500000000055,"failureMessages":[],"meta":{}},{"ancestorTitles":["post-G3 projection preparation"],"fullName":"post-G3 projection preparation decodes one prepared mapped decimal, nested, and variant shape freshly","status":"passed","title":"decodes one prepared mapped decimal, nested, and variant shape freshly","duration":0.8981249999999363,"failureMessages":[],"meta":{}},{"ancestorTitles":["post-G3 projection preparation"],"fullName":"post-G3 projection preparation reuses one projection for segmented generated output and its continuation read","status":"passed","title":"reuses one projection for segmented generated output and its continuation read","duration":4.814750000000004,"failureMessages":[],"meta":{}},{"ancestorTitles":["post-G3 projection preparation"],"fullName":"post-G3 projection preparation reuses one projection for a non-returning update and its stored-row read","status":"passed","title":"reuses one projection for a non-returning update and its stored-row read","duration":1.0599170000000413,"failureMessages":[],"meta":{}}],"startTime":1789346862426,"endTime":1789346862437.0598,"status":"passed","message":"","name":"/private/tmp/viborm-cs00-candidate.V7lUlt/tests/raptor3/post-prep/projection-preparation.test.ts"}]}