{"numTotalTestSuites":4,"numPassedTestSuites":4,"numFailedTestSuites":0,"numPendingTestSuites":0,"numTotalTests":10,"numPassedTests":10,"numFailedTests":0,"numPendingTests":0,"numTodoTests":0,"snapshot":{"added":0,"failure":false,"filesAdded":0,"filesRemoved":0,"filesRemovedList":[],"filesUnmatched":0,"filesUpdated":0,"matched":0,"total":0,"unchecked":0,"uncheckedKeysByFile":[],"unmatched":0,"updated":0,"didUpdate":false},"startTime":1789649863909,"success":true,"testResults":[{"assertionResults":[{"ancestorTitles":["CS-01 member-major/read-major priority (sqlite-interactive)"],"fullName":"CS-01 member-major/read-major priority (sqlite-interactive) chooses member zero's later guard-observed active-arm conflict before member one's earlier read","status":"passed","title":"chooses member zero's later guard-observed active-arm conflict before member one's earlier read","duration":46.189750000000004,"failureMessages":[],"meta":{}},{"ancestorTitles":["CS-01 member-major/read-major priority (sqlite-interactive)"],"fullName":"CS-01 member-major/read-major priority (sqlite-interactive) reobserves the guard-observed absence, ignores that untaken arm, and reports member one's earlier read","status":"passed","title":"reobserves the guard-observed absence, ignores that untaken arm, and reports member one's earlier read","duration":12.55212500000016,"failureMessages":[],"meta":{}},{"ancestorTitles":["CS-01 member-major/read-major priority (sqlite-atomic-batch)"],"fullName":"CS-01 member-major/read-major priority (sqlite-atomic-batch) chooses member zero's later guard-observed active-arm conflict before member one's earlier read","status":"passed","title":"chooses member zero's later guard-observed active-arm conflict before member one's earlier read","duration":15.909374999999727,"failureMessages":[],"meta":{}},{"ancestorTitles":["CS-01 member-major/read-major priority (sqlite-atomic-batch)"],"fullName":"CS-01 member-major/read-major priority (sqlite-atomic-batch) reobserves the guard-observed absence, ignores that untaken arm, and reports member one's earlier read","status":"passed","title":"reobserves the guard-observed absence, ignores that untaken arm, and reports member one's earlier read","duration":8.253499999999804,"failureMessages":[],"meta":{}},{"ancestorTitles":["CS-01 Selection observation identity versus occurrence identity"],"fullName":"CS-01 Selection observation identity versus occurrence identity observes one present Selection once across two ordered placements","status":"passed","title":"observes one present Selection once across two ordered placements","duration":0.9383339999999407,"failureMessages":[],"meta":{}},{"ancestorTitles":["CS-01 Selection observation identity versus occurrence identity"],"fullName":"CS-01 Selection observation identity versus occurrence identity reobserves an absent Selection at its later placement after a producer","status":"passed","title":"reobserves an absent Selection at its later placement after a producer","duration":3.0523749999997563,"failureMessages":[],"meta":{}},{"ancestorTitles":[],"fullName":"CS-01 reconciles the whole body before authoritative contribution publication: agree-partial","status":"passed","title":"CS-01 reconciles the whole body before authoritative contribution publication: agree-partial","duration":2.0639169999999467,"failureMessages":[],"meta":{}},{"ancestorTitles":[],"fullName":"CS-01 reconciles the whole body before authoritative contribution publication: agree-complete","status":"passed","title":"CS-01 reconciles the whole body before authoritative contribution publication: agree-complete","duration":1.4722500000002583,"failureMessages":[],"meta":{}},{"ancestorTitles":[],"fullName":"CS-01 reconciles the whole body before authoritative contribution publication: agree-reordered","status":"passed","title":"CS-01 reconciles the whole body before authoritative contribution publication: agree-reordered","duration":0.9884170000000267,"failureMessages":[],"meta":{}},{"ancestorTitles":[],"fullName":"CS-01 reconciles the whole body before authoritative contribution publication: conflict","status":"passed","title":"CS-01 reconciles the whole body before authoritative contribution publication: conflict","duration":4.182875000000422,"failureMessages":[],"meta":{}}],"startTime":1789649867747,"endTime":1789649867842.1829,"status":"passed","message":"","name":"/private/tmp/viborm-parity-merge/tests/raptor3/core-structure/structural-reference.test.ts"}]}