{"numTotalTestSuites":1,"numPassedTestSuites":1,"numFailedTestSuites":0,"numPendingTestSuites":0,"numTotalTests":1,"numPassedTests":1,"numFailedTests":0,"numPendingTests":0,"numTodoTests":0,"snapshot":{"added":0,"failure":false,"filesAdded":0,"filesRemoved":0,"filesRemovedList":[],"filesUnmatched":0,"filesUpdated":0,"matched":0,"total":0,"unchecked":0,"uncheckedKeysByFile":[],"unmatched":0,"updated":0,"didUpdate":false},"startTime":1789407453391,"success":true,"testResults":[{"assertionResults":[{"ancestorTitles":[],"fullName":"executes one complete G3 SQLite seed batch","status":"passed","title":"executes one complete G3 SQLite seed batch","duration":2812.148709,"failureMessages":[],"meta":{}}],"startTime":1789407454884,"endTime":1789407457696.1487,"status":"passed","message":"","name":"/Users/arnaud/code/viborm/tests/raptor3/g3/generation/sqlite-campaign.test.ts"}]}