{"numTotalTestSuites":4,"numPassedTestSuites":4,"numFailedTestSuites":0,"numPendingTestSuites":0,"numTotalTests":12,"numPassedTests":12,"numFailedTests":0,"numPendingTests":0,"numTodoTests":0,"snapshot":{"added":0,"failure":false,"filesAdded":0,"filesRemoved":0,"filesRemovedList":[],"filesUnmatched":0,"filesUpdated":0,"matched":0,"total":0,"unchecked":0,"uncheckedKeysByFile":[],"unmatched":0,"updated":0,"didUpdate":false},"startTime":1789671759822,"success":true,"testResults":[{"assertionResults":[{"ancestorTitles":["G4 C12 scalar and list codec read crossings"],"fullName":"G4 C12 scalar and list codec read crossings pins the physical spelling the codec witnesses read back","status":"passed","title":"pins the physical spelling the codec witnesses read back","duration":26.12887499999988,"failureMessages":[],"meta":{}},{"ancestorTitles":["G4 C12 scalar and list codec read crossings"],"fullName":"G4 C12 scalar and list codec read crossings SC-01…SC-12, SL-01…SL-10 round-trip exactly through findUnique","status":"passed","title":"SC-01…SC-12, SL-01…SL-10 round-trip exactly through findUnique","duration":10.600666000000047,"failureMessages":[],"meta":{}},{"ancestorTitles":["G4 C12 scalar and list codec read crossings"],"fullName":"G4 C12 scalar and list codec read crossings SC-06 and SL-06 keep the exact decimal domain and fresh public values","status":"passed","title":"SC-06 and SL-06 keep the exact decimal domain and fresh public values","duration":6.327207999999928,"failureMessages":[],"meta":{}},{"ancestorTitles":["G4 C12 scalar and list codec read crossings"],"fullName":"G4 C12 scalar and list codec read crossings SC-11 keeps the database NULL and the JSON null sentinels distinct","status":"passed","title":"SC-11 keeps the database NULL and the JSON null sentinels distinct","duration":7.2687499999999545,"failureMessages":[],"meta":{}},{"ancestorTitles":["G4 C12 scalar and list codec read crossings"],"fullName":"G4 C12 scalar and list codec read crossings SC-12 publishes a fresh Uint8Array per read","status":"passed","title":"SC-12 publishes a fresh Uint8Array per read","duration":4.8132080000000315,"failureMessages":[],"meta":{}},{"ancestorTitles":["G4 C12 scalar and list codec read crossings"],"fullName":"G4 C12 scalar and list codec read crossings SL-01…SL-05 and SL-07…SL-10 answer the list container predicates","status":"passed","title":"SL-01…SL-05 and SL-07…SL-10 answer the list container predicates","duration":5.4197499999997945,"failureMessages":[],"meta":{}},{"ancestorTitles":["G4 C12 scalar and list codec read crossings"],"fullName":"G4 C12 scalar and list codec read crossings SL-06 refuses decimal-list ordering and value aggregation (RF-05)","status":"passed","title":"SL-06 refuses decimal-list ordering and value aggregation (RF-05)","duration":6.854333000000224,"failureMessages":[],"meta":{}},{"ancestorTitles":["G4 C12 scalar and list codec read crossings"],"fullName":"G4 C12 scalar and list codec read crossings Q-R01 refuses a malformed provider row at the decode boundary","status":"passed","title":"Q-R01 refuses a malformed provider row at the decode boundary","duration":7.050291999999899,"failureMessages":[],"meta":{}},{"ancestorTitles":["G4 C12 spatial codec read crossings (SC-13, SC-14)"],"fullName":"G4 C12 spatial codec read crossings (SC-13, SC-14) pins the physical spelling of a point column","status":"passed","title":"pins the physical spelling of a point column","duration":2.6829999999999927,"failureMessages":[],"meta":{}},{"ancestorTitles":["G4 C12 spatial codec read crossings (SC-13, SC-14)"],"fullName":"G4 C12 spatial codec read crossings (SC-13, SC-14) SC-14 round-trips an exact EPSG:4326 point and answers within","status":"passed","title":"SC-14 round-trips an exact EPSG:4326 point and answers within","duration":3.0013749999998254,"failureMessages":[],"meta":{}},{"ancestorTitles":["G4 C12 spatial codec read crossings (SC-13, SC-14)"],"fullName":"G4 C12 spatial codec read crossings (SC-13, SC-14) Q-W07 refuses the metre-distance tier identically without provider support","status":"passed","title":"Q-W07 refuses the metre-distance tier identically without provider support","duration":2.0942089999998643,"failureMessages":[],"meta":{}},{"ancestorTitles":["G4 C12 vector capability boundary (SC-13)"],"fullName":"G4 C12 vector capability boundary (SC-13) SC-13 refuses a vector write identically and decodes a stored vector","status":"passed","title":"SC-13 refuses a vector write identically and decodes a stored vector","duration":2.7674160000001393,"failureMessages":[],"meta":{}}],"startTime":1789671761852,"endTime":1789671761937.7673,"status":"passed","message":"","name":"/private/tmp/viborm-rulings/tests/raptor3/g4/read-codecs.test.ts"}]}